Building DAG of jobs...
Using shell: /usr/bin/bash
Provided cores: 8
Rules claiming more threads will be scaled down.
Job counts:
	count	jobs
	14	adjust
	1	all
	23	conversion
	14	correct
	14	diagnostic
	14	mergeprotocol
	14	normalize
	94

[Wed Aug 12 12:46:14 2020]
rule conversion:
    input: /work2/genphyse/dynagen/jmartin/polledHiC/work/trio1.offspring.Dovetail/hic_results/matrix/raw/trio1.offspring.run2.Dovetail_GCCAAT-AH5HWKBBXY_L001_50000.matrix, /work2/genphyse/dynagen/jmartin/polledHiC/work/trio1.offspring.Dovetail/hic_results/matrix/raw/trio1.offspring.run2.Dovetail_GCCAAT-AH5HWKBBXY_L001_50000_abs.bed
    output: hdf5/trio1.offspring/Dovetail/trio1.offspring.run2.Dovetail_GCCAAT-AH5HWKBBXY_L001_50000.h5
    jobid: 85
    wildcards: sample=trio1.offspring, protocol=Dovetail, run=trio1.offspring.run2.Dovetail_GCCAAT-AH5HWKBBXY_L001, resolution=50000

hicConvertFormat --matrices /work2/genphyse/dynagen/jmartin/polledHiC/work/trio1.offspring.Dovetail/hic_results/matrix/raw/trio1.offspring.run2.Dovetail_GCCAAT-AH5HWKBBXY_L001_50000.matrix --bedFileHicpro /work2/genphyse/dynagen/jmartin/polledHiC/work/trio1.offspring.Dovetail/hic_results/matrix/raw/trio1.offspring.run2.Dovetail_GCCAAT-AH5HWKBBXY_L001_50000_abs.bed --outFileName hdf5/trio1.offspring/Dovetail/trio1.offspring.run2.Dovetail_GCCAAT-AH5HWKBBXY_L001_50000.h5 --outputFormat h5 --inputFormat hicpro

[Wed Aug 12 12:46:14 2020]
rule conversion:
    input: /work2/genphyse/dynagen/jmartin/polledHiC/work/trio1.offspring.Dovetail/hic_results/matrix/raw/trio1.offspring.run2.Dovetail_GCCAAT-AH5HWKBBXY_L001_200000.matrix, /work2/genphyse/dynagen/jmartin/polledHiC/work/trio1.offspring.Dovetail/hic_results/matrix/raw/trio1.offspring.run2.Dovetail_GCCAAT-AH5HWKBBXY_L001_200000_abs.bed
    output: hdf5/trio1.offspring/Dovetail/trio1.offspring.run2.Dovetail_GCCAAT-AH5HWKBBXY_L001_200000.h5
    jobid: 83
    wildcards: sample=trio1.offspring, protocol=Dovetail, run=trio1.offspring.run2.Dovetail_GCCAAT-AH5HWKBBXY_L001, resolution=200000

hicConvertFormat --matrices /work2/genphyse/dynagen/jmartin/polledHiC/work/trio1.offspring.Dovetail/hic_results/matrix/raw/trio1.offspring.run2.Dovetail_GCCAAT-AH5HWKBBXY_L001_200000.matrix --bedFileHicpro /work2/genphyse/dynagen/jmartin/polledHiC/work/trio1.offspring.Dovetail/hic_results/matrix/raw/trio1.offspring.run2.Dovetail_GCCAAT-AH5HWKBBXY_L001_200000_abs.bed --outFileName hdf5/trio1.offspring/Dovetail/trio1.offspring.run2.Dovetail_GCCAAT-AH5HWKBBXY_L001_200000.h5 --outputFormat h5 --inputFormat hicpro

[Wed Aug 12 12:46:14 2020]
rule conversion:
    input: /work2/genphyse/dynagen/jmartin/polledHiC/work/trio1.father.Maison/hic_results/matrix/raw/trio1.father.run1.Maison_GACCTGAA-TTGGTGAG-AHGK7YDRXX_L002_200000.matrix, /work2/genphyse/dynagen/jmartin/polledHiC/work/trio1.father.Maison/hic_results/matrix/raw/trio1.father.run1.Maison_GACCTGAA-TTGGTGAG-AHGK7YDRXX_L002_200000_abs.bed
    output: hdf5/trio1.father/Maison/trio1.father.run1.Maison_GACCTGAA-TTGGTGAG-AHGK7YDRXX_L002_200000.h5
    jobid: 87
    wildcards: sample=trio1.father, protocol=Maison, run=trio1.father.run1.Maison_GACCTGAA-TTGGTGAG-AHGK7YDRXX_L002, resolution=200000

hicConvertFormat --matrices /work2/genphyse/dynagen/jmartin/polledHiC/work/trio1.father.Maison/hic_results/matrix/raw/trio1.father.run1.Maison_GACCTGAA-TTGGTGAG-AHGK7YDRXX_L002_200000.matrix --bedFileHicpro /work2/genphyse/dynagen/jmartin/polledHiC/work/trio1.father.Maison/hic_results/matrix/raw/trio1.father.run1.Maison_GACCTGAA-TTGGTGAG-AHGK7YDRXX_L002_200000_abs.bed --outFileName hdf5/trio1.father/Maison/trio1.father.run1.Maison_GACCTGAA-TTGGTGAG-AHGK7YDRXX_L002_200000.h5 --outputFormat h5 --inputFormat hicpro

[Wed Aug 12 12:46:14 2020]
rule conversion:
    input: /work2/genphyse/dynagen/jmartin/polledHiC/work/trio1.father.Maison/hic_results/matrix/raw/trio1.father.run1.Maison_GACCTGAA-TTGGTGAG-AHGK7YDRXX_L002_50000.matrix, /work2/genphyse/dynagen/jmartin/polledHiC/work/trio1.father.Maison/hic_results/matrix/raw/trio1.father.run1.Maison_GACCTGAA-TTGGTGAG-AHGK7YDRXX_L002_50000_abs.bed
    output: hdf5/trio1.father/Maison/trio1.father.run1.Maison_GACCTGAA-TTGGTGAG-AHGK7YDRXX_L002_50000.h5
    jobid: 88
    wildcards: sample=trio1.father, protocol=Maison, run=trio1.father.run1.Maison_GACCTGAA-TTGGTGAG-AHGK7YDRXX_L002, resolution=50000

hicConvertFormat --matrices /work2/genphyse/dynagen/jmartin/polledHiC/work/trio1.father.Maison/hic_results/matrix/raw/trio1.father.run1.Maison_GACCTGAA-TTGGTGAG-AHGK7YDRXX_L002_50000.matrix --bedFileHicpro /work2/genphyse/dynagen/jmartin/polledHiC/work/trio1.father.Maison/hic_results/matrix/raw/trio1.father.run1.Maison_GACCTGAA-TTGGTGAG-AHGK7YDRXX_L002_50000_abs.bed --outFileName hdf5/trio1.father/Maison/trio1.father.run1.Maison_GACCTGAA-TTGGTGAG-AHGK7YDRXX_L002_50000.h5 --outputFormat h5 --inputFormat hicpro

[Wed Aug 12 12:46:14 2020]
rule conversion:
    input: /work2/genphyse/dynagen/jmartin/polledHiC/work/trio1.offspring.Maison-plus/hic_results/matrix/raw/trio1.offspring.run2.Maison-plus_GACGTC-AH5HWKBBXY_L001_50000.matrix, /work2/genphyse/dynagen/jmartin/polledHiC/work/trio1.offspring.Maison-plus/hic_results/matrix/raw/trio1.offspring.run2.Maison-plus_GACGTC-AH5HWKBBXY_L001_50000_abs.bed
    output: hdf5/trio1.offspring/Maison-plus/trio1.offspring.run2.Maison-plus_GACGTC-AH5HWKBBXY_L001_50000.h5
    jobid: 78
    wildcards: sample=trio1.offspring, protocol=Maison-plus, run=trio1.offspring.run2.Maison-plus_GACGTC-AH5HWKBBXY_L001, resolution=50000

hicConvertFormat --matrices /work2/genphyse/dynagen/jmartin/polledHiC/work/trio1.offspring.Maison-plus/hic_results/matrix/raw/trio1.offspring.run2.Maison-plus_GACGTC-AH5HWKBBXY_L001_50000.matrix --bedFileHicpro /work2/genphyse/dynagen/jmartin/polledHiC/work/trio1.offspring.Maison-plus/hic_results/matrix/raw/trio1.offspring.run2.Maison-plus_GACGTC-AH5HWKBBXY_L001_50000_abs.bed --outFileName hdf5/trio1.offspring/Maison-plus/trio1.offspring.run2.Maison-plus_GACGTC-AH5HWKBBXY_L001_50000.h5 --outputFormat h5 --inputFormat hicpro

[Wed Aug 12 12:46:14 2020]
rule conversion:
    input: /work2/genphyse/dynagen/jmartin/polledHiC/work/trio1.offspring.Maison-plus/hic_results/matrix/raw/trio1.offspring.run2.Maison-plus_GACGTC-AH5HWKBBXY_L001_200000.matrix, /work2/genphyse/dynagen/jmartin/polledHiC/work/trio1.offspring.Maison-plus/hic_results/matrix/raw/trio1.offspring.run2.Maison-plus_GACGTC-AH5HWKBBXY_L001_200000_abs.bed
    output: hdf5/trio1.offspring/Maison-plus/trio1.offspring.run2.Maison-plus_GACGTC-AH5HWKBBXY_L001_200000.h5
    jobid: 75
    wildcards: sample=trio1.offspring, protocol=Maison-plus, run=trio1.offspring.run2.Maison-plus_GACGTC-AH5HWKBBXY_L001, resolution=200000

hicConvertFormat --matrices /work2/genphyse/dynagen/jmartin/polledHiC/work/trio1.offspring.Maison-plus/hic_results/matrix/raw/trio1.offspring.run2.Maison-plus_GACGTC-AH5HWKBBXY_L001_200000.matrix --bedFileHicpro /work2/genphyse/dynagen/jmartin/polledHiC/work/trio1.offspring.Maison-plus/hic_results/matrix/raw/trio1.offspring.run2.Maison-plus_GACGTC-AH5HWKBBXY_L001_200000_abs.bed --outFileName hdf5/trio1.offspring/Maison-plus/trio1.offspring.run2.Maison-plus_GACGTC-AH5HWKBBXY_L001_200000.h5 --outputFormat h5 --inputFormat hicpro

[Wed Aug 12 12:46:14 2020]
rule conversion:
    input: /work2/genphyse/dynagen/jmartin/polledHiC/work/trio1.offspring.Maison-plus/hic_results/matrix/raw/trio1.offspring.run3.Maison-plus_GACGTCTT-GGTTCACC-AHGK7YDRXX_L002_200000.matrix, /work2/genphyse/dynagen/jmartin/polledHiC/work/trio1.offspring.Maison-plus/hic_results/matrix/raw/trio1.offspring.run3.Maison-plus_GACGTCTT-GGTTCACC-AHGK7YDRXX_L002_200000_abs.bed
    output: hdf5/trio1.offspring/Maison-plus/trio1.offspring.run3.Maison-plus_GACGTCTT-GGTTCACC-AHGK7YDRXX_L002_200000.h5
    jobid: 73
    wildcards: sample=trio1.offspring, protocol=Maison-plus, run=trio1.offspring.run3.Maison-plus_GACGTCTT-GGTTCACC-AHGK7YDRXX_L002, resolution=200000

hicConvertFormat --matrices /work2/genphyse/dynagen/jmartin/polledHiC/work/trio1.offspring.Maison-plus/hic_results/matrix/raw/trio1.offspring.run3.Maison-plus_GACGTCTT-GGTTCACC-AHGK7YDRXX_L002_200000.matrix --bedFileHicpro /work2/genphyse/dynagen/jmartin/polledHiC/work/trio1.offspring.Maison-plus/hic_results/matrix/raw/trio1.offspring.run3.Maison-plus_GACGTCTT-GGTTCACC-AHGK7YDRXX_L002_200000_abs.bed --outFileName hdf5/trio1.offspring/Maison-plus/trio1.offspring.run3.Maison-plus_GACGTCTT-GGTTCACC-AHGK7YDRXX_L002_200000.h5 --outputFormat h5 --inputFormat hicpro

[Wed Aug 12 12:46:14 2020]
rule conversion:
    input: /work2/genphyse/dynagen/jmartin/polledHiC/work/trio1.offspring.Arima/hic_results/matrix/raw/trio1.offspring.run2.Arima_CTTGTA-AH5HWKBBXY_L001_50000.matrix, /work2/genphyse/dynagen/jmartin/polledHiC/work/trio1.offspring.Arima/hic_results/matrix/raw/trio1.offspring.run2.Arima_CTTGTA-AH5HWKBBXY_L001_50000_abs.bed
    output: hdf5/trio1.offspring/Arima/trio1.offspring.run2.Arima_CTTGTA-AH5HWKBBXY_L001_50000.h5
    jobid: 82
    wildcards: sample=trio1.offspring, protocol=Arima, run=trio1.offspring.run2.Arima_CTTGTA-AH5HWKBBXY_L001, resolution=50000

hicConvertFormat --matrices /work2/genphyse/dynagen/jmartin/polledHiC/work/trio1.offspring.Arima/hic_results/matrix/raw/trio1.offspring.run2.Arima_CTTGTA-AH5HWKBBXY_L001_50000.matrix --bedFileHicpro /work2/genphyse/dynagen/jmartin/polledHiC/work/trio1.offspring.Arima/hic_results/matrix/raw/trio1.offspring.run2.Arima_CTTGTA-AH5HWKBBXY_L001_50000_abs.bed --outFileName hdf5/trio1.offspring/Arima/trio1.offspring.run2.Arima_CTTGTA-AH5HWKBBXY_L001_50000.h5 --outputFormat h5 --inputFormat hicpro
[Wed Aug 12 12:47:14 2020]
Finished job 82.
1 of 94 steps (1%) done

[Wed Aug 12 12:47:14 2020]
rule conversion:
    input: /work2/genphyse/dynagen/jmartin/polledHiC/work/trio1.father.Arima/hic_results/matrix/raw/trio1.father.run2.Arima_GTCCGC-AHGVJ2DRXX_L002_50000.matrix, /work2/genphyse/dynagen/jmartin/polledHiC/work/trio1.father.Arima/hic_results/matrix/raw/trio1.father.run2.Arima_GTCCGC-AHGVJ2DRXX_L002_50000_abs.bed
    output: hdf5/trio1.father/Arima/trio1.father.run2.Arima_GTCCGC-AHGVJ2DRXX_L002_50000.h5
    jobid: 92
    wildcards: sample=trio1.father, protocol=Arima, run=trio1.father.run2.Arima_GTCCGC-AHGVJ2DRXX_L002, resolution=50000

hicConvertFormat --matrices /work2/genphyse/dynagen/jmartin/polledHiC/work/trio1.father.Arima/hic_results/matrix/raw/trio1.father.run2.Arima_GTCCGC-AHGVJ2DRXX_L002_50000.matrix --bedFileHicpro /work2/genphyse/dynagen/jmartin/polledHiC/work/trio1.father.Arima/hic_results/matrix/raw/trio1.father.run2.Arima_GTCCGC-AHGVJ2DRXX_L002_50000_abs.bed --outFileName hdf5/trio1.father/Arima/trio1.father.run2.Arima_GTCCGC-AHGVJ2DRXX_L002_50000.h5 --outputFormat h5 --inputFormat hicpro
[Wed Aug 12 12:47:14 2020]
Finished job 83.
2 of 94 steps (2%) done

[Wed Aug 12 12:47:14 2020]
rule conversion:
    input: /work2/genphyse/dynagen/jmartin/polledHiC/work/trio1.father.Arima/hic_results/matrix/raw/trio1.father.run1.Arima_GTCCGC-AHGYLVDRXX_L002_50000.matrix, /work2/genphyse/dynagen/jmartin/polledHiC/work/trio1.father.Arima/hic_results/matrix/raw/trio1.father.run1.Arima_GTCCGC-AHGYLVDRXX_L002_50000_abs.bed
    output: hdf5/trio1.father/Arima/trio1.father.run1.Arima_GTCCGC-AHGYLVDRXX_L002_50000.h5
    jobid: 91
    wildcards: sample=trio1.father, protocol=Arima, run=trio1.father.run1.Arima_GTCCGC-AHGYLVDRXX_L002, resolution=50000

hicConvertFormat --matrices /work2/genphyse/dynagen/jmartin/polledHiC/work/trio1.father.Arima/hic_results/matrix/raw/trio1.father.run1.Arima_GTCCGC-AHGYLVDRXX_L002_50000.matrix --bedFileHicpro /work2/genphyse/dynagen/jmartin/polledHiC/work/trio1.father.Arima/hic_results/matrix/raw/trio1.father.run1.Arima_GTCCGC-AHGYLVDRXX_L002_50000_abs.bed --outFileName hdf5/trio1.father/Arima/trio1.father.run1.Arima_GTCCGC-AHGYLVDRXX_L002_50000.h5 --outputFormat h5 --inputFormat hicpro
[Wed Aug 12 12:47:15 2020]
Finished job 75.
3 of 94 steps (3%) done

[Wed Aug 12 12:47:15 2020]
rule conversion:
    input: /work2/genphyse/dynagen/jmartin/polledHiC/work/trio1.offspring.Arima/hic_results/matrix/raw/trio1.offspring.run2.Arima_CTTGTA-AH5HWKBBXY_L001_200000.matrix, /work2/genphyse/dynagen/jmartin/polledHiC/work/trio1.offspring.Arima/hic_results/matrix/raw/trio1.offspring.run2.Arima_CTTGTA-AH5HWKBBXY_L001_200000_abs.bed
    output: hdf5/trio1.offspring/Arima/trio1.offspring.run2.Arima_CTTGTA-AH5HWKBBXY_L001_200000.h5
    jobid: 80
    wildcards: sample=trio1.offspring, protocol=Arima, run=trio1.offspring.run2.Arima_CTTGTA-AH5HWKBBXY_L001, resolution=200000

hicConvertFormat --matrices /work2/genphyse/dynagen/jmartin/polledHiC/work/trio1.offspring.Arima/hic_results/matrix/raw/trio1.offspring.run2.Arima_CTTGTA-AH5HWKBBXY_L001_200000.matrix --bedFileHicpro /work2/genphyse/dynagen/jmartin/polledHiC/work/trio1.offspring.Arima/hic_results/matrix/raw/trio1.offspring.run2.Arima_CTTGTA-AH5HWKBBXY_L001_200000_abs.bed --outFileName hdf5/trio1.offspring/Arima/trio1.offspring.run2.Arima_CTTGTA-AH5HWKBBXY_L001_200000.h5 --outputFormat h5 --inputFormat hicpro
[Wed Aug 12 12:47:31 2020]
Finished job 87.
4 of 94 steps (4%) done

[Wed Aug 12 12:47:31 2020]
rule conversion:
    input: /work2/genphyse/dynagen/jmartin/polledHiC/work/trio1.father.Arima/hic_results/matrix/raw/trio1.father.run2.Arima_GTCCGC-AHGVJ2DRXX_L002_200000.matrix, /work2/genphyse/dynagen/jmartin/polledHiC/work/trio1.father.Arima/hic_results/matrix/raw/trio1.father.run2.Arima_GTCCGC-AHGVJ2DRXX_L002_200000_abs.bed
    output: hdf5/trio1.father/Arima/trio1.father.run2.Arima_GTCCGC-AHGVJ2DRXX_L002_200000.h5
    jobid: 90
    wildcards: sample=trio1.father, protocol=Arima, run=trio1.father.run2.Arima_GTCCGC-AHGVJ2DRXX_L002, resolution=200000

hicConvertFormat --matrices /work2/genphyse/dynagen/jmartin/polledHiC/work/trio1.father.Arima/hic_results/matrix/raw/trio1.father.run2.Arima_GTCCGC-AHGVJ2DRXX_L002_200000.matrix --bedFileHicpro /work2/genphyse/dynagen/jmartin/polledHiC/work/trio1.father.Arima/hic_results/matrix/raw/trio1.father.run2.Arima_GTCCGC-AHGVJ2DRXX_L002_200000_abs.bed --outFileName hdf5/trio1.father/Arima/trio1.father.run2.Arima_GTCCGC-AHGVJ2DRXX_L002_200000.h5 --outputFormat h5 --inputFormat hicpro
[Wed Aug 12 12:47:46 2020]
Finished job 85.
5 of 94 steps (5%) done

[Wed Aug 12 12:47:46 2020]
rule conversion:
    input: /work2/genphyse/dynagen/jmartin/polledHiC/work/trio1.father.Arima/hic_results/matrix/raw/trio1.father.run1.Arima_GTCCGC-AHGYLVDRXX_L002_200000.matrix, /work2/genphyse/dynagen/jmartin/polledHiC/work/trio1.father.Arima/hic_results/matrix/raw/trio1.father.run1.Arima_GTCCGC-AHGYLVDRXX_L002_200000_abs.bed
    output: hdf5/trio1.father/Arima/trio1.father.run1.Arima_GTCCGC-AHGYLVDRXX_L002_200000.h5
    jobid: 89
    wildcards: sample=trio1.father, protocol=Arima, run=trio1.father.run1.Arima_GTCCGC-AHGYLVDRXX_L002, resolution=200000

hicConvertFormat --matrices /work2/genphyse/dynagen/jmartin/polledHiC/work/trio1.father.Arima/hic_results/matrix/raw/trio1.father.run1.Arima_GTCCGC-AHGYLVDRXX_L002_200000.matrix --bedFileHicpro /work2/genphyse/dynagen/jmartin/polledHiC/work/trio1.father.Arima/hic_results/matrix/raw/trio1.father.run1.Arima_GTCCGC-AHGYLVDRXX_L002_200000_abs.bed --outFileName hdf5/trio1.father/Arima/trio1.father.run1.Arima_GTCCGC-AHGYLVDRXX_L002_200000.h5 --outputFormat h5 --inputFormat hicpro
[Wed Aug 12 12:47:50 2020]
Finished job 80.
6 of 94 steps (6%) done

[Wed Aug 12 12:47:50 2020]
rule mergeprotocol:
    input: hdf5/trio1.father/Maison/trio1.father.run1.Maison_GACCTGAA-TTGGTGAG-AHGK7YDRXX_L002_200000.h5
    output: trio1.father/Maison/200000/matrix.h5
    jobid: 65
    wildcards: sample=trio1.father, protocol=Maison, resolution=200000

hicSumMatrices --matrices  hdf5/trio1.father/Maison/trio1.father.run1.Maison_GACCTGAA-TTGGTGAG-AHGK7YDRXX_L002_200000.h5 --outFileName trio1.father/Maison/200000/matrix.h5
[Wed Aug 12 12:47:53 2020]
Finished job 91.
7 of 94 steps (7%) done

[Wed Aug 12 12:47:53 2020]
rule conversion:
    input: /work2/genphyse/dynagen/jmartin/polledHiC/work/trio1.father.Dovetail/hic_results/matrix/raw/trio1.father.run1.Dovetail_CGGACAAC-TCCGGATT-CG82N_L001_50000.matrix, /work2/genphyse/dynagen/jmartin/polledHiC/work/trio1.father.Dovetail/hic_results/matrix/raw/trio1.father.run1.Dovetail_CGGACAAC-TCCGGATT-CG82N_L001_50000_abs.bed
    output: hdf5/trio1.father/Dovetail/trio1.father.run1.Dovetail_CGGACAAC-TCCGGATT-CG82N_L001_50000.h5
    jobid: 94
    wildcards: sample=trio1.father, protocol=Dovetail, run=trio1.father.run1.Dovetail_CGGACAAC-TCCGGATT-CG82N_L001, resolution=50000

hicConvertFormat --matrices /work2/genphyse/dynagen/jmartin/polledHiC/work/trio1.father.Dovetail/hic_results/matrix/raw/trio1.father.run1.Dovetail_CGGACAAC-TCCGGATT-CG82N_L001_50000.matrix --bedFileHicpro /work2/genphyse/dynagen/jmartin/polledHiC/work/trio1.father.Dovetail/hic_results/matrix/raw/trio1.father.run1.Dovetail_CGGACAAC-TCCGGATT-CG82N_L001_50000_abs.bed --outFileName hdf5/trio1.father/Dovetail/trio1.father.run1.Dovetail_CGGACAAC-TCCGGATT-CG82N_L001_50000.h5 --outputFormat h5 --inputFormat hicpro
[Wed Aug 12 12:47:54 2020]
Finished job 78.
8 of 94 steps (9%) done

[Wed Aug 12 12:47:54 2020]
rule conversion:
    input: /work2/genphyse/dynagen/jmartin/polledHiC/work/trio1.father.Dovetail/hic_results/matrix/raw/trio1.father.run1.Dovetail_CGGACAAC-TCCGGATT-CG82N_L001_200000.matrix, /work2/genphyse/dynagen/jmartin/polledHiC/work/trio1.father.Dovetail/hic_results/matrix/raw/trio1.father.run1.Dovetail_CGGACAAC-TCCGGATT-CG82N_L001_200000_abs.bed
    output: hdf5/trio1.father/Dovetail/trio1.father.run1.Dovetail_CGGACAAC-TCCGGATT-CG82N_L001_200000.h5
    jobid: 93
    wildcards: sample=trio1.father, protocol=Dovetail, run=trio1.father.run1.Dovetail_CGGACAAC-TCCGGATT-CG82N_L001, resolution=200000

hicConvertFormat --matrices /work2/genphyse/dynagen/jmartin/polledHiC/work/trio1.father.Dovetail/hic_results/matrix/raw/trio1.father.run1.Dovetail_CGGACAAC-TCCGGATT-CG82N_L001_200000.matrix --bedFileHicpro /work2/genphyse/dynagen/jmartin/polledHiC/work/trio1.father.Dovetail/hic_results/matrix/raw/trio1.father.run1.Dovetail_CGGACAAC-TCCGGATT-CG82N_L001_200000_abs.bed --outFileName hdf5/trio1.father/Dovetail/trio1.father.run1.Dovetail_CGGACAAC-TCCGGATT-CG82N_L001_200000.h5 --outputFormat h5 --inputFormat hicpro
[Wed Aug 12 12:48:00 2020]
Finished job 65.
9 of 94 steps (10%) done

[Wed Aug 12 12:48:00 2020]
rule adjust:
    input: trio1.father/Maison/200000/matrix.h5
    output: trio1.father/Maison/200000/adjusted.h5
    jobid: 51
    wildcards: sample=trio1.father, protocol=Maison, resolution=200000

hicAdjustMatrix --matrix trio1.father/Maison/200000/matrix.h5 --outFileName trio1.father/Maison/200000/adjusted.h5  --chromosomes 1 2 3 4 5 6 7 8 9 10 11 12 13 14 15 16 17 18 19 20 21 22 23 24 25 26 27 28 29 X --action keep
[Wed Aug 12 12:48:01 2020]
Finished job 94.
10 of 94 steps (11%) done

[Wed Aug 12 12:48:01 2020]
rule conversion:
    input: /work2/genphyse/dynagen/jmartin/polledHiC/work/trio1.offspring.Maison-plus/hic_results/matrix/raw/trio1.offspring.run1.Maison-plus_GACGTC-CDFVM_L001_50000.matrix, /work2/genphyse/dynagen/jmartin/polledHiC/work/trio1.offspring.Maison-plus/hic_results/matrix/raw/trio1.offspring.run1.Maison-plus_GACGTC-CDFVM_L001_50000_abs.bed
    output: hdf5/trio1.offspring/Maison-plus/trio1.offspring.run1.Maison-plus_GACGTC-CDFVM_L001_50000.h5
    jobid: 77
    wildcards: sample=trio1.offspring, protocol=Maison-plus, run=trio1.offspring.run1.Maison-plus_GACGTC-CDFVM_L001, resolution=50000

hicConvertFormat --matrices /work2/genphyse/dynagen/jmartin/polledHiC/work/trio1.offspring.Maison-plus/hic_results/matrix/raw/trio1.offspring.run1.Maison-plus_GACGTC-CDFVM_L001_50000.matrix --bedFileHicpro /work2/genphyse/dynagen/jmartin/polledHiC/work/trio1.offspring.Maison-plus/hic_results/matrix/raw/trio1.offspring.run1.Maison-plus_GACGTC-CDFVM_L001_50000_abs.bed --outFileName hdf5/trio1.offspring/Maison-plus/trio1.offspring.run1.Maison-plus_GACGTC-CDFVM_L001_50000.h5 --outputFormat h5 --inputFormat hicpro
[Wed Aug 12 12:48:01 2020]
Finished job 93.
11 of 94 steps (12%) done

[Wed Aug 12 12:48:01 2020]
rule conversion:
    input: /work2/genphyse/dynagen/jmartin/polledHiC/work/trio1.offspring.Maison-plus/hic_results/matrix/raw/trio1.offspring.run1.Maison-plus_GACGTC-CDFVM_L001_200000.matrix, /work2/genphyse/dynagen/jmartin/polledHiC/work/trio1.offspring.Maison-plus/hic_results/matrix/raw/trio1.offspring.run1.Maison-plus_GACGTC-CDFVM_L001_200000_abs.bed
    output: hdf5/trio1.offspring/Maison-plus/trio1.offspring.run1.Maison-plus_GACGTC-CDFVM_L001_200000.h5
    jobid: 74
    wildcards: sample=trio1.offspring, protocol=Maison-plus, run=trio1.offspring.run1.Maison-plus_GACGTC-CDFVM_L001, resolution=200000

hicConvertFormat --matrices /work2/genphyse/dynagen/jmartin/polledHiC/work/trio1.offspring.Maison-plus/hic_results/matrix/raw/trio1.offspring.run1.Maison-plus_GACGTC-CDFVM_L001_200000.matrix --bedFileHicpro /work2/genphyse/dynagen/jmartin/polledHiC/work/trio1.offspring.Maison-plus/hic_results/matrix/raw/trio1.offspring.run1.Maison-plus_GACGTC-CDFVM_L001_200000_abs.bed --outFileName hdf5/trio1.offspring/Maison-plus/trio1.offspring.run1.Maison-plus_GACGTC-CDFVM_L001_200000.h5 --outputFormat h5 --inputFormat hicpro
[Wed Aug 12 12:48:03 2020]
Finished job 90.
12 of 94 steps (13%) done

[Wed Aug 12 12:48:03 2020]
rule conversion:
    input: /work2/genphyse/dynagen/jmartin/polledHiC/work/trio1.offspring.Maison-minus/hic_results/matrix/raw/trio1.offspring.run1.Maison-minus_TTACAG-CDFVM_L001_50000.matrix, /work2/genphyse/dynagen/jmartin/polledHiC/work/trio1.offspring.Maison-minus/hic_results/matrix/raw/trio1.offspring.run1.Maison-minus_TTACAG-CDFVM_L001_50000_abs.bed
    output: hdf5/trio1.offspring/Maison-minus/trio1.offspring.run1.Maison-minus_TTACAG-CDFVM_L001_50000.h5
    jobid: 72
    wildcards: sample=trio1.offspring, protocol=Maison-minus, run=trio1.offspring.run1.Maison-minus_TTACAG-CDFVM_L001, resolution=50000

hicConvertFormat --matrices /work2/genphyse/dynagen/jmartin/polledHiC/work/trio1.offspring.Maison-minus/hic_results/matrix/raw/trio1.offspring.run1.Maison-minus_TTACAG-CDFVM_L001_50000.matrix --bedFileHicpro /work2/genphyse/dynagen/jmartin/polledHiC/work/trio1.offspring.Maison-minus/hic_results/matrix/raw/trio1.offspring.run1.Maison-minus_TTACAG-CDFVM_L001_50000_abs.bed --outFileName hdf5/trio1.offspring/Maison-minus/trio1.offspring.run1.Maison-minus_TTACAG-CDFVM_L001_50000.h5 --outputFormat h5 --inputFormat hicpro
[Wed Aug 12 12:48:03 2020]
Finished job 92.
13 of 94 steps (14%) done

[Wed Aug 12 12:48:03 2020]
rule mergeprotocol:
    input: hdf5/trio1.father/Arima/trio1.father.run1.Arima_GTCCGC-AHGYLVDRXX_L002_50000.h5, hdf5/trio1.father/Arima/trio1.father.run2.Arima_GTCCGC-AHGVJ2DRXX_L002_50000.h5
    output: trio1.father/Arima/50000/matrix.h5
    jobid: 68
    wildcards: sample=trio1.father, protocol=Arima, resolution=50000

hicSumMatrices --matrices  hdf5/trio1.father/Arima/trio1.father.run1.Arima_GTCCGC-AHGYLVDRXX_L002_50000.h5 hdf5/trio1.father/Arima/trio1.father.run2.Arima_GTCCGC-AHGVJ2DRXX_L002_50000.h5 --outFileName trio1.father/Arima/50000/matrix.h5
[Wed Aug 12 12:48:06 2020]
Finished job 74.
14 of 94 steps (15%) done

[Wed Aug 12 12:48:06 2020]
rule conversion:
    input: /work2/genphyse/dynagen/jmartin/polledHiC/work/trio1.offspring.Dovetail/hic_results/matrix/raw/trio1.offspring.run1.Dovetail_GCCAAT-CDFVM_L001_50000.matrix, /work2/genphyse/dynagen/jmartin/polledHiC/work/trio1.offspring.Dovetail/hic_results/matrix/raw/trio1.offspring.run1.Dovetail_GCCAAT-CDFVM_L001_50000_abs.bed
    output: hdf5/trio1.offspring/Dovetail/trio1.offspring.run1.Dovetail_GCCAAT-CDFVM_L001_50000.h5
    jobid: 86
    wildcards: sample=trio1.offspring, protocol=Dovetail, run=trio1.offspring.run1.Dovetail_GCCAAT-CDFVM_L001, resolution=50000

hicConvertFormat --matrices /work2/genphyse/dynagen/jmartin/polledHiC/work/trio1.offspring.Dovetail/hic_results/matrix/raw/trio1.offspring.run1.Dovetail_GCCAAT-CDFVM_L001_50000.matrix --bedFileHicpro /work2/genphyse/dynagen/jmartin/polledHiC/work/trio1.offspring.Dovetail/hic_results/matrix/raw/trio1.offspring.run1.Dovetail_GCCAAT-CDFVM_L001_50000_abs.bed --outFileName hdf5/trio1.offspring/Dovetail/trio1.offspring.run1.Dovetail_GCCAAT-CDFVM_L001_50000.h5 --outputFormat h5 --inputFormat hicpro
[Wed Aug 12 12:48:07 2020]
Finished job 77.
15 of 94 steps (16%) done

[Wed Aug 12 12:48:07 2020]
rule mergeprotocol:
    input: hdf5/trio1.offspring/Maison-plus/trio1.offspring.run3.Maison-plus_GACGTCTT-GGTTCACC-AHGK7YDRXX_L002_50000.h5, hdf5/trio1.offspring/Maison-plus/trio1.offspring.run1.Maison-plus_GACGTC-CDFVM_L001_50000.h5, hdf5/trio1.offspring/Maison-plus/trio1.offspring.run2.Maison-plus_GACGTC-AH5HWKBBXY_L001_50000.h5
    output: trio1.offspring/Maison-plus/50000/matrix.h5
    jobid: 60
    wildcards: sample=trio1.offspring, protocol=Maison-plus, resolution=50000

hicSumMatrices --matrices  hdf5/trio1.offspring/Maison-plus/trio1.offspring.run3.Maison-plus_GACGTCTT-GGTTCACC-AHGK7YDRXX_L002_50000.h5 hdf5/trio1.offspring/Maison-plus/trio1.offspring.run1.Maison-plus_GACGTC-CDFVM_L001_50000.h5 hdf5/trio1.offspring/Maison-plus/trio1.offspring.run2.Maison-plus_GACGTC-AH5HWKBBXY_L001_50000.h5 --outFileName trio1.offspring/Maison-plus/50000/matrix.h5
[Wed Aug 12 12:48:08 2020]
Finished job 72.
16 of 94 steps (17%) done

[Wed Aug 12 12:48:08 2020]
rule conversion:
    input: /work2/genphyse/dynagen/jmartin/polledHiC/work/trio1.offspring.Maison-minus/hic_results/matrix/raw/trio1.offspring.run1.Maison-minus_TTACAG-CDFVM_L001_200000.matrix, /work2/genphyse/dynagen/jmartin/polledHiC/work/trio1.offspring.Maison-minus/hic_results/matrix/raw/trio1.offspring.run1.Maison-minus_TTACAG-CDFVM_L001_200000_abs.bed
    output: hdf5/trio1.offspring/Maison-minus/trio1.offspring.run1.Maison-minus_TTACAG-CDFVM_L001_200000.h5
    jobid: 71
    wildcards: sample=trio1.offspring, protocol=Maison-minus, run=trio1.offspring.run1.Maison-minus_TTACAG-CDFVM_L001, resolution=200000

hicConvertFormat --matrices /work2/genphyse/dynagen/jmartin/polledHiC/work/trio1.offspring.Maison-minus/hic_results/matrix/raw/trio1.offspring.run1.Maison-minus_TTACAG-CDFVM_L001_200000.matrix --bedFileHicpro /work2/genphyse/dynagen/jmartin/polledHiC/work/trio1.offspring.Maison-minus/hic_results/matrix/raw/trio1.offspring.run1.Maison-minus_TTACAG-CDFVM_L001_200000_abs.bed --outFileName hdf5/trio1.offspring/Maison-minus/trio1.offspring.run1.Maison-minus_TTACAG-CDFVM_L001_200000.h5 --outputFormat h5 --inputFormat hicpro
[Wed Aug 12 12:48:11 2020]
Finished job 51.
17 of 94 steps (18%) done

[Wed Aug 12 12:48:11 2020]
rule normalize:
    input: trio1.father/Maison/200000/adjusted.h5
    output: trio1.father/Maison/200000/normalized.h5
    jobid: 37
    wildcards: sample=trio1.father, protocol=Maison, resolution=200000

hicNormalize --matrices trio1.father/Maison/200000/adjusted.h5 --outFileName trio1.father/Maison/200000/normalized.h5 --normalize smallest
[Wed Aug 12 12:48:11 2020]
Finished job 86.
18 of 94 steps (19%) done

[Wed Aug 12 12:48:11 2020]
rule mergeprotocol:
    input: hdf5/trio1.offspring/Dovetail/trio1.offspring.run2.Dovetail_GCCAAT-AH5HWKBBXY_L001_50000.h5, hdf5/trio1.offspring/Dovetail/trio1.offspring.run1.Dovetail_GCCAAT-CDFVM_L001_50000.h5
    output: trio1.offspring/Dovetail/50000/matrix.h5
    jobid: 64
    wildcards: sample=trio1.offspring, protocol=Dovetail, resolution=50000

hicSumMatrices --matrices  hdf5/trio1.offspring/Dovetail/trio1.offspring.run2.Dovetail_GCCAAT-AH5HWKBBXY_L001_50000.h5 hdf5/trio1.offspring/Dovetail/trio1.offspring.run1.Dovetail_GCCAAT-CDFVM_L001_50000.h5 --outFileName trio1.offspring/Dovetail/50000/matrix.h5
[Wed Aug 12 12:48:11 2020]
Finished job 89.
19 of 94 steps (20%) done

[Wed Aug 12 12:48:11 2020]
rule mergeprotocol:
    input: hdf5/trio1.father/Arima/trio1.father.run1.Arima_GTCCGC-AHGYLVDRXX_L002_200000.h5, hdf5/trio1.father/Arima/trio1.father.run2.Arima_GTCCGC-AHGVJ2DRXX_L002_200000.h5
    output: trio1.father/Arima/200000/matrix.h5
    jobid: 67
    wildcards: sample=trio1.father, protocol=Arima, resolution=200000

hicSumMatrices --matrices  hdf5/trio1.father/Arima/trio1.father.run1.Arima_GTCCGC-AHGYLVDRXX_L002_200000.h5 hdf5/trio1.father/Arima/trio1.father.run2.Arima_GTCCGC-AHGVJ2DRXX_L002_200000.h5 --outFileName trio1.father/Arima/200000/matrix.h5
[Wed Aug 12 12:48:12 2020]
Finished job 71.
20 of 94 steps (21%) done

[Wed Aug 12 12:48:12 2020]
rule conversion:
    input: /work2/genphyse/dynagen/jmartin/polledHiC/work/trio1.offspring.Arima/hic_results/matrix/raw/trio1.offspring.run1.Arima_CTTGTA-CDFVM_L001_50000.matrix, /work2/genphyse/dynagen/jmartin/polledHiC/work/trio1.offspring.Arima/hic_results/matrix/raw/trio1.offspring.run1.Arima_CTTGTA-CDFVM_L001_50000_abs.bed
    output: hdf5/trio1.offspring/Arima/trio1.offspring.run1.Arima_CTTGTA-CDFVM_L001_50000.h5
    jobid: 81
    wildcards: sample=trio1.offspring, protocol=Arima, run=trio1.offspring.run1.Arima_CTTGTA-CDFVM_L001, resolution=50000

hicConvertFormat --matrices /work2/genphyse/dynagen/jmartin/polledHiC/work/trio1.offspring.Arima/hic_results/matrix/raw/trio1.offspring.run1.Arima_CTTGTA-CDFVM_L001_50000.matrix --bedFileHicpro /work2/genphyse/dynagen/jmartin/polledHiC/work/trio1.offspring.Arima/hic_results/matrix/raw/trio1.offspring.run1.Arima_CTTGTA-CDFVM_L001_50000_abs.bed --outFileName hdf5/trio1.offspring/Arima/trio1.offspring.run1.Arima_CTTGTA-CDFVM_L001_50000.h5 --outputFormat h5 --inputFormat hicpro
[Wed Aug 12 12:48:13 2020]
Finished job 73.
21 of 94 steps (22%) done

[Wed Aug 12 12:48:13 2020]
rule mergeprotocol:
    input: hdf5/trio1.offspring/Maison-plus/trio1.offspring.run3.Maison-plus_GACGTCTT-GGTTCACC-AHGK7YDRXX_L002_200000.h5, hdf5/trio1.offspring/Maison-plus/trio1.offspring.run1.Maison-plus_GACGTC-CDFVM_L001_200000.h5, hdf5/trio1.offspring/Maison-plus/trio1.offspring.run2.Maison-plus_GACGTC-AH5HWKBBXY_L001_200000.h5
    output: trio1.offspring/Maison-plus/200000/matrix.h5
    jobid: 59
    wildcards: sample=trio1.offspring, protocol=Maison-plus, resolution=200000

hicSumMatrices --matrices  hdf5/trio1.offspring/Maison-plus/trio1.offspring.run3.Maison-plus_GACGTCTT-GGTTCACC-AHGK7YDRXX_L002_200000.h5 hdf5/trio1.offspring/Maison-plus/trio1.offspring.run1.Maison-plus_GACGTC-CDFVM_L001_200000.h5 hdf5/trio1.offspring/Maison-plus/trio1.offspring.run2.Maison-plus_GACGTC-AH5HWKBBXY_L001_200000.h5 --outFileName trio1.offspring/Maison-plus/200000/matrix.h5
[Wed Aug 12 12:48:18 2020]
Finished job 81.
22 of 94 steps (23%) done

[Wed Aug 12 12:48:18 2020]
rule mergeprotocol:
    input: hdf5/trio1.offspring/Arima/trio1.offspring.run1.Arima_CTTGTA-CDFVM_L001_50000.h5, hdf5/trio1.offspring/Arima/trio1.offspring.run2.Arima_CTTGTA-AH5HWKBBXY_L001_50000.h5
    output: trio1.offspring/Arima/50000/matrix.h5
    jobid: 62
    wildcards: sample=trio1.offspring, protocol=Arima, resolution=50000

hicSumMatrices --matrices  hdf5/trio1.offspring/Arima/trio1.offspring.run1.Arima_CTTGTA-CDFVM_L001_50000.h5 hdf5/trio1.offspring/Arima/trio1.offspring.run2.Arima_CTTGTA-AH5HWKBBXY_L001_50000.h5 --outFileName trio1.offspring/Arima/50000/matrix.h5
[Wed Aug 12 12:48:20 2020]
Finished job 68.
23 of 94 steps (24%) done

[Wed Aug 12 12:48:20 2020]
rule adjust:
    input: trio1.father/Arima/50000/matrix.h5
    output: trio1.father/Arima/50000/adjusted.h5
    jobid: 54
    wildcards: sample=trio1.father, protocol=Arima, resolution=50000

hicAdjustMatrix --matrix trio1.father/Arima/50000/matrix.h5 --outFileName trio1.father/Arima/50000/adjusted.h5  --chromosomes 1 2 3 4 5 6 7 8 9 10 11 12 13 14 15 16 17 18 19 20 21 22 23 24 25 26 27 28 29 X --action keep
[Wed Aug 12 12:48:22 2020]
Finished job 37.
24 of 94 steps (26%) done

[Wed Aug 12 12:48:22 2020]
rule correct:
    input: trio1.father/Maison/200000/normalized.h5
    output: trio1.father/Maison/200000/corrected.h5
    jobid: 23
    wildcards: sample=trio1.father, protocol=Maison, resolution=200000

hicCorrectMatrix correct --matrix trio1.father/Maison/200000/normalized.h5 --outFileName trio1.father/Maison/200000/corrected.h5
[Wed Aug 12 12:48:22 2020]
Finished job 67.
25 of 94 steps (27%) done

[Wed Aug 12 12:48:22 2020]
rule adjust:
    input: trio1.father/Arima/200000/matrix.h5
    output: trio1.father/Arima/200000/adjusted.h5
    jobid: 53
    wildcards: sample=trio1.father, protocol=Arima, resolution=200000

hicAdjustMatrix --matrix trio1.father/Arima/200000/matrix.h5 --outFileName trio1.father/Arima/200000/adjusted.h5  --chromosomes 1 2 3 4 5 6 7 8 9 10 11 12 13 14 15 16 17 18 19 20 21 22 23 24 25 26 27 28 29 X --action keep
[Wed Aug 12 12:48:31 2020]
Finished job 53.
26 of 94 steps (28%) done

[Wed Aug 12 12:48:31 2020]
rule normalize:
    input: trio1.father/Arima/200000/adjusted.h5
    output: trio1.father/Arima/200000/normalized.h5
    jobid: 39
    wildcards: sample=trio1.father, protocol=Arima, resolution=200000

hicNormalize --matrices trio1.father/Arima/200000/adjusted.h5 --outFileName trio1.father/Arima/200000/normalized.h5 --normalize smallest
[Wed Aug 12 12:48:31 2020]
Finished job 62.
27 of 94 steps (29%) done

[Wed Aug 12 12:48:31 2020]
rule adjust:
    input: trio1.offspring/Arima/50000/matrix.h5
    output: trio1.offspring/Arima/50000/adjusted.h5
    jobid: 48
    wildcards: sample=trio1.offspring, protocol=Arima, resolution=50000

hicAdjustMatrix --matrix trio1.offspring/Arima/50000/matrix.h5 --outFileName trio1.offspring/Arima/50000/adjusted.h5  --chromosomes 1 2 3 4 5 6 7 8 9 10 11 12 13 14 15 16 17 18 19 20 21 22 23 24 25 26 27 28 29 X --action keep
[Wed Aug 12 12:48:32 2020]
Finished job 88.
28 of 94 steps (30%) done

[Wed Aug 12 12:48:32 2020]
rule mergeprotocol:
    input: hdf5/trio1.father/Maison/trio1.father.run1.Maison_GACCTGAA-TTGGTGAG-AHGK7YDRXX_L002_50000.h5
    output: trio1.father/Maison/50000/matrix.h5
    jobid: 66
    wildcards: sample=trio1.father, protocol=Maison, resolution=50000

hicSumMatrices --matrices  hdf5/trio1.father/Maison/trio1.father.run1.Maison_GACCTGAA-TTGGTGAG-AHGK7YDRXX_L002_50000.h5 --outFileName trio1.father/Maison/50000/matrix.h5
[Wed Aug 12 12:48:32 2020]
Finished job 64.
29 of 94 steps (31%) done

[Wed Aug 12 12:48:32 2020]
rule adjust:
    input: trio1.offspring/Dovetail/50000/matrix.h5
    output: trio1.offspring/Dovetail/50000/adjusted.h5
    jobid: 50
    wildcards: sample=trio1.offspring, protocol=Dovetail, resolution=50000

hicAdjustMatrix --matrix trio1.offspring/Dovetail/50000/matrix.h5 --outFileName trio1.offspring/Dovetail/50000/adjusted.h5  --chromosomes 1 2 3 4 5 6 7 8 9 10 11 12 13 14 15 16 17 18 19 20 21 22 23 24 25 26 27 28 29 X --action keep
[Wed Aug 12 12:48:34 2020]
Finished job 59.
30 of 94 steps (32%) done

[Wed Aug 12 12:48:34 2020]
rule adjust:
    input: trio1.offspring/Maison-plus/200000/matrix.h5
    output: trio1.offspring/Maison-plus/200000/adjusted.h5
    jobid: 45
    wildcards: sample=trio1.offspring, protocol=Maison-plus, resolution=200000

hicAdjustMatrix --matrix trio1.offspring/Maison-plus/200000/matrix.h5 --outFileName trio1.offspring/Maison-plus/200000/adjusted.h5  --chromosomes 1 2 3 4 5 6 7 8 9 10 11 12 13 14 15 16 17 18 19 20 21 22 23 24 25 26 27 28 29 X --action keep
[Wed Aug 12 12:48:38 2020]
Finished job 54.
31 of 94 steps (33%) done

[Wed Aug 12 12:48:38 2020]
rule normalize:
    input: trio1.father/Arima/50000/adjusted.h5
    output: trio1.father/Arima/50000/normalized.h5
    jobid: 40
    wildcards: sample=trio1.father, protocol=Arima, resolution=50000

hicNormalize --matrices trio1.father/Arima/50000/adjusted.h5 --outFileName trio1.father/Arima/50000/normalized.h5 --normalize smallest
[Wed Aug 12 12:48:38 2020]
Finished job 39.
32 of 94 steps (34%) done

[Wed Aug 12 12:48:38 2020]
rule correct:
    input: trio1.father/Arima/200000/normalized.h5
    output: trio1.father/Arima/200000/corrected.h5
    jobid: 25
    wildcards: sample=trio1.father, protocol=Arima, resolution=200000

hicCorrectMatrix correct --matrix trio1.father/Arima/200000/normalized.h5 --outFileName trio1.father/Arima/200000/corrected.h5
[Wed Aug 12 12:48:50 2020]
Finished job 48.
33 of 94 steps (35%) done

[Wed Aug 12 12:48:50 2020]
rule normalize:
    input: trio1.offspring/Arima/50000/adjusted.h5
    output: trio1.offspring/Arima/50000/normalized.h5
    jobid: 34
    wildcards: sample=trio1.offspring, protocol=Arima, resolution=50000

hicNormalize --matrices trio1.offspring/Arima/50000/adjusted.h5 --outFileName trio1.offspring/Arima/50000/normalized.h5 --normalize smallest
[Wed Aug 12 12:48:50 2020]
Finished job 45.
34 of 94 steps (36%) done

[Wed Aug 12 12:48:50 2020]
rule normalize:
    input: trio1.offspring/Maison-plus/200000/adjusted.h5
    output: trio1.offspring/Maison-plus/200000/normalized.h5
    jobid: 31
    wildcards: sample=trio1.offspring, protocol=Maison-plus, resolution=200000

hicNormalize --matrices trio1.offspring/Maison-plus/200000/adjusted.h5 --outFileName trio1.offspring/Maison-plus/200000/normalized.h5 --normalize smallest
[Wed Aug 12 12:48:52 2020]
Finished job 66.
35 of 94 steps (37%) done

[Wed Aug 12 12:48:52 2020]
rule adjust:
    input: trio1.father/Maison/50000/matrix.h5
    output: trio1.father/Maison/50000/adjusted.h5
    jobid: 52
    wildcards: sample=trio1.father, protocol=Maison, resolution=50000

hicAdjustMatrix --matrix trio1.father/Maison/50000/matrix.h5 --outFileName trio1.father/Maison/50000/adjusted.h5  --chromosomes 1 2 3 4 5 6 7 8 9 10 11 12 13 14 15 16 17 18 19 20 21 22 23 24 25 26 27 28 29 X --action keep
[Wed Aug 12 12:48:52 2020]
Finished job 40.
36 of 94 steps (38%) done

[Wed Aug 12 12:48:52 2020]
rule correct:
    input: trio1.father/Arima/50000/normalized.h5
    output: trio1.father/Arima/50000/corrected.h5
    jobid: 26
    wildcards: sample=trio1.father, protocol=Arima, resolution=50000

hicCorrectMatrix correct --matrix trio1.father/Arima/50000/normalized.h5 --outFileName trio1.father/Arima/50000/corrected.h5
[Wed Aug 12 12:48:53 2020]
Finished job 60.
37 of 94 steps (39%) done

[Wed Aug 12 12:48:53 2020]
rule adjust:
    input: trio1.offspring/Maison-plus/50000/matrix.h5
    output: trio1.offspring/Maison-plus/50000/adjusted.h5
    jobid: 46
    wildcards: sample=trio1.offspring, protocol=Maison-plus, resolution=50000

hicAdjustMatrix --matrix trio1.offspring/Maison-plus/50000/matrix.h5 --outFileName trio1.offspring/Maison-plus/50000/adjusted.h5  --chromosomes 1 2 3 4 5 6 7 8 9 10 11 12 13 14 15 16 17 18 19 20 21 22 23 24 25 26 27 28 29 X --action keep
[Wed Aug 12 12:48:54 2020]
Finished job 50.
38 of 94 steps (40%) done

[Wed Aug 12 12:48:54 2020]
rule normalize:
    input: trio1.offspring/Dovetail/50000/adjusted.h5
    output: trio1.offspring/Dovetail/50000/normalized.h5
    jobid: 36
    wildcards: sample=trio1.offspring, protocol=Dovetail, resolution=50000

hicNormalize --matrices trio1.offspring/Dovetail/50000/adjusted.h5 --outFileName trio1.offspring/Dovetail/50000/normalized.h5 --normalize smallest
[Wed Aug 12 12:48:55 2020]
Finished job 23.
39 of 94 steps (41%) done

[Wed Aug 12 12:48:55 2020]
rule diagnostic:
    input: trio1.father/Maison/200000/corrected.h5
    output: trio1.father/Maison/200000/corrected_diagnostic.png
    jobid: 9
    wildcards: sample=trio1.father, protocol=Maison, resolution=200000, type=corrected

hicCorrectMatrix diagnostic_plot -m trio1.father/Maison/200000/corrected.h5 -o trio1.father/Maison/200000/corrected_diagnostic.png
[Wed Aug 12 12:48:56 2020]
Finished job 25.
40 of 94 steps (43%) done

[Wed Aug 12 12:48:56 2020]
rule diagnostic:
    input: trio1.father/Arima/200000/corrected.h5
    output: trio1.father/Arima/200000/corrected_diagnostic.png
    jobid: 11
    wildcards: sample=trio1.father, protocol=Arima, resolution=200000, type=corrected

hicCorrectMatrix diagnostic_plot -m trio1.father/Arima/200000/corrected.h5 -o trio1.father/Arima/200000/corrected_diagnostic.png
[Wed Aug 12 12:49:01 2020]
Finished job 34.
41 of 94 steps (44%) done

[Wed Aug 12 12:49:01 2020]
rule correct:
    input: trio1.offspring/Arima/50000/normalized.h5
    output: trio1.offspring/Arima/50000/corrected.h5
    jobid: 20
    wildcards: sample=trio1.offspring, protocol=Arima, resolution=50000

hicCorrectMatrix correct --matrix trio1.offspring/Arima/50000/normalized.h5 --outFileName trio1.offspring/Arima/50000/corrected.h5
[Wed Aug 12 12:49:04 2020]
Finished job 31.
42 of 94 steps (45%) done

[Wed Aug 12 12:49:04 2020]
rule correct:
    input: trio1.offspring/Maison-plus/200000/normalized.h5
    output: trio1.offspring/Maison-plus/200000/corrected.h5
    jobid: 17
    wildcards: sample=trio1.offspring, protocol=Maison-plus, resolution=200000

hicCorrectMatrix correct --matrix trio1.offspring/Maison-plus/200000/normalized.h5 --outFileName trio1.offspring/Maison-plus/200000/corrected.h5
[Wed Aug 12 12:49:10 2020]
Finished job 11.
43 of 94 steps (46%) done

[Wed Aug 12 12:49:10 2020]
rule conversion:
    input: /work2/genphyse/dynagen/jmartin/polledHiC/work/trio1.offspring.Dovetail/hic_results/matrix/raw/trio1.offspring.run1.Dovetail_GCCAAT-CDFVM_L001_200000.matrix, /work2/genphyse/dynagen/jmartin/polledHiC/work/trio1.offspring.Dovetail/hic_results/matrix/raw/trio1.offspring.run1.Dovetail_GCCAAT-CDFVM_L001_200000_abs.bed
    output: hdf5/trio1.offspring/Dovetail/trio1.offspring.run1.Dovetail_GCCAAT-CDFVM_L001_200000.h5
    jobid: 84
    wildcards: sample=trio1.offspring, protocol=Dovetail, run=trio1.offspring.run1.Dovetail_GCCAAT-CDFVM_L001, resolution=200000

hicConvertFormat --matrices /work2/genphyse/dynagen/jmartin/polledHiC/work/trio1.offspring.Dovetail/hic_results/matrix/raw/trio1.offspring.run1.Dovetail_GCCAAT-CDFVM_L001_200000.matrix --bedFileHicpro /work2/genphyse/dynagen/jmartin/polledHiC/work/trio1.offspring.Dovetail/hic_results/matrix/raw/trio1.offspring.run1.Dovetail_GCCAAT-CDFVM_L001_200000_abs.bed --outFileName hdf5/trio1.offspring/Dovetail/trio1.offspring.run1.Dovetail_GCCAAT-CDFVM_L001_200000.h5 --outputFormat h5 --inputFormat hicpro
[Wed Aug 12 12:49:11 2020]
Finished job 36.
44 of 94 steps (47%) done

[Wed Aug 12 12:49:11 2020]
rule correct:
    input: trio1.offspring/Dovetail/50000/normalized.h5
    output: trio1.offspring/Dovetail/50000/corrected.h5
    jobid: 22
    wildcards: sample=trio1.offspring, protocol=Dovetail, resolution=50000

hicCorrectMatrix correct --matrix trio1.offspring/Dovetail/50000/normalized.h5 --outFileName trio1.offspring/Dovetail/50000/corrected.h5
[Wed Aug 12 12:49:13 2020]
Finished job 84.
45 of 94 steps (48%) done

[Wed Aug 12 12:49:13 2020]
rule mergeprotocol:
    input: hdf5/trio1.offspring/Dovetail/trio1.offspring.run2.Dovetail_GCCAAT-AH5HWKBBXY_L001_200000.h5, hdf5/trio1.offspring/Dovetail/trio1.offspring.run1.Dovetail_GCCAAT-CDFVM_L001_200000.h5
    output: trio1.offspring/Dovetail/200000/matrix.h5
    jobid: 63
    wildcards: sample=trio1.offspring, protocol=Dovetail, resolution=200000

hicSumMatrices --matrices  hdf5/trio1.offspring/Dovetail/trio1.offspring.run2.Dovetail_GCCAAT-AH5HWKBBXY_L001_200000.h5 hdf5/trio1.offspring/Dovetail/trio1.offspring.run1.Dovetail_GCCAAT-CDFVM_L001_200000.h5 --outFileName trio1.offspring/Dovetail/200000/matrix.h5
[Wed Aug 12 12:49:17 2020]
Finished job 52.
46 of 94 steps (49%) done

[Wed Aug 12 12:49:17 2020]
rule normalize:
    input: trio1.father/Maison/50000/adjusted.h5
    output: trio1.father/Maison/50000/normalized.h5
    jobid: 38
    wildcards: sample=trio1.father, protocol=Maison, resolution=50000

hicNormalize --matrices trio1.father/Maison/50000/adjusted.h5 --outFileName trio1.father/Maison/50000/normalized.h5 --normalize smallest
[Wed Aug 12 12:49:24 2020]
Finished job 63.
47 of 94 steps (50%) done

[Wed Aug 12 12:49:24 2020]
rule adjust:
    input: trio1.offspring/Dovetail/200000/matrix.h5
    output: trio1.offspring/Dovetail/200000/adjusted.h5
    jobid: 49
    wildcards: sample=trio1.offspring, protocol=Dovetail, resolution=200000

hicAdjustMatrix --matrix trio1.offspring/Dovetail/200000/matrix.h5 --outFileName trio1.offspring/Dovetail/200000/adjusted.h5  --chromosomes 1 2 3 4 5 6 7 8 9 10 11 12 13 14 15 16 17 18 19 20 21 22 23 24 25 26 27 28 29 X --action keep
[Wed Aug 12 12:49:24 2020]
Finished job 9.
48 of 94 steps (51%) done

[Wed Aug 12 12:49:24 2020]
rule mergeprotocol:
    input: hdf5/trio1.father/Dovetail/trio1.father.run1.Dovetail_CGGACAAC-TCCGGATT-CG82N_L001_50000.h5
    output: trio1.father/Dovetail/50000/matrix.h5
    jobid: 70
    wildcards: sample=trio1.father, protocol=Dovetail, resolution=50000

hicSumMatrices --matrices  hdf5/trio1.father/Dovetail/trio1.father.run1.Dovetail_CGGACAAC-TCCGGATT-CG82N_L001_50000.h5 --outFileName trio1.father/Dovetail/50000/matrix.h5
[Wed Aug 12 12:49:32 2020]
Finished job 26.
49 of 94 steps (52%) done

[Wed Aug 12 12:49:32 2020]
rule diagnostic:
    input: trio1.father/Arima/50000/corrected.h5
    output: trio1.father/Arima/50000/corrected_diagnostic.png
    jobid: 12
    wildcards: sample=trio1.father, protocol=Arima, resolution=50000, type=corrected

hicCorrectMatrix diagnostic_plot -m trio1.father/Arima/50000/corrected.h5 -o trio1.father/Arima/50000/corrected_diagnostic.png
[Wed Aug 12 12:49:33 2020]
Finished job 70.
50 of 94 steps (53%) done

[Wed Aug 12 12:49:33 2020]
rule adjust:
    input: trio1.father/Dovetail/50000/matrix.h5
    output: trio1.father/Dovetail/50000/adjusted.h5
    jobid: 56
    wildcards: sample=trio1.father, protocol=Dovetail, resolution=50000

hicAdjustMatrix --matrix trio1.father/Dovetail/50000/matrix.h5 --outFileName trio1.father/Dovetail/50000/adjusted.h5  --chromosomes 1 2 3 4 5 6 7 8 9 10 11 12 13 14 15 16 17 18 19 20 21 22 23 24 25 26 27 28 29 X --action keep
[Wed Aug 12 12:49:33 2020]
Finished job 20.
51 of 94 steps (54%) done

[Wed Aug 12 12:49:33 2020]
rule diagnostic:
    input: trio1.offspring/Arima/50000/corrected.h5
    output: trio1.offspring/Arima/50000/corrected_diagnostic.png
    jobid: 6
    wildcards: sample=trio1.offspring, protocol=Arima, resolution=50000, type=corrected

hicCorrectMatrix diagnostic_plot -m trio1.offspring/Arima/50000/corrected.h5 -o trio1.offspring/Arima/50000/corrected_diagnostic.png
[Wed Aug 12 12:49:34 2020]
Finished job 49.
52 of 94 steps (55%) done

[Wed Aug 12 12:49:34 2020]
rule normalize:
    input: trio1.offspring/Dovetail/200000/adjusted.h5
    output: trio1.offspring/Dovetail/200000/normalized.h5
    jobid: 35
    wildcards: sample=trio1.offspring, protocol=Dovetail, resolution=200000

hicNormalize --matrices trio1.offspring/Dovetail/200000/adjusted.h5 --outFileName trio1.offspring/Dovetail/200000/normalized.h5 --normalize smallest
[Wed Aug 12 12:49:35 2020]
Finished job 46.
53 of 94 steps (56%) done

[Wed Aug 12 12:49:35 2020]
rule normalize:
    input: trio1.offspring/Maison-plus/50000/adjusted.h5
    output: trio1.offspring/Maison-plus/50000/normalized.h5
    jobid: 32
    wildcards: sample=trio1.offspring, protocol=Maison-plus, resolution=50000

hicNormalize --matrices trio1.offspring/Maison-plus/50000/adjusted.h5 --outFileName trio1.offspring/Maison-plus/50000/normalized.h5 --normalize smallest
[Wed Aug 12 12:49:37 2020]
Finished job 38.
54 of 94 steps (57%) done

[Wed Aug 12 12:49:37 2020]
rule correct:
    input: trio1.father/Maison/50000/normalized.h5
    output: trio1.father/Maison/50000/corrected.h5
    jobid: 24
    wildcards: sample=trio1.father, protocol=Maison, resolution=50000

hicCorrectMatrix correct --matrix trio1.father/Maison/50000/normalized.h5 --outFileName trio1.father/Maison/50000/corrected.h5
[Wed Aug 12 12:49:43 2020]
Finished job 35.
55 of 94 steps (59%) done

[Wed Aug 12 12:49:43 2020]
rule correct:
    input: trio1.offspring/Dovetail/200000/normalized.h5
    output: trio1.offspring/Dovetail/200000/corrected.h5
    jobid: 21
    wildcards: sample=trio1.offspring, protocol=Dovetail, resolution=200000

hicCorrectMatrix correct --matrix trio1.offspring/Dovetail/200000/normalized.h5 --outFileName trio1.offspring/Dovetail/200000/corrected.h5
[Wed Aug 12 12:49:46 2020]
Finished job 56.
56 of 94 steps (60%) done

[Wed Aug 12 12:49:46 2020]
rule normalize:
    input: trio1.father/Dovetail/50000/adjusted.h5
    output: trio1.father/Dovetail/50000/normalized.h5
    jobid: 42
    wildcards: sample=trio1.father, protocol=Dovetail, resolution=50000

hicNormalize --matrices trio1.father/Dovetail/50000/adjusted.h5 --outFileName trio1.father/Dovetail/50000/normalized.h5 --normalize smallest
[Wed Aug 12 12:49:48 2020]
Finished job 17.
57 of 94 steps (61%) done

[Wed Aug 12 12:49:48 2020]
rule diagnostic:
    input: trio1.offspring/Maison-plus/200000/corrected.h5
    output: trio1.offspring/Maison-plus/200000/corrected_diagnostic.png
    jobid: 3
    wildcards: sample=trio1.offspring, protocol=Maison-plus, resolution=200000, type=corrected

hicCorrectMatrix diagnostic_plot -m trio1.offspring/Maison-plus/200000/corrected.h5 -o trio1.offspring/Maison-plus/200000/corrected_diagnostic.png
[Wed Aug 12 12:49:54 2020]
Finished job 42.
58 of 94 steps (62%) done

[Wed Aug 12 12:49:54 2020]
rule correct:
    input: trio1.father/Dovetail/50000/normalized.h5
    output: trio1.father/Dovetail/50000/corrected.h5
    jobid: 28
    wildcards: sample=trio1.father, protocol=Dovetail, resolution=50000

hicCorrectMatrix correct --matrix trio1.father/Dovetail/50000/normalized.h5 --outFileName trio1.father/Dovetail/50000/corrected.h5
[Wed Aug 12 12:49:55 2020]
Finished job 22.
59 of 94 steps (63%) done

[Wed Aug 12 12:49:55 2020]
rule diagnostic:
    input: trio1.offspring/Dovetail/50000/corrected.h5
    output: trio1.offspring/Dovetail/50000/corrected_diagnostic.png
    jobid: 8
    wildcards: sample=trio1.offspring, protocol=Dovetail, resolution=50000, type=corrected

hicCorrectMatrix diagnostic_plot -m trio1.offspring/Dovetail/50000/corrected.h5 -o trio1.offspring/Dovetail/50000/corrected_diagnostic.png
[Wed Aug 12 12:49:55 2020]
Finished job 6.
60 of 94 steps (64%) done

[Wed Aug 12 12:49:55 2020]
rule conversion:
    input: /work2/genphyse/dynagen/jmartin/polledHiC/work/trio1.offspring.Arima/hic_results/matrix/raw/trio1.offspring.run1.Arima_CTTGTA-CDFVM_L001_200000.matrix, /work2/genphyse/dynagen/jmartin/polledHiC/work/trio1.offspring.Arima/hic_results/matrix/raw/trio1.offspring.run1.Arima_CTTGTA-CDFVM_L001_200000_abs.bed
    output: hdf5/trio1.offspring/Arima/trio1.offspring.run1.Arima_CTTGTA-CDFVM_L001_200000.h5
    jobid: 79
    wildcards: sample=trio1.offspring, protocol=Arima, run=trio1.offspring.run1.Arima_CTTGTA-CDFVM_L001, resolution=200000

hicConvertFormat --matrices /work2/genphyse/dynagen/jmartin/polledHiC/work/trio1.offspring.Arima/hic_results/matrix/raw/trio1.offspring.run1.Arima_CTTGTA-CDFVM_L001_200000.matrix --bedFileHicpro /work2/genphyse/dynagen/jmartin/polledHiC/work/trio1.offspring.Arima/hic_results/matrix/raw/trio1.offspring.run1.Arima_CTTGTA-CDFVM_L001_200000_abs.bed --outFileName hdf5/trio1.offspring/Arima/trio1.offspring.run1.Arima_CTTGTA-CDFVM_L001_200000.h5 --outputFormat h5 --inputFormat hicpro
[Wed Aug 12 12:49:56 2020]
Finished job 12.
61 of 94 steps (65%) done

[Wed Aug 12 12:49:56 2020]
rule mergeprotocol:
    input: hdf5/trio1.father/Dovetail/trio1.father.run1.Dovetail_CGGACAAC-TCCGGATT-CG82N_L001_200000.h5
    output: trio1.father/Dovetail/200000/matrix.h5
    jobid: 69
    wildcards: sample=trio1.father, protocol=Dovetail, resolution=200000

hicSumMatrices --matrices  hdf5/trio1.father/Dovetail/trio1.father.run1.Dovetail_CGGACAAC-TCCGGATT-CG82N_L001_200000.h5 --outFileName trio1.father/Dovetail/200000/matrix.h5
[Wed Aug 12 12:50:00 2020]
Finished job 79.
62 of 94 steps (66%) done

[Wed Aug 12 12:50:00 2020]
rule mergeprotocol:
    input: hdf5/trio1.offspring/Arima/trio1.offspring.run1.Arima_CTTGTA-CDFVM_L001_200000.h5, hdf5/trio1.offspring/Arima/trio1.offspring.run2.Arima_CTTGTA-AH5HWKBBXY_L001_200000.h5
    output: trio1.offspring/Arima/200000/matrix.h5
    jobid: 61
    wildcards: sample=trio1.offspring, protocol=Arima, resolution=200000

hicSumMatrices --matrices  hdf5/trio1.offspring/Arima/trio1.offspring.run1.Arima_CTTGTA-CDFVM_L001_200000.h5 hdf5/trio1.offspring/Arima/trio1.offspring.run2.Arima_CTTGTA-AH5HWKBBXY_L001_200000.h5 --outFileName trio1.offspring/Arima/200000/matrix.h5
[Wed Aug 12 12:50:00 2020]
Finished job 69.
63 of 94 steps (67%) done

[Wed Aug 12 12:50:00 2020]
rule adjust:
    input: trio1.father/Dovetail/200000/matrix.h5
    output: trio1.father/Dovetail/200000/adjusted.h5
    jobid: 55
    wildcards: sample=trio1.father, protocol=Dovetail, resolution=200000

hicAdjustMatrix --matrix trio1.father/Dovetail/200000/matrix.h5 --outFileName trio1.father/Dovetail/200000/adjusted.h5  --chromosomes 1 2 3 4 5 6 7 8 9 10 11 12 13 14 15 16 17 18 19 20 21 22 23 24 25 26 27 28 29 X --action keep
[Wed Aug 12 12:50:03 2020]
Finished job 21.
64 of 94 steps (68%) done

[Wed Aug 12 12:50:03 2020]
rule diagnostic:
    input: trio1.offspring/Dovetail/200000/corrected.h5
    output: trio1.offspring/Dovetail/200000/corrected_diagnostic.png
    jobid: 7
    wildcards: sample=trio1.offspring, protocol=Dovetail, resolution=200000, type=corrected

hicCorrectMatrix diagnostic_plot -m trio1.offspring/Dovetail/200000/corrected.h5 -o trio1.offspring/Dovetail/200000/corrected_diagnostic.png
[Wed Aug 12 12:50:06 2020]
Finished job 55.
65 of 94 steps (69%) done

[Wed Aug 12 12:50:06 2020]
rule normalize:
    input: trio1.father/Dovetail/200000/adjusted.h5
    output: trio1.father/Dovetail/200000/normalized.h5
    jobid: 41
    wildcards: sample=trio1.father, protocol=Dovetail, resolution=200000

hicNormalize --matrices trio1.father/Dovetail/200000/adjusted.h5 --outFileName trio1.father/Dovetail/200000/normalized.h5 --normalize smallest
[Wed Aug 12 12:50:07 2020]
Finished job 61.
66 of 94 steps (70%) done

[Wed Aug 12 12:50:07 2020]
rule adjust:
    input: trio1.offspring/Arima/200000/matrix.h5
    output: trio1.offspring/Arima/200000/adjusted.h5
    jobid: 47
    wildcards: sample=trio1.offspring, protocol=Arima, resolution=200000

hicAdjustMatrix --matrix trio1.offspring/Arima/200000/matrix.h5 --outFileName trio1.offspring/Arima/200000/adjusted.h5  --chromosomes 1 2 3 4 5 6 7 8 9 10 11 12 13 14 15 16 17 18 19 20 21 22 23 24 25 26 27 28 29 X --action keep
[Wed Aug 12 12:50:08 2020]
Finished job 32.
67 of 94 steps (71%) done

[Wed Aug 12 12:50:08 2020]
rule correct:
    input: trio1.offspring/Maison-plus/50000/normalized.h5
    output: trio1.offspring/Maison-plus/50000/corrected.h5
    jobid: 18
    wildcards: sample=trio1.offspring, protocol=Maison-plus, resolution=50000

hicCorrectMatrix correct --matrix trio1.offspring/Maison-plus/50000/normalized.h5 --outFileName trio1.offspring/Maison-plus/50000/corrected.h5
[Wed Aug 12 12:50:08 2020]
Finished job 28.
68 of 94 steps (72%) done

[Wed Aug 12 12:50:08 2020]
rule diagnostic:
    input: trio1.father/Dovetail/50000/corrected.h5
    output: trio1.father/Dovetail/50000/corrected_diagnostic.png
    jobid: 14
    wildcards: sample=trio1.father, protocol=Dovetail, resolution=50000, type=corrected

hicCorrectMatrix diagnostic_plot -m trio1.father/Dovetail/50000/corrected.h5 -o trio1.father/Dovetail/50000/corrected_diagnostic.png
[Wed Aug 12 12:50:10 2020]
Finished job 41.
69 of 94 steps (73%) done

[Wed Aug 12 12:50:10 2020]
rule correct:
    input: trio1.father/Dovetail/200000/normalized.h5
    output: trio1.father/Dovetail/200000/corrected.h5
    jobid: 27
    wildcards: sample=trio1.father, protocol=Dovetail, resolution=200000

hicCorrectMatrix correct --matrix trio1.father/Dovetail/200000/normalized.h5 --outFileName trio1.father/Dovetail/200000/corrected.h5
[Wed Aug 12 12:50:16 2020]
Finished job 47.
70 of 94 steps (74%) done

[Wed Aug 12 12:50:16 2020]
rule normalize:
    input: trio1.offspring/Arima/200000/adjusted.h5
    output: trio1.offspring/Arima/200000/normalized.h5
    jobid: 33
    wildcards: sample=trio1.offspring, protocol=Arima, resolution=200000

hicNormalize --matrices trio1.offspring/Arima/200000/adjusted.h5 --outFileName trio1.offspring/Arima/200000/normalized.h5 --normalize smallest
[Wed Aug 12 12:50:16 2020]
Finished job 27.
71 of 94 steps (76%) done

[Wed Aug 12 12:50:16 2020]
rule diagnostic:
    input: trio1.father/Dovetail/200000/corrected.h5
    output: trio1.father/Dovetail/200000/corrected_diagnostic.png
    jobid: 13
    wildcards: sample=trio1.father, protocol=Dovetail, resolution=200000, type=corrected

hicCorrectMatrix diagnostic_plot -m trio1.father/Dovetail/200000/corrected.h5 -o trio1.father/Dovetail/200000/corrected_diagnostic.png
[Wed Aug 12 12:50:18 2020]
Finished job 8.
72 of 94 steps (77%) done

[Wed Aug 12 12:50:18 2020]
rule mergeprotocol:
    input: hdf5/trio1.offspring/Maison-minus/trio1.offspring.run1.Maison-minus_TTACAG-CDFVM_L001_50000.h5
    output: trio1.offspring/Maison-minus/50000/matrix.h5
    jobid: 58
    wildcards: sample=trio1.offspring, protocol=Maison-minus, resolution=50000

hicSumMatrices --matrices  hdf5/trio1.offspring/Maison-minus/trio1.offspring.run1.Maison-minus_TTACAG-CDFVM_L001_50000.h5 --outFileName trio1.offspring/Maison-minus/50000/matrix.h5
[Wed Aug 12 12:50:20 2020]
Finished job 7.
73 of 94 steps (78%) done

[Wed Aug 12 12:50:20 2020]
rule mergeprotocol:
    input: hdf5/trio1.offspring/Maison-minus/trio1.offspring.run1.Maison-minus_TTACAG-CDFVM_L001_200000.h5
    output: trio1.offspring/Maison-minus/200000/matrix.h5
    jobid: 57
    wildcards: sample=trio1.offspring, protocol=Maison-minus, resolution=200000

hicSumMatrices --matrices  hdf5/trio1.offspring/Maison-minus/trio1.offspring.run1.Maison-minus_TTACAG-CDFVM_L001_200000.h5 --outFileName trio1.offspring/Maison-minus/200000/matrix.h5
[Wed Aug 12 12:50:21 2020]
Finished job 14.
74 of 94 steps (79%) done
[Wed Aug 12 12:50:22 2020]
Finished job 33.
75 of 94 steps (80%) done

[Wed Aug 12 12:50:22 2020]
rule correct:
    input: trio1.offspring/Arima/200000/normalized.h5
    output: trio1.offspring/Arima/200000/corrected.h5
    jobid: 19
    wildcards: sample=trio1.offspring, protocol=Arima, resolution=200000

hicCorrectMatrix correct --matrix trio1.offspring/Arima/200000/normalized.h5 --outFileName trio1.offspring/Arima/200000/corrected.h5
[Wed Aug 12 12:50:24 2020]
Finished job 57.
76 of 94 steps (81%) done

[Wed Aug 12 12:50:24 2020]
rule adjust:
    input: trio1.offspring/Maison-minus/200000/matrix.h5
    output: trio1.offspring/Maison-minus/200000/adjusted.h5
    jobid: 43
    wildcards: sample=trio1.offspring, protocol=Maison-minus, resolution=200000

hicAdjustMatrix --matrix trio1.offspring/Maison-minus/200000/matrix.h5 --outFileName trio1.offspring/Maison-minus/200000/adjusted.h5  --chromosomes 1 2 3 4 5 6 7 8 9 10 11 12 13 14 15 16 17 18 19 20 21 22 23 24 25 26 27 28 29 X --action keep
[Wed Aug 12 12:50:24 2020]
Finished job 13.
77 of 94 steps (82%) done
[Wed Aug 12 12:50:25 2020]
Finished job 58.
78 of 94 steps (83%) done

[Wed Aug 12 12:50:25 2020]
rule adjust:
    input: trio1.offspring/Maison-minus/50000/matrix.h5
    output: trio1.offspring/Maison-minus/50000/adjusted.h5
    jobid: 44
    wildcards: sample=trio1.offspring, protocol=Maison-minus, resolution=50000

hicAdjustMatrix --matrix trio1.offspring/Maison-minus/50000/matrix.h5 --outFileName trio1.offspring/Maison-minus/50000/adjusted.h5  --chromosomes 1 2 3 4 5 6 7 8 9 10 11 12 13 14 15 16 17 18 19 20 21 22 23 24 25 26 27 28 29 X --action keep
[Wed Aug 12 12:50:28 2020]
Finished job 43.
79 of 94 steps (84%) done

[Wed Aug 12 12:50:28 2020]
rule normalize:
    input: trio1.offspring/Maison-minus/200000/adjusted.h5
    output: trio1.offspring/Maison-minus/200000/normalized.h5
    jobid: 29
    wildcards: sample=trio1.offspring, protocol=Maison-minus, resolution=200000

hicNormalize --matrices trio1.offspring/Maison-minus/200000/adjusted.h5 --outFileName trio1.offspring/Maison-minus/200000/normalized.h5 --normalize smallest
[Wed Aug 12 12:50:28 2020]
Finished job 3.
80 of 94 steps (85%) done
[Wed Aug 12 12:50:32 2020]
Finished job 29.
81 of 94 steps (86%) done

[Wed Aug 12 12:50:32 2020]
rule correct:
    input: trio1.offspring/Maison-minus/200000/normalized.h5
    output: trio1.offspring/Maison-minus/200000/corrected.h5
    jobid: 15
    wildcards: sample=trio1.offspring, protocol=Maison-minus, resolution=200000

hicCorrectMatrix correct --matrix trio1.offspring/Maison-minus/200000/normalized.h5 --outFileName trio1.offspring/Maison-minus/200000/corrected.h5
[Wed Aug 12 12:50:34 2020]
Finished job 44.
82 of 94 steps (87%) done

[Wed Aug 12 12:50:34 2020]
rule normalize:
    input: trio1.offspring/Maison-minus/50000/adjusted.h5
    output: trio1.offspring/Maison-minus/50000/normalized.h5
    jobid: 30
    wildcards: sample=trio1.offspring, protocol=Maison-minus, resolution=50000

hicNormalize --matrices trio1.offspring/Maison-minus/50000/adjusted.h5 --outFileName trio1.offspring/Maison-minus/50000/normalized.h5 --normalize smallest
[Wed Aug 12 12:50:35 2020]
Finished job 19.
83 of 94 steps (88%) done

[Wed Aug 12 12:50:35 2020]
rule diagnostic:
    input: trio1.offspring/Arima/200000/corrected.h5
    output: trio1.offspring/Arima/200000/corrected_diagnostic.png
    jobid: 5
    wildcards: sample=trio1.offspring, protocol=Arima, resolution=200000, type=corrected

hicCorrectMatrix diagnostic_plot -m trio1.offspring/Arima/200000/corrected.h5 -o trio1.offspring/Arima/200000/corrected_diagnostic.png
[Wed Aug 12 12:50:36 2020]
Finished job 15.
84 of 94 steps (89%) done

[Wed Aug 12 12:50:36 2020]
rule diagnostic:
    input: trio1.offspring/Maison-minus/200000/corrected.h5
    output: trio1.offspring/Maison-minus/200000/corrected_diagnostic.png
    jobid: 1
    wildcards: sample=trio1.offspring, protocol=Maison-minus, resolution=200000, type=corrected

hicCorrectMatrix diagnostic_plot -m trio1.offspring/Maison-minus/200000/corrected.h5 -o trio1.offspring/Maison-minus/200000/corrected_diagnostic.png
[Wed Aug 12 12:50:39 2020]
Finished job 24.
85 of 94 steps (90%) done

[Wed Aug 12 12:50:39 2020]
rule diagnostic:
    input: trio1.father/Maison/50000/corrected.h5
    output: trio1.father/Maison/50000/corrected_diagnostic.png
    jobid: 10
    wildcards: sample=trio1.father, protocol=Maison, resolution=50000, type=corrected

hicCorrectMatrix diagnostic_plot -m trio1.father/Maison/50000/corrected.h5 -o trio1.father/Maison/50000/corrected_diagnostic.png
[Wed Aug 12 12:50:39 2020]
Finished job 30.
86 of 94 steps (91%) done

[Wed Aug 12 12:50:39 2020]
rule correct:
    input: trio1.offspring/Maison-minus/50000/normalized.h5
    output: trio1.offspring/Maison-minus/50000/corrected.h5
    jobid: 16
    wildcards: sample=trio1.offspring, protocol=Maison-minus, resolution=50000

hicCorrectMatrix correct --matrix trio1.offspring/Maison-minus/50000/normalized.h5 --outFileName trio1.offspring/Maison-minus/50000/corrected.h5
[Wed Aug 12 12:50:42 2020]
Finished job 1.
87 of 94 steps (93%) done
[Wed Aug 12 12:50:46 2020]
Finished job 5.
88 of 94 steps (94%) done
[Wed Aug 12 12:50:47 2020]
Finished job 16.
89 of 94 steps (95%) done

[Wed Aug 12 12:50:47 2020]
rule diagnostic:
    input: trio1.offspring/Maison-minus/50000/corrected.h5
    output: trio1.offspring/Maison-minus/50000/corrected_diagnostic.png
    jobid: 2
    wildcards: sample=trio1.offspring, protocol=Maison-minus, resolution=50000, type=corrected

hicCorrectMatrix diagnostic_plot -m trio1.offspring/Maison-minus/50000/corrected.h5 -o trio1.offspring/Maison-minus/50000/corrected_diagnostic.png
[Wed Aug 12 12:51:04 2020]
Finished job 10.
90 of 94 steps (96%) done
[Wed Aug 12 12:51:41 2020]
Finished job 18.
91 of 94 steps (97%) done

[Wed Aug 12 12:51:41 2020]
rule diagnostic:
    input: trio1.offspring/Maison-plus/50000/corrected.h5
    output: trio1.offspring/Maison-plus/50000/corrected_diagnostic.png
    jobid: 4
    wildcards: sample=trio1.offspring, protocol=Maison-plus, resolution=50000, type=corrected

hicCorrectMatrix diagnostic_plot -m trio1.offspring/Maison-plus/50000/corrected.h5 -o trio1.offspring/Maison-plus/50000/corrected_diagnostic.png
[Wed Aug 12 12:52:18 2020]
Finished job 4.
92 of 94 steps (98%) done
Terminating processes on user request, this might take some time.
[Wed Aug 12 14:24:46 2020]
Error in rule diagnostic:
    jobid: 2
    output: trio1.offspring/Maison-minus/50000/corrected_diagnostic.png
    shell:
        hicCorrectMatrix diagnostic_plot -m trio1.offspring/Maison-minus/50000/corrected.h5 -o trio1.offspring/Maison-minus/50000/corrected_diagnostic.png
        (one of the commands exited with non-zero exit code; note that snakemake uses bash strict mode!)

Cancelling snakemake on user request.
