Building DAG of jobs...
Using shell: /usr/bin/bash
Provided cores: 4
Rules claiming more threads will be scaled down.
Job counts:
	count	jobs
	1	all
	2	correct
	2	normalize
	20	plotMatrix
	25

[Wed Aug 12 15:06:37 2020]
rule plotMatrix:
    input: trio1.offspring/merged/200000/corrected.h5
    output: trio1.offspring/merged/200000/1:2200000-2800000_plot.png
    jobid: 5
    wildcards: sample=trio1.offspring, resolution=200000, region=1:2200000-2800000

hicPlotMatrix --matrix trio1.offspring/merged/200000/corrected.h5 --output trio1.offspring/merged/200000/1:2200000-2800000_plot.png --region 1:1-158534110 1:1000000-6000000 1:1500000-3500000 1:2000000-3000000 1:2200000-2800000 --log

[Wed Aug 12 15:06:37 2020]
rule plotMatrix:
    input: trio1.offspring/merged/200000/corrected.h5
    output: trio1.offspring/merged/200000/1:1-158534110_plot.png
    jobid: 1
    wildcards: sample=trio1.offspring, resolution=200000, region=1:1-158534110

hicPlotMatrix --matrix trio1.offspring/merged/200000/corrected.h5 --output trio1.offspring/merged/200000/1:1-158534110_plot.png --region 1:1-158534110 1:1000000-6000000 1:1500000-3500000 1:2000000-3000000 1:2200000-2800000 --log

[Wed Aug 12 15:06:37 2020]
rule plotMatrix:
    input: trio1.offspring/merged/200000/corrected.h5
    output: trio1.offspring/merged/200000/1:2000000-3000000_plot.png
    jobid: 4
    wildcards: sample=trio1.offspring, resolution=200000, region=1:2000000-3000000

hicPlotMatrix --matrix trio1.offspring/merged/200000/corrected.h5 --output trio1.offspring/merged/200000/1:2000000-3000000_plot.png --region 1:1-158534110 1:1000000-6000000 1:1500000-3500000 1:2000000-3000000 1:2200000-2800000 --log

[Wed Aug 12 15:06:37 2020]
rule plotMatrix:
    input: trio1.offspring/merged/200000/corrected.h5
    output: trio1.offspring/merged/200000/1:1000000-6000000_plot.png
    jobid: 2
    wildcards: sample=trio1.offspring, resolution=200000, region=1:1000000-6000000

hicPlotMatrix --matrix trio1.offspring/merged/200000/corrected.h5 --output trio1.offspring/merged/200000/1:1000000-6000000_plot.png --region 1:1-158534110 1:1000000-6000000 1:1500000-3500000 1:2000000-3000000 1:2200000-2800000 --log
Terminating processes on user request, this might take some time.
[Wed Aug 12 15:06:39 2020]
Error in rule plotMatrix:
    jobid: 2
    output: trio1.offspring/merged/200000/1:1000000-6000000_plot.png
    shell:
        hicPlotMatrix --matrix trio1.offspring/merged/200000/corrected.h5 --output trio1.offspring/merged/200000/1:1000000-6000000_plot.png --region 1:1-158534110 1:1000000-6000000 1:1500000-3500000 1:2000000-3000000 1:2200000-2800000 --log
        (one of the commands exited with non-zero exit code; note that snakemake uses bash strict mode!)

[Wed Aug 12 15:06:39 2020]
Error in rule plotMatrix:
    jobid: 1
    output: trio1.offspring/merged/200000/1:1-158534110_plot.png
    shell:
        hicPlotMatrix --matrix trio1.offspring/merged/200000/corrected.h5 --output trio1.offspring/merged/200000/1:1-158534110_plot.png --region 1:1-158534110 1:1000000-6000000 1:1500000-3500000 1:2000000-3000000 1:2200000-2800000 --log
        (one of the commands exited with non-zero exit code; note that snakemake uses bash strict mode!)

[Wed Aug 12 15:06:39 2020]
Error in rule plotMatrix:
    jobid: 4
    output: trio1.offspring/merged/200000/1:2000000-3000000_plot.png
    shell:
        hicPlotMatrix --matrix trio1.offspring/merged/200000/corrected.h5 --output trio1.offspring/merged/200000/1:2000000-3000000_plot.png --region 1:1-158534110 1:1000000-6000000 1:1500000-3500000 1:2000000-3000000 1:2200000-2800000 --log
        (one of the commands exited with non-zero exit code; note that snakemake uses bash strict mode!)

[Wed Aug 12 15:06:39 2020]
Error in rule plotMatrix:
    jobid: 5
    output: trio1.offspring/merged/200000/1:2200000-2800000_plot.png
    shell:
        hicPlotMatrix --matrix trio1.offspring/merged/200000/corrected.h5 --output trio1.offspring/merged/200000/1:2200000-2800000_plot.png --region 1:1-158534110 1:1000000-6000000 1:1500000-3500000 1:2000000-3000000 1:2200000-2800000 --log
        (one of the commands exited with non-zero exit code; note that snakemake uses bash strict mode!)

Complete log: /work2/genphyse/dynagen/jmartin/polledHiC/workflows/hicexplorer_jm/.snakemake/log/2020-08-12T150636.253798.snakemake.log
