Building DAG of jobs...
Using shell: /usr/bin/bash
Provided cores: 4
Rules claiming more threads will be scaled down.
Job counts:
	count	jobs
	4	adjust
	1	all
	24	conversion
	4	correct
	4	merge
	14	mergeprotocol
	4	normalize
	20	plotMatrix
	75

[Thu Aug 13 16:54:17 2020]
rule conversion:
    input: /work2/genphyse/dynagen/jmartin/polledHiC/work/trio1.offspring.Maison-plus/hic_results/matrix/raw/trio1.offspring.run2.Maison-plus_GACGTC-AH5HWKBBXY_L001_50000.matrix, /work2/genphyse/dynagen/jmartin/polledHiC/work/trio1.offspring.Maison-plus/hic_results/matrix/raw/trio1.offspring.run2.Maison-plus_GACGTC-AH5HWKBBXY_L001_50000_abs.bed
    output: hdf5/trio1.offspring/Maison-plus/trio1.offspring.run2.Maison-plus_GACGTC-AH5HWKBBXY_L001_50000.h5
    jobid: 61
    wildcards: sample=trio1.offspring, protocol=Maison-plus, run=trio1.offspring.run2.Maison-plus_GACGTC-AH5HWKBBXY_L001, resolution=50000

hicConvertFormat --matrices /work2/genphyse/dynagen/jmartin/polledHiC/work/trio1.offspring.Maison-plus/hic_results/matrix/raw/trio1.offspring.run2.Maison-plus_GACGTC-AH5HWKBBXY_L001_50000.matrix --bedFileHicpro /work2/genphyse/dynagen/jmartin/polledHiC/work/trio1.offspring.Maison-plus/hic_results/matrix/raw/trio1.offspring.run2.Maison-plus_GACGTC-AH5HWKBBXY_L001_50000_abs.bed --outFileName hdf5/trio1.offspring/Maison-plus/trio1.offspring.run2.Maison-plus_GACGTC-AH5HWKBBXY_L001_50000.h5 --outputFormat h5 --inputFormat hicpro

[Thu Aug 13 16:54:17 2020]
rule conversion:
    input: /work2/genphyse/dynagen/jmartin/polledHiC/work/trio1.offspring.Maison-plus/hic_results/matrix/raw/trio1.offspring.run3.Maison-plus_GACGTCTT-GGTTCACC-AHGK7YDRXX_L002_200000.matrix, /work2/genphyse/dynagen/jmartin/polledHiC/work/trio1.offspring.Maison-plus/hic_results/matrix/raw/trio1.offspring.run3.Maison-plus_GACGTCTT-GGTTCACC-AHGK7YDRXX_L002_200000_abs.bed
    output: hdf5/trio1.offspring/Maison-plus/trio1.offspring.run3.Maison-plus_GACGTCTT-GGTTCACC-AHGK7YDRXX_L002_200000.h5
    jobid: 52
    wildcards: sample=trio1.offspring, protocol=Maison-plus, run=trio1.offspring.run3.Maison-plus_GACGTCTT-GGTTCACC-AHGK7YDRXX_L002, resolution=200000

hicConvertFormat --matrices /work2/genphyse/dynagen/jmartin/polledHiC/work/trio1.offspring.Maison-plus/hic_results/matrix/raw/trio1.offspring.run3.Maison-plus_GACGTCTT-GGTTCACC-AHGK7YDRXX_L002_200000.matrix --bedFileHicpro /work2/genphyse/dynagen/jmartin/polledHiC/work/trio1.offspring.Maison-plus/hic_results/matrix/raw/trio1.offspring.run3.Maison-plus_GACGTCTT-GGTTCACC-AHGK7YDRXX_L002_200000_abs.bed --outFileName hdf5/trio1.offspring/Maison-plus/trio1.offspring.run3.Maison-plus_GACGTCTT-GGTTCACC-AHGK7YDRXX_L002_200000.h5 --outputFormat h5 --inputFormat hicpro

[Thu Aug 13 16:54:17 2020]
rule conversion:
    input: /work2/genphyse/dynagen/jmartin/polledHiC/work/trio1.father.Maison/hic_results/matrix/raw/trio1.father.run1.Maison_GACCTGAA-TTGGTGAG-AHGK7YDRXX_L002_50000.matrix, /work2/genphyse/dynagen/jmartin/polledHiC/work/trio1.father.Maison/hic_results/matrix/raw/trio1.father.run1.Maison_GACCTGAA-TTGGTGAG-AHGK7YDRXX_L002_50000_abs.bed
    output: hdf5/trio1.father/Maison/trio1.father.run1.Maison_GACCTGAA-TTGGTGAG-AHGK7YDRXX_L002_50000.h5
    jobid: 74
    wildcards: sample=trio1.father, protocol=Maison, run=trio1.father.run1.Maison_GACCTGAA-TTGGTGAG-AHGK7YDRXX_L002, resolution=50000

hicConvertFormat --matrices /work2/genphyse/dynagen/jmartin/polledHiC/work/trio1.father.Maison/hic_results/matrix/raw/trio1.father.run1.Maison_GACCTGAA-TTGGTGAG-AHGK7YDRXX_L002_50000.matrix --bedFileHicpro /work2/genphyse/dynagen/jmartin/polledHiC/work/trio1.father.Maison/hic_results/matrix/raw/trio1.father.run1.Maison_GACCTGAA-TTGGTGAG-AHGK7YDRXX_L002_50000_abs.bed --outFileName hdf5/trio1.father/Maison/trio1.father.run1.Maison_GACCTGAA-TTGGTGAG-AHGK7YDRXX_L002_50000.h5 --outputFormat h5 --inputFormat hicpro

[Thu Aug 13 16:54:17 2020]
rule conversion:
    input: /work2/genphyse/dynagen/jmartin/polledHiC/work/trio1.offspring.Maison-plus/hic_results/matrix/raw/trio1.offspring.run3.Maison-plus_GACGTCTT-GGTTCACC-AHGK7YDRXX_L002_50000.matrix, /work2/genphyse/dynagen/jmartin/polledHiC/work/trio1.offspring.Maison-plus/hic_results/matrix/raw/trio1.offspring.run3.Maison-plus_GACGTCTT-GGTTCACC-AHGK7YDRXX_L002_50000_abs.bed
    output: hdf5/trio1.offspring/Maison-plus/trio1.offspring.run3.Maison-plus_GACGTCTT-GGTTCACC-AHGK7YDRXX_L002_50000.h5
    jobid: 60
    wildcards: sample=trio1.offspring, protocol=Maison-plus, run=trio1.offspring.run3.Maison-plus_GACGTCTT-GGTTCACC-AHGK7YDRXX_L002, resolution=50000

hicConvertFormat --matrices /work2/genphyse/dynagen/jmartin/polledHiC/work/trio1.offspring.Maison-plus/hic_results/matrix/raw/trio1.offspring.run3.Maison-plus_GACGTCTT-GGTTCACC-AHGK7YDRXX_L002_50000.matrix --bedFileHicpro /work2/genphyse/dynagen/jmartin/polledHiC/work/trio1.offspring.Maison-plus/hic_results/matrix/raw/trio1.offspring.run3.Maison-plus_GACGTCTT-GGTTCACC-AHGK7YDRXX_L002_50000_abs.bed --outFileName hdf5/trio1.offspring/Maison-plus/trio1.offspring.run3.Maison-plus_GACGTCTT-GGTTCACC-AHGK7YDRXX_L002_50000.h5 --outputFormat h5 --inputFormat hicpro
[Thu Aug 13 16:55:04 2020]
Finished job 61.
1 of 75 steps (1%) done

[Thu Aug 13 16:55:04 2020]
rule conversion:
    input: /work2/genphyse/dynagen/jmartin/polledHiC/work/trio1.offspring.Dovetail/hic_results/matrix/raw/trio1.offspring.run2.Dovetail_GCCAAT-AH5HWKBBXY_L001_50000.matrix, /work2/genphyse/dynagen/jmartin/polledHiC/work/trio1.offspring.Dovetail/hic_results/matrix/raw/trio1.offspring.run2.Dovetail_GCCAAT-AH5HWKBBXY_L001_50000_abs.bed
    output: hdf5/trio1.offspring/Dovetail/trio1.offspring.run2.Dovetail_GCCAAT-AH5HWKBBXY_L001_50000.h5
    jobid: 65
    wildcards: sample=trio1.offspring, protocol=Dovetail, run=trio1.offspring.run2.Dovetail_GCCAAT-AH5HWKBBXY_L001, resolution=50000

hicConvertFormat --matrices /work2/genphyse/dynagen/jmartin/polledHiC/work/trio1.offspring.Dovetail/hic_results/matrix/raw/trio1.offspring.run2.Dovetail_GCCAAT-AH5HWKBBXY_L001_50000.matrix --bedFileHicpro /work2/genphyse/dynagen/jmartin/polledHiC/work/trio1.offspring.Dovetail/hic_results/matrix/raw/trio1.offspring.run2.Dovetail_GCCAAT-AH5HWKBBXY_L001_50000_abs.bed --outFileName hdf5/trio1.offspring/Dovetail/trio1.offspring.run2.Dovetail_GCCAAT-AH5HWKBBXY_L001_50000.h5 --outputFormat h5 --inputFormat hicpro
[Thu Aug 13 16:55:19 2020]
Finished job 52.
2 of 75 steps (3%) done

[Thu Aug 13 16:55:19 2020]
rule conversion:
    input: /work2/genphyse/dynagen/jmartin/polledHiC/work/trio1.father.Maison/hic_results/matrix/raw/trio1.father.run1.Maison_GACCTGAA-TTGGTGAG-AHGK7YDRXX_L002_200000.matrix, /work2/genphyse/dynagen/jmartin/polledHiC/work/trio1.father.Maison/hic_results/matrix/raw/trio1.father.run1.Maison_GACCTGAA-TTGGTGAG-AHGK7YDRXX_L002_200000_abs.bed
    output: hdf5/trio1.father/Maison/trio1.father.run1.Maison_GACCTGAA-TTGGTGAG-AHGK7YDRXX_L002_200000.h5
    jobid: 70
    wildcards: sample=trio1.father, protocol=Maison, run=trio1.father.run1.Maison_GACCTGAA-TTGGTGAG-AHGK7YDRXX_L002, resolution=200000

hicConvertFormat --matrices /work2/genphyse/dynagen/jmartin/polledHiC/work/trio1.father.Maison/hic_results/matrix/raw/trio1.father.run1.Maison_GACCTGAA-TTGGTGAG-AHGK7YDRXX_L002_200000.matrix --bedFileHicpro /work2/genphyse/dynagen/jmartin/polledHiC/work/trio1.father.Maison/hic_results/matrix/raw/trio1.father.run1.Maison_GACCTGAA-TTGGTGAG-AHGK7YDRXX_L002_200000_abs.bed --outFileName hdf5/trio1.father/Maison/trio1.father.run1.Maison_GACCTGAA-TTGGTGAG-AHGK7YDRXX_L002_200000.h5 --outputFormat h5 --inputFormat hicpro
[Thu Aug 13 16:55:27 2020]
Finished job 74.
3 of 75 steps (4%) done

[Thu Aug 13 16:55:27 2020]
rule conversion:
    input: /work2/genphyse/dynagen/jmartin/polledHiC/work/trio1.offspring.Arima/hic_results/matrix/raw/trio1.offspring.run2.Arima_CTTGTA-AH5HWKBBXY_L001_50000.matrix, /work2/genphyse/dynagen/jmartin/polledHiC/work/trio1.offspring.Arima/hic_results/matrix/raw/trio1.offspring.run2.Arima_CTTGTA-AH5HWKBBXY_L001_50000_abs.bed
    output: hdf5/trio1.offspring/Arima/trio1.offspring.run2.Arima_CTTGTA-AH5HWKBBXY_L001_50000.h5
    jobid: 64
    wildcards: sample=trio1.offspring, protocol=Arima, run=trio1.offspring.run2.Arima_CTTGTA-AH5HWKBBXY_L001, resolution=50000

hicConvertFormat --matrices /work2/genphyse/dynagen/jmartin/polledHiC/work/trio1.offspring.Arima/hic_results/matrix/raw/trio1.offspring.run2.Arima_CTTGTA-AH5HWKBBXY_L001_50000.matrix --bedFileHicpro /work2/genphyse/dynagen/jmartin/polledHiC/work/trio1.offspring.Arima/hic_results/matrix/raw/trio1.offspring.run2.Arima_CTTGTA-AH5HWKBBXY_L001_50000_abs.bed --outFileName hdf5/trio1.offspring/Arima/trio1.offspring.run2.Arima_CTTGTA-AH5HWKBBXY_L001_50000.h5 --outputFormat h5 --inputFormat hicpro
[Thu Aug 13 16:55:52 2020]
Finished job 65.
4 of 75 steps (5%) done

[Thu Aug 13 16:55:52 2020]
rule conversion:
    input: /work2/genphyse/dynagen/jmartin/polledHiC/work/trio1.offspring.Maison-plus/hic_results/matrix/raw/trio1.offspring.run2.Maison-plus_GACGTC-AH5HWKBBXY_L001_200000.matrix, /work2/genphyse/dynagen/jmartin/polledHiC/work/trio1.offspring.Maison-plus/hic_results/matrix/raw/trio1.offspring.run2.Maison-plus_GACGTC-AH5HWKBBXY_L001_200000_abs.bed
    output: hdf5/trio1.offspring/Maison-plus/trio1.offspring.run2.Maison-plus_GACGTC-AH5HWKBBXY_L001_200000.h5
    jobid: 53
    wildcards: sample=trio1.offspring, protocol=Maison-plus, run=trio1.offspring.run2.Maison-plus_GACGTC-AH5HWKBBXY_L001, resolution=200000

hicConvertFormat --matrices /work2/genphyse/dynagen/jmartin/polledHiC/work/trio1.offspring.Maison-plus/hic_results/matrix/raw/trio1.offspring.run2.Maison-plus_GACGTC-AH5HWKBBXY_L001_200000.matrix --bedFileHicpro /work2/genphyse/dynagen/jmartin/polledHiC/work/trio1.offspring.Maison-plus/hic_results/matrix/raw/trio1.offspring.run2.Maison-plus_GACGTC-AH5HWKBBXY_L001_200000_abs.bed --outFileName hdf5/trio1.offspring/Maison-plus/trio1.offspring.run2.Maison-plus_GACGTC-AH5HWKBBXY_L001_200000.h5 --outputFormat h5 --inputFormat hicpro
[Thu Aug 13 16:55:57 2020]
Finished job 64.
5 of 75 steps (7%) done

[Thu Aug 13 16:55:57 2020]
rule conversion:
    input: /work2/genphyse/dynagen/jmartin/polledHiC/work/trio1.offspring.Dovetail/hic_results/matrix/raw/trio1.offspring.run2.Dovetail_GCCAAT-AH5HWKBBXY_L001_200000.matrix, /work2/genphyse/dynagen/jmartin/polledHiC/work/trio1.offspring.Dovetail/hic_results/matrix/raw/trio1.offspring.run2.Dovetail_GCCAAT-AH5HWKBBXY_L001_200000_abs.bed
    output: hdf5/trio1.offspring/Dovetail/trio1.offspring.run2.Dovetail_GCCAAT-AH5HWKBBXY_L001_200000.h5
    jobid: 57
    wildcards: sample=trio1.offspring, protocol=Dovetail, run=trio1.offspring.run2.Dovetail_GCCAAT-AH5HWKBBXY_L001, resolution=200000

hicConvertFormat --matrices /work2/genphyse/dynagen/jmartin/polledHiC/work/trio1.offspring.Dovetail/hic_results/matrix/raw/trio1.offspring.run2.Dovetail_GCCAAT-AH5HWKBBXY_L001_200000.matrix --bedFileHicpro /work2/genphyse/dynagen/jmartin/polledHiC/work/trio1.offspring.Dovetail/hic_results/matrix/raw/trio1.offspring.run2.Dovetail_GCCAAT-AH5HWKBBXY_L001_200000_abs.bed --outFileName hdf5/trio1.offspring/Dovetail/trio1.offspring.run2.Dovetail_GCCAAT-AH5HWKBBXY_L001_200000.h5 --outputFormat h5 --inputFormat hicpro
[Thu Aug 13 16:55:58 2020]
Finished job 70.
6 of 75 steps (8%) done

[Thu Aug 13 16:55:58 2020]
rule conversion:
    input: /work2/genphyse/dynagen/jmartin/polledHiC/work/trio1.father.Arima/hic_results/matrix/raw/trio1.father.run2.Arima_GTCCGC-AHGVJ2DRXX_L002_50000.matrix, /work2/genphyse/dynagen/jmartin/polledHiC/work/trio1.father.Arima/hic_results/matrix/raw/trio1.father.run2.Arima_GTCCGC-AHGVJ2DRXX_L002_50000_abs.bed
    output: hdf5/trio1.father/Arima/trio1.father.run2.Arima_GTCCGC-AHGVJ2DRXX_L002_50000.h5
    jobid: 71
    wildcards: sample=trio1.father, protocol=Arima, run=trio1.father.run2.Arima_GTCCGC-AHGVJ2DRXX_L002, resolution=50000

hicConvertFormat --matrices /work2/genphyse/dynagen/jmartin/polledHiC/work/trio1.father.Arima/hic_results/matrix/raw/trio1.father.run2.Arima_GTCCGC-AHGVJ2DRXX_L002_50000.matrix --bedFileHicpro /work2/genphyse/dynagen/jmartin/polledHiC/work/trio1.father.Arima/hic_results/matrix/raw/trio1.father.run2.Arima_GTCCGC-AHGVJ2DRXX_L002_50000_abs.bed --outFileName hdf5/trio1.father/Arima/trio1.father.run2.Arima_GTCCGC-AHGVJ2DRXX_L002_50000.h5 --outputFormat h5 --inputFormat hicpro
[Thu Aug 13 16:56:12 2020]
Finished job 60.
7 of 75 steps (9%) done

[Thu Aug 13 16:56:12 2020]
rule conversion:
    input: /work2/genphyse/dynagen/jmartin/polledHiC/work/trio1.father.Arima/hic_results/matrix/raw/trio1.father.run1.Arima_GTCCGC-AHGYLVDRXX_L002_50000.matrix, /work2/genphyse/dynagen/jmartin/polledHiC/work/trio1.father.Arima/hic_results/matrix/raw/trio1.father.run1.Arima_GTCCGC-AHGYLVDRXX_L002_50000_abs.bed
    output: hdf5/trio1.father/Arima/trio1.father.run1.Arima_GTCCGC-AHGYLVDRXX_L002_50000.h5
    jobid: 72
    wildcards: sample=trio1.father, protocol=Arima, run=trio1.father.run1.Arima_GTCCGC-AHGYLVDRXX_L002, resolution=50000

hicConvertFormat --matrices /work2/genphyse/dynagen/jmartin/polledHiC/work/trio1.father.Arima/hic_results/matrix/raw/trio1.father.run1.Arima_GTCCGC-AHGYLVDRXX_L002_50000.matrix --bedFileHicpro /work2/genphyse/dynagen/jmartin/polledHiC/work/trio1.father.Arima/hic_results/matrix/raw/trio1.father.run1.Arima_GTCCGC-AHGYLVDRXX_L002_50000_abs.bed --outFileName hdf5/trio1.father/Arima/trio1.father.run1.Arima_GTCCGC-AHGYLVDRXX_L002_50000.h5 --outputFormat h5 --inputFormat hicpro
[Thu Aug 13 16:56:21 2020]
Finished job 53.
8 of 75 steps (11%) done

[Thu Aug 13 16:56:21 2020]
rule mergeprotocol:
    input: hdf5/trio1.father/Maison/trio1.father.run1.Maison_GACCTGAA-TTGGTGAG-AHGK7YDRXX_L002_50000.h5
    output: hdf5/trio1.father/Maison/50000/matrix.h5
    jobid: 50
    wildcards: sample=trio1.father, protocol=Maison, resolution=50000

hicSumMatrices --matrices  hdf5/trio1.father/Maison/trio1.father.run1.Maison_GACCTGAA-TTGGTGAG-AHGK7YDRXX_L002_50000.h5 --outFileName hdf5/trio1.father/Maison/50000/matrix.h5
[Thu Aug 13 16:56:24 2020]
Finished job 71.
9 of 75 steps (12%) done

[Thu Aug 13 16:56:24 2020]
rule conversion:
    input: /work2/genphyse/dynagen/jmartin/polledHiC/work/trio1.offspring.Arima/hic_results/matrix/raw/trio1.offspring.run2.Arima_CTTGTA-AH5HWKBBXY_L001_200000.matrix, /work2/genphyse/dynagen/jmartin/polledHiC/work/trio1.offspring.Arima/hic_results/matrix/raw/trio1.offspring.run2.Arima_CTTGTA-AH5HWKBBXY_L001_200000_abs.bed
    output: hdf5/trio1.offspring/Arima/trio1.offspring.run2.Arima_CTTGTA-AH5HWKBBXY_L001_200000.h5
    jobid: 56
    wildcards: sample=trio1.offspring, protocol=Arima, run=trio1.offspring.run2.Arima_CTTGTA-AH5HWKBBXY_L001, resolution=200000

hicConvertFormat --matrices /work2/genphyse/dynagen/jmartin/polledHiC/work/trio1.offspring.Arima/hic_results/matrix/raw/trio1.offspring.run2.Arima_CTTGTA-AH5HWKBBXY_L001_200000.matrix --bedFileHicpro /work2/genphyse/dynagen/jmartin/polledHiC/work/trio1.offspring.Arima/hic_results/matrix/raw/trio1.offspring.run2.Arima_CTTGTA-AH5HWKBBXY_L001_200000_abs.bed --outFileName hdf5/trio1.offspring/Arima/trio1.offspring.run2.Arima_CTTGTA-AH5HWKBBXY_L001_200000.h5 --outputFormat h5 --inputFormat hicpro
[Thu Aug 13 16:56:26 2020]
Finished job 57.
10 of 75 steps (13%) done

[Thu Aug 13 16:56:26 2020]
rule conversion:
    input: /work2/genphyse/dynagen/jmartin/polledHiC/work/trio1.father.Arima/hic_results/matrix/raw/trio1.father.run2.Arima_GTCCGC-AHGVJ2DRXX_L002_200000.matrix, /work2/genphyse/dynagen/jmartin/polledHiC/work/trio1.father.Arima/hic_results/matrix/raw/trio1.father.run2.Arima_GTCCGC-AHGVJ2DRXX_L002_200000_abs.bed
    output: hdf5/trio1.father/Arima/trio1.father.run2.Arima_GTCCGC-AHGVJ2DRXX_L002_200000.h5
    jobid: 67
    wildcards: sample=trio1.father, protocol=Arima, run=trio1.father.run2.Arima_GTCCGC-AHGVJ2DRXX_L002, resolution=200000

hicConvertFormat --matrices /work2/genphyse/dynagen/jmartin/polledHiC/work/trio1.father.Arima/hic_results/matrix/raw/trio1.father.run2.Arima_GTCCGC-AHGVJ2DRXX_L002_200000.matrix --bedFileHicpro /work2/genphyse/dynagen/jmartin/polledHiC/work/trio1.father.Arima/hic_results/matrix/raw/trio1.father.run2.Arima_GTCCGC-AHGVJ2DRXX_L002_200000_abs.bed --outFileName hdf5/trio1.father/Arima/trio1.father.run2.Arima_GTCCGC-AHGVJ2DRXX_L002_200000.h5 --outputFormat h5 --inputFormat hicpro
[Thu Aug 13 16:56:33 2020]
Finished job 72.
11 of 75 steps (15%) done

[Thu Aug 13 16:56:33 2020]
rule mergeprotocol:
    input: hdf5/trio1.father/Arima/trio1.father.run2.Arima_GTCCGC-AHGVJ2DRXX_L002_50000.h5, hdf5/trio1.father/Arima/trio1.father.run1.Arima_GTCCGC-AHGYLVDRXX_L002_50000.h5
    output: hdf5/trio1.father/Arima/50000/matrix.h5
    jobid: 48
    wildcards: sample=trio1.father, protocol=Arima, resolution=50000

hicSumMatrices --matrices  hdf5/trio1.father/Arima/trio1.father.run2.Arima_GTCCGC-AHGVJ2DRXX_L002_50000.h5 hdf5/trio1.father/Arima/trio1.father.run1.Arima_GTCCGC-AHGYLVDRXX_L002_50000.h5 --outFileName hdf5/trio1.father/Arima/50000/matrix.h5
[Thu Aug 13 16:56:34 2020]
Finished job 50.
12 of 75 steps (16%) done

[Thu Aug 13 16:56:34 2020]
rule conversion:
    input: /work2/genphyse/dynagen/jmartin/polledHiC/work/trio1.father.Arima/hic_results/matrix/raw/trio1.father.run1.Arima_GTCCGC-AHGYLVDRXX_L002_200000.matrix, /work2/genphyse/dynagen/jmartin/polledHiC/work/trio1.father.Arima/hic_results/matrix/raw/trio1.father.run1.Arima_GTCCGC-AHGYLVDRXX_L002_200000_abs.bed
    output: hdf5/trio1.father/Arima/trio1.father.run1.Arima_GTCCGC-AHGYLVDRXX_L002_200000.h5
    jobid: 68
    wildcards: sample=trio1.father, protocol=Arima, run=trio1.father.run1.Arima_GTCCGC-AHGYLVDRXX_L002, resolution=200000

hicConvertFormat --matrices /work2/genphyse/dynagen/jmartin/polledHiC/work/trio1.father.Arima/hic_results/matrix/raw/trio1.father.run1.Arima_GTCCGC-AHGYLVDRXX_L002_200000.matrix --bedFileHicpro /work2/genphyse/dynagen/jmartin/polledHiC/work/trio1.father.Arima/hic_results/matrix/raw/trio1.father.run1.Arima_GTCCGC-AHGYLVDRXX_L002_200000_abs.bed --outFileName hdf5/trio1.father/Arima/trio1.father.run1.Arima_GTCCGC-AHGYLVDRXX_L002_200000.h5 --outputFormat h5 --inputFormat hicpro
[Thu Aug 13 16:56:42 2020]
Finished job 56.
13 of 75 steps (17%) done

[Thu Aug 13 16:56:42 2020]
rule mergeprotocol:
    input: hdf5/trio1.father/Maison/trio1.father.run1.Maison_GACCTGAA-TTGGTGAG-AHGK7YDRXX_L002_200000.h5
    output: hdf5/trio1.father/Maison/200000/matrix.h5
    jobid: 47
    wildcards: sample=trio1.father, protocol=Maison, resolution=200000

hicSumMatrices --matrices  hdf5/trio1.father/Maison/trio1.father.run1.Maison_GACCTGAA-TTGGTGAG-AHGK7YDRXX_L002_200000.h5 --outFileName hdf5/trio1.father/Maison/200000/matrix.h5
[Thu Aug 13 16:56:42 2020]
Finished job 67.
14 of 75 steps (19%) done

[Thu Aug 13 16:56:42 2020]
rule conversion:
    input: /work2/genphyse/dynagen/jmartin/polledHiC/work/trio1.father.Dovetail/hic_results/matrix/raw/trio1.father.run1.Dovetail_CGGACAAC-TCCGGATT-CG82N_L001_50000.matrix, /work2/genphyse/dynagen/jmartin/polledHiC/work/trio1.father.Dovetail/hic_results/matrix/raw/trio1.father.run1.Dovetail_CGGACAAC-TCCGGATT-CG82N_L001_50000_abs.bed
    output: hdf5/trio1.father/Dovetail/trio1.father.run1.Dovetail_CGGACAAC-TCCGGATT-CG82N_L001_50000.h5
    jobid: 73
    wildcards: sample=trio1.father, protocol=Dovetail, run=trio1.father.run1.Dovetail_CGGACAAC-TCCGGATT-CG82N_L001, resolution=50000

hicConvertFormat --matrices /work2/genphyse/dynagen/jmartin/polledHiC/work/trio1.father.Dovetail/hic_results/matrix/raw/trio1.father.run1.Dovetail_CGGACAAC-TCCGGATT-CG82N_L001_50000.matrix --bedFileHicpro /work2/genphyse/dynagen/jmartin/polledHiC/work/trio1.father.Dovetail/hic_results/matrix/raw/trio1.father.run1.Dovetail_CGGACAAC-TCCGGATT-CG82N_L001_50000_abs.bed --outFileName hdf5/trio1.father/Dovetail/trio1.father.run1.Dovetail_CGGACAAC-TCCGGATT-CG82N_L001_50000.h5 --outputFormat h5 --inputFormat hicpro
[Thu Aug 13 16:56:45 2020]
Finished job 48.
15 of 75 steps (20%) done

[Thu Aug 13 16:56:45 2020]
rule conversion:
    input: /work2/genphyse/dynagen/jmartin/polledHiC/work/trio1.father.Dovetail/hic_results/matrix/raw/trio1.father.run1.Dovetail_CGGACAAC-TCCGGATT-CG82N_L001_200000.matrix, /work2/genphyse/dynagen/jmartin/polledHiC/work/trio1.father.Dovetail/hic_results/matrix/raw/trio1.father.run1.Dovetail_CGGACAAC-TCCGGATT-CG82N_L001_200000_abs.bed
    output: hdf5/trio1.father/Dovetail/trio1.father.run1.Dovetail_CGGACAAC-TCCGGATT-CG82N_L001_200000.h5
    jobid: 69
    wildcards: sample=trio1.father, protocol=Dovetail, run=trio1.father.run1.Dovetail_CGGACAAC-TCCGGATT-CG82N_L001, resolution=200000

hicConvertFormat --matrices /work2/genphyse/dynagen/jmartin/polledHiC/work/trio1.father.Dovetail/hic_results/matrix/raw/trio1.father.run1.Dovetail_CGGACAAC-TCCGGATT-CG82N_L001_200000.matrix --bedFileHicpro /work2/genphyse/dynagen/jmartin/polledHiC/work/trio1.father.Dovetail/hic_results/matrix/raw/trio1.father.run1.Dovetail_CGGACAAC-TCCGGATT-CG82N_L001_200000_abs.bed --outFileName hdf5/trio1.father/Dovetail/trio1.father.run1.Dovetail_CGGACAAC-TCCGGATT-CG82N_L001_200000.h5 --outputFormat h5 --inputFormat hicpro
[Thu Aug 13 16:56:47 2020]
Finished job 73.
16 of 75 steps (21%) done

[Thu Aug 13 16:56:47 2020]
rule conversion:
    input: /work2/genphyse/dynagen/jmartin/polledHiC/work/trio1.offspring.Maison-plus/hic_results/matrix/raw/trio1.offspring.run1.Maison-plus_GACGTC-CDFVM_L001_50000.matrix, /work2/genphyse/dynagen/jmartin/polledHiC/work/trio1.offspring.Maison-plus/hic_results/matrix/raw/trio1.offspring.run1.Maison-plus_GACGTC-CDFVM_L001_50000_abs.bed
    output: hdf5/trio1.offspring/Maison-plus/trio1.offspring.run1.Maison-plus_GACGTC-CDFVM_L001_50000.h5
    jobid: 62
    wildcards: sample=trio1.offspring, protocol=Maison-plus, run=trio1.offspring.run1.Maison-plus_GACGTC-CDFVM_L001, resolution=50000

hicConvertFormat --matrices /work2/genphyse/dynagen/jmartin/polledHiC/work/trio1.offspring.Maison-plus/hic_results/matrix/raw/trio1.offspring.run1.Maison-plus_GACGTC-CDFVM_L001_50000.matrix --bedFileHicpro /work2/genphyse/dynagen/jmartin/polledHiC/work/trio1.offspring.Maison-plus/hic_results/matrix/raw/trio1.offspring.run1.Maison-plus_GACGTC-CDFVM_L001_50000_abs.bed --outFileName hdf5/trio1.offspring/Maison-plus/trio1.offspring.run1.Maison-plus_GACGTC-CDFVM_L001_50000.h5 --outputFormat h5 --inputFormat hicpro
[Thu Aug 13 16:56:49 2020]
Finished job 47.
17 of 75 steps (23%) done

[Thu Aug 13 16:56:49 2020]
rule conversion:
    input: /work2/genphyse/dynagen/jmartin/polledHiC/work/trio1.offspring.Maison-plus/hic_results/matrix/raw/trio1.offspring.run1.Maison-plus_GACGTC-CDFVM_L001_200000.matrix, /work2/genphyse/dynagen/jmartin/polledHiC/work/trio1.offspring.Maison-plus/hic_results/matrix/raw/trio1.offspring.run1.Maison-plus_GACGTC-CDFVM_L001_200000_abs.bed
    output: hdf5/trio1.offspring/Maison-plus/trio1.offspring.run1.Maison-plus_GACGTC-CDFVM_L001_200000.h5
    jobid: 54
    wildcards: sample=trio1.offspring, protocol=Maison-plus, run=trio1.offspring.run1.Maison-plus_GACGTC-CDFVM_L001, resolution=200000

hicConvertFormat --matrices /work2/genphyse/dynagen/jmartin/polledHiC/work/trio1.offspring.Maison-plus/hic_results/matrix/raw/trio1.offspring.run1.Maison-plus_GACGTC-CDFVM_L001_200000.matrix --bedFileHicpro /work2/genphyse/dynagen/jmartin/polledHiC/work/trio1.offspring.Maison-plus/hic_results/matrix/raw/trio1.offspring.run1.Maison-plus_GACGTC-CDFVM_L001_200000_abs.bed --outFileName hdf5/trio1.offspring/Maison-plus/trio1.offspring.run1.Maison-plus_GACGTC-CDFVM_L001_200000.h5 --outputFormat h5 --inputFormat hicpro
[Thu Aug 13 16:56:49 2020]
Finished job 69.
18 of 75 steps (24%) done

[Thu Aug 13 16:56:49 2020]
rule conversion:
    input: /work2/genphyse/dynagen/jmartin/polledHiC/work/trio1.offspring.Maison-minus/hic_results/matrix/raw/trio1.offspring.run1.Maison-minus_TTACAG-CDFVM_L001_50000.matrix, /work2/genphyse/dynagen/jmartin/polledHiC/work/trio1.offspring.Maison-minus/hic_results/matrix/raw/trio1.offspring.run1.Maison-minus_TTACAG-CDFVM_L001_50000_abs.bed
    output: hdf5/trio1.offspring/Maison-minus/trio1.offspring.run1.Maison-minus_TTACAG-CDFVM_L001_50000.h5
    jobid: 59
    wildcards: sample=trio1.offspring, protocol=Maison-minus, run=trio1.offspring.run1.Maison-minus_TTACAG-CDFVM_L001, resolution=50000

hicConvertFormat --matrices /work2/genphyse/dynagen/jmartin/polledHiC/work/trio1.offspring.Maison-minus/hic_results/matrix/raw/trio1.offspring.run1.Maison-minus_TTACAG-CDFVM_L001_50000.matrix --bedFileHicpro /work2/genphyse/dynagen/jmartin/polledHiC/work/trio1.offspring.Maison-minus/hic_results/matrix/raw/trio1.offspring.run1.Maison-minus_TTACAG-CDFVM_L001_50000_abs.bed --outFileName hdf5/trio1.offspring/Maison-minus/trio1.offspring.run1.Maison-minus_TTACAG-CDFVM_L001_50000.h5 --outputFormat h5 --inputFormat hicpro
[Thu Aug 13 16:56:50 2020]
Finished job 68.
19 of 75 steps (25%) done

[Thu Aug 13 16:56:50 2020]
rule mergeprotocol:
    input: hdf5/trio1.father/Arima/trio1.father.run2.Arima_GTCCGC-AHGVJ2DRXX_L002_200000.h5, hdf5/trio1.father/Arima/trio1.father.run1.Arima_GTCCGC-AHGYLVDRXX_L002_200000.h5
    output: hdf5/trio1.father/Arima/200000/matrix.h5
    jobid: 45
    wildcards: sample=trio1.father, protocol=Arima, resolution=200000

hicSumMatrices --matrices  hdf5/trio1.father/Arima/trio1.father.run2.Arima_GTCCGC-AHGVJ2DRXX_L002_200000.h5 hdf5/trio1.father/Arima/trio1.father.run1.Arima_GTCCGC-AHGYLVDRXX_L002_200000.h5 --outFileName hdf5/trio1.father/Arima/200000/matrix.h5
[Thu Aug 13 16:56:51 2020]
Finished job 62.
20 of 75 steps (27%) done

[Thu Aug 13 16:56:51 2020]
rule mergeprotocol:
    input: hdf5/trio1.offspring/Maison-plus/trio1.offspring.run3.Maison-plus_GACGTCTT-GGTTCACC-AHGK7YDRXX_L002_50000.h5, hdf5/trio1.offspring/Maison-plus/trio1.offspring.run2.Maison-plus_GACGTC-AH5HWKBBXY_L001_50000.h5, hdf5/trio1.offspring/Maison-plus/trio1.offspring.run1.Maison-plus_GACGTC-CDFVM_L001_50000.h5
    output: hdf5/trio1.offspring/Maison-plus/50000/matrix.h5
    jobid: 42
    wildcards: sample=trio1.offspring, protocol=Maison-plus, resolution=50000

hicSumMatrices --matrices  hdf5/trio1.offspring/Maison-plus/trio1.offspring.run3.Maison-plus_GACGTCTT-GGTTCACC-AHGK7YDRXX_L002_50000.h5 hdf5/trio1.offspring/Maison-plus/trio1.offspring.run2.Maison-plus_GACGTC-AH5HWKBBXY_L001_50000.h5 hdf5/trio1.offspring/Maison-plus/trio1.offspring.run1.Maison-plus_GACGTC-CDFVM_L001_50000.h5 --outFileName hdf5/trio1.offspring/Maison-plus/50000/matrix.h5
[Thu Aug 13 16:56:53 2020]
Finished job 54.
21 of 75 steps (28%) done

[Thu Aug 13 16:56:53 2020]
rule mergeprotocol:
    input: hdf5/trio1.offspring/Maison-plus/trio1.offspring.run3.Maison-plus_GACGTCTT-GGTTCACC-AHGK7YDRXX_L002_200000.h5, hdf5/trio1.offspring/Maison-plus/trio1.offspring.run2.Maison-plus_GACGTC-AH5HWKBBXY_L001_200000.h5, hdf5/trio1.offspring/Maison-plus/trio1.offspring.run1.Maison-plus_GACGTC-CDFVM_L001_200000.h5
    output: hdf5/trio1.offspring/Maison-plus/200000/matrix.h5
    jobid: 38
    wildcards: sample=trio1.offspring, protocol=Maison-plus, resolution=200000

hicSumMatrices --matrices  hdf5/trio1.offspring/Maison-plus/trio1.offspring.run3.Maison-plus_GACGTCTT-GGTTCACC-AHGK7YDRXX_L002_200000.h5 hdf5/trio1.offspring/Maison-plus/trio1.offspring.run2.Maison-plus_GACGTC-AH5HWKBBXY_L001_200000.h5 hdf5/trio1.offspring/Maison-plus/trio1.offspring.run1.Maison-plus_GACGTC-CDFVM_L001_200000.h5 --outFileName hdf5/trio1.offspring/Maison-plus/200000/matrix.h5
[Thu Aug 13 16:56:53 2020]
Finished job 59.
22 of 75 steps (29%) done

[Thu Aug 13 16:56:53 2020]
rule conversion:
    input: /work2/genphyse/dynagen/jmartin/polledHiC/work/trio1.offspring.Dovetail/hic_results/matrix/raw/trio1.offspring.run1.Dovetail_GCCAAT-CDFVM_L001_50000.matrix, /work2/genphyse/dynagen/jmartin/polledHiC/work/trio1.offspring.Dovetail/hic_results/matrix/raw/trio1.offspring.run1.Dovetail_GCCAAT-CDFVM_L001_50000_abs.bed
    output: hdf5/trio1.offspring/Dovetail/trio1.offspring.run1.Dovetail_GCCAAT-CDFVM_L001_50000.h5
    jobid: 66
    wildcards: sample=trio1.offspring, protocol=Dovetail, run=trio1.offspring.run1.Dovetail_GCCAAT-CDFVM_L001, resolution=50000

hicConvertFormat --matrices /work2/genphyse/dynagen/jmartin/polledHiC/work/trio1.offspring.Dovetail/hic_results/matrix/raw/trio1.offspring.run1.Dovetail_GCCAAT-CDFVM_L001_50000.matrix --bedFileHicpro /work2/genphyse/dynagen/jmartin/polledHiC/work/trio1.offspring.Dovetail/hic_results/matrix/raw/trio1.offspring.run1.Dovetail_GCCAAT-CDFVM_L001_50000_abs.bed --outFileName hdf5/trio1.offspring/Dovetail/trio1.offspring.run1.Dovetail_GCCAAT-CDFVM_L001_50000.h5 --outputFormat h5 --inputFormat hicpro
[Thu Aug 13 16:56:56 2020]
Finished job 66.
23 of 75 steps (31%) done

[Thu Aug 13 16:56:56 2020]
rule mergeprotocol:
    input: hdf5/trio1.offspring/Dovetail/trio1.offspring.run2.Dovetail_GCCAAT-AH5HWKBBXY_L001_50000.h5, hdf5/trio1.offspring/Dovetail/trio1.offspring.run1.Dovetail_GCCAAT-CDFVM_L001_50000.h5
    output: hdf5/trio1.offspring/Dovetail/50000/matrix.h5
    jobid: 44
    wildcards: sample=trio1.offspring, protocol=Dovetail, resolution=50000

hicSumMatrices --matrices  hdf5/trio1.offspring/Dovetail/trio1.offspring.run2.Dovetail_GCCAAT-AH5HWKBBXY_L001_50000.h5 hdf5/trio1.offspring/Dovetail/trio1.offspring.run1.Dovetail_GCCAAT-CDFVM_L001_50000.h5 --outFileName hdf5/trio1.offspring/Dovetail/50000/matrix.h5
[Thu Aug 13 16:56:57 2020]
Finished job 45.
24 of 75 steps (32%) done

[Thu Aug 13 16:56:57 2020]
rule conversion:
    input: /work2/genphyse/dynagen/jmartin/polledHiC/work/trio1.offspring.Maison-minus/hic_results/matrix/raw/trio1.offspring.run1.Maison-minus_TTACAG-CDFVM_L001_200000.matrix, /work2/genphyse/dynagen/jmartin/polledHiC/work/trio1.offspring.Maison-minus/hic_results/matrix/raw/trio1.offspring.run1.Maison-minus_TTACAG-CDFVM_L001_200000_abs.bed
    output: hdf5/trio1.offspring/Maison-minus/trio1.offspring.run1.Maison-minus_TTACAG-CDFVM_L001_200000.h5
    jobid: 51
    wildcards: sample=trio1.offspring, protocol=Maison-minus, run=trio1.offspring.run1.Maison-minus_TTACAG-CDFVM_L001, resolution=200000

hicConvertFormat --matrices /work2/genphyse/dynagen/jmartin/polledHiC/work/trio1.offspring.Maison-minus/hic_results/matrix/raw/trio1.offspring.run1.Maison-minus_TTACAG-CDFVM_L001_200000.matrix --bedFileHicpro /work2/genphyse/dynagen/jmartin/polledHiC/work/trio1.offspring.Maison-minus/hic_results/matrix/raw/trio1.offspring.run1.Maison-minus_TTACAG-CDFVM_L001_200000_abs.bed --outFileName hdf5/trio1.offspring/Maison-minus/trio1.offspring.run1.Maison-minus_TTACAG-CDFVM_L001_200000.h5 --outputFormat h5 --inputFormat hicpro
[Thu Aug 13 16:56:59 2020]
Finished job 51.
25 of 75 steps (33%) done

[Thu Aug 13 16:56:59 2020]
rule conversion:
    input: /work2/genphyse/dynagen/jmartin/polledHiC/work/trio1.offspring.Arima/hic_results/matrix/raw/trio1.offspring.run1.Arima_CTTGTA-CDFVM_L001_50000.matrix, /work2/genphyse/dynagen/jmartin/polledHiC/work/trio1.offspring.Arima/hic_results/matrix/raw/trio1.offspring.run1.Arima_CTTGTA-CDFVM_L001_50000_abs.bed
    output: hdf5/trio1.offspring/Arima/trio1.offspring.run1.Arima_CTTGTA-CDFVM_L001_50000.h5
    jobid: 63
    wildcards: sample=trio1.offspring, protocol=Arima, run=trio1.offspring.run1.Arima_CTTGTA-CDFVM_L001, resolution=50000

hicConvertFormat --matrices /work2/genphyse/dynagen/jmartin/polledHiC/work/trio1.offspring.Arima/hic_results/matrix/raw/trio1.offspring.run1.Arima_CTTGTA-CDFVM_L001_50000.matrix --bedFileHicpro /work2/genphyse/dynagen/jmartin/polledHiC/work/trio1.offspring.Arima/hic_results/matrix/raw/trio1.offspring.run1.Arima_CTTGTA-CDFVM_L001_50000_abs.bed --outFileName hdf5/trio1.offspring/Arima/trio1.offspring.run1.Arima_CTTGTA-CDFVM_L001_50000.h5 --outputFormat h5 --inputFormat hicpro
[Thu Aug 13 16:57:02 2020]
Finished job 63.
26 of 75 steps (35%) done

[Thu Aug 13 16:57:02 2020]
rule mergeprotocol:
    input: hdf5/trio1.offspring/Arima/trio1.offspring.run1.Arima_CTTGTA-CDFVM_L001_50000.h5, hdf5/trio1.offspring/Arima/trio1.offspring.run2.Arima_CTTGTA-AH5HWKBBXY_L001_50000.h5
    output: hdf5/trio1.offspring/Arima/50000/matrix.h5
    jobid: 43
    wildcards: sample=trio1.offspring, protocol=Arima, resolution=50000

hicSumMatrices --matrices  hdf5/trio1.offspring/Arima/trio1.offspring.run1.Arima_CTTGTA-CDFVM_L001_50000.h5 hdf5/trio1.offspring/Arima/trio1.offspring.run2.Arima_CTTGTA-AH5HWKBBXY_L001_50000.h5 --outFileName hdf5/trio1.offspring/Arima/50000/matrix.h5
[Thu Aug 13 16:57:07 2020]
Finished job 38.
27 of 75 steps (36%) done

[Thu Aug 13 16:57:07 2020]
rule conversion:
    input: /work2/genphyse/dynagen/jmartin/polledHiC/work/trio1.offspring.Dovetail/hic_results/matrix/raw/trio1.offspring.run1.Dovetail_GCCAAT-CDFVM_L001_200000.matrix, /work2/genphyse/dynagen/jmartin/polledHiC/work/trio1.offspring.Dovetail/hic_results/matrix/raw/trio1.offspring.run1.Dovetail_GCCAAT-CDFVM_L001_200000_abs.bed
    output: hdf5/trio1.offspring/Dovetail/trio1.offspring.run1.Dovetail_GCCAAT-CDFVM_L001_200000.h5
    jobid: 58
    wildcards: sample=trio1.offspring, protocol=Dovetail, run=trio1.offspring.run1.Dovetail_GCCAAT-CDFVM_L001, resolution=200000

hicConvertFormat --matrices /work2/genphyse/dynagen/jmartin/polledHiC/work/trio1.offspring.Dovetail/hic_results/matrix/raw/trio1.offspring.run1.Dovetail_GCCAAT-CDFVM_L001_200000.matrix --bedFileHicpro /work2/genphyse/dynagen/jmartin/polledHiC/work/trio1.offspring.Dovetail/hic_results/matrix/raw/trio1.offspring.run1.Dovetail_GCCAAT-CDFVM_L001_200000_abs.bed --outFileName hdf5/trio1.offspring/Dovetail/trio1.offspring.run1.Dovetail_GCCAAT-CDFVM_L001_200000.h5 --outputFormat h5 --inputFormat hicpro
[Thu Aug 13 16:57:09 2020]
Finished job 44.
28 of 75 steps (37%) done

[Thu Aug 13 16:57:09 2020]
rule mergeprotocol:
    input: hdf5/trio1.father/Dovetail/trio1.father.run1.Dovetail_CGGACAAC-TCCGGATT-CG82N_L001_50000.h5
    output: hdf5/trio1.father/Dovetail/50000/matrix.h5
    jobid: 49
    wildcards: sample=trio1.father, protocol=Dovetail, resolution=50000

hicSumMatrices --matrices  hdf5/trio1.father/Dovetail/trio1.father.run1.Dovetail_CGGACAAC-TCCGGATT-CG82N_L001_50000.h5 --outFileName hdf5/trio1.father/Dovetail/50000/matrix.h5
[Thu Aug 13 16:57:10 2020]
Finished job 58.
29 of 75 steps (39%) done

[Thu Aug 13 16:57:10 2020]
rule mergeprotocol:
    input: hdf5/trio1.offspring/Dovetail/trio1.offspring.run2.Dovetail_GCCAAT-AH5HWKBBXY_L001_200000.h5, hdf5/trio1.offspring/Dovetail/trio1.offspring.run1.Dovetail_GCCAAT-CDFVM_L001_200000.h5
    output: hdf5/trio1.offspring/Dovetail/200000/matrix.h5
    jobid: 40
    wildcards: sample=trio1.offspring, protocol=Dovetail, resolution=200000

hicSumMatrices --matrices  hdf5/trio1.offspring/Dovetail/trio1.offspring.run2.Dovetail_GCCAAT-AH5HWKBBXY_L001_200000.h5 hdf5/trio1.offspring/Dovetail/trio1.offspring.run1.Dovetail_GCCAAT-CDFVM_L001_200000.h5 --outFileName hdf5/trio1.offspring/Dovetail/200000/matrix.h5
[Thu Aug 13 16:57:12 2020]
Finished job 43.
30 of 75 steps (40%) done

[Thu Aug 13 16:57:12 2020]
rule conversion:
    input: /work2/genphyse/dynagen/jmartin/polledHiC/work/trio1.offspring.Arima/hic_results/matrix/raw/trio1.offspring.run1.Arima_CTTGTA-CDFVM_L001_200000.matrix, /work2/genphyse/dynagen/jmartin/polledHiC/work/trio1.offspring.Arima/hic_results/matrix/raw/trio1.offspring.run1.Arima_CTTGTA-CDFVM_L001_200000_abs.bed
    output: hdf5/trio1.offspring/Arima/trio1.offspring.run1.Arima_CTTGTA-CDFVM_L001_200000.h5
    jobid: 55
    wildcards: sample=trio1.offspring, protocol=Arima, run=trio1.offspring.run1.Arima_CTTGTA-CDFVM_L001, resolution=200000

hicConvertFormat --matrices /work2/genphyse/dynagen/jmartin/polledHiC/work/trio1.offspring.Arima/hic_results/matrix/raw/trio1.offspring.run1.Arima_CTTGTA-CDFVM_L001_200000.matrix --bedFileHicpro /work2/genphyse/dynagen/jmartin/polledHiC/work/trio1.offspring.Arima/hic_results/matrix/raw/trio1.offspring.run1.Arima_CTTGTA-CDFVM_L001_200000_abs.bed --outFileName hdf5/trio1.offspring/Arima/trio1.offspring.run1.Arima_CTTGTA-CDFVM_L001_200000.h5 --outputFormat h5 --inputFormat hicpro
[Thu Aug 13 16:57:13 2020]
Finished job 49.
31 of 75 steps (41%) done

[Thu Aug 13 16:57:13 2020]
rule merge:
    input: hdf5/trio1.father/Arima/50000/matrix.h5, hdf5/trio1.father/Dovetail/50000/matrix.h5, hdf5/trio1.father/Maison/50000/matrix.h5, hdf5/trio1.father/Arima/50000/matrix.h5, hdf5/trio1.father/Dovetail/50000/matrix.h5
    output: hdf5/trio1.father/merged/50000/matrix.h5
    jobid: 36
    wildcards: sample=trio1.father, resolution=50000

hicSumMatrices --matrices hdf5/trio1.father/Arima/50000/matrix.h5 hdf5/trio1.father/Dovetail/50000/matrix.h5 hdf5/trio1.father/Maison/50000/matrix.h5 hdf5/trio1.father/Arima/50000/matrix.h5 hdf5/trio1.father/Dovetail/50000/matrix.h5 --outFileName hdf5/trio1.father/merged/50000/matrix.h5
[Thu Aug 13 16:57:15 2020]
Finished job 55.
32 of 75 steps (43%) done

[Thu Aug 13 16:57:15 2020]
rule mergeprotocol:
    input: hdf5/trio1.offspring/Arima/trio1.offspring.run1.Arima_CTTGTA-CDFVM_L001_200000.h5, hdf5/trio1.offspring/Arima/trio1.offspring.run2.Arima_CTTGTA-AH5HWKBBXY_L001_200000.h5
    output: hdf5/trio1.offspring/Arima/200000/matrix.h5
    jobid: 39
    wildcards: sample=trio1.offspring, protocol=Arima, resolution=200000

hicSumMatrices --matrices  hdf5/trio1.offspring/Arima/trio1.offspring.run1.Arima_CTTGTA-CDFVM_L001_200000.h5 hdf5/trio1.offspring/Arima/trio1.offspring.run2.Arima_CTTGTA-AH5HWKBBXY_L001_200000.h5 --outFileName hdf5/trio1.offspring/Arima/200000/matrix.h5
[Thu Aug 13 16:57:16 2020]
Finished job 40.
33 of 75 steps (44%) done

[Thu Aug 13 16:57:16 2020]
rule mergeprotocol:
    input: hdf5/trio1.father/Dovetail/trio1.father.run1.Dovetail_CGGACAAC-TCCGGATT-CG82N_L001_200000.h5
    output: hdf5/trio1.father/Dovetail/200000/matrix.h5
    jobid: 46
    wildcards: sample=trio1.father, protocol=Dovetail, resolution=200000

hicSumMatrices --matrices  hdf5/trio1.father/Dovetail/trio1.father.run1.Dovetail_CGGACAAC-TCCGGATT-CG82N_L001_200000.h5 --outFileName hdf5/trio1.father/Dovetail/200000/matrix.h5
[Thu Aug 13 16:57:18 2020]
Finished job 46.
34 of 75 steps (45%) done

[Thu Aug 13 16:57:18 2020]
rule merge:
    input: hdf5/trio1.father/Arima/200000/matrix.h5, hdf5/trio1.father/Dovetail/200000/matrix.h5, hdf5/trio1.father/Maison/200000/matrix.h5, hdf5/trio1.father/Arima/200000/matrix.h5, hdf5/trio1.father/Dovetail/200000/matrix.h5
    output: hdf5/trio1.father/merged/200000/matrix.h5
    jobid: 35
    wildcards: sample=trio1.father, resolution=200000

hicSumMatrices --matrices hdf5/trio1.father/Arima/200000/matrix.h5 hdf5/trio1.father/Dovetail/200000/matrix.h5 hdf5/trio1.father/Maison/200000/matrix.h5 hdf5/trio1.father/Arima/200000/matrix.h5 hdf5/trio1.father/Dovetail/200000/matrix.h5 --outFileName hdf5/trio1.father/merged/200000/matrix.h5
[Thu Aug 13 16:57:20 2020]
Finished job 39.
35 of 75 steps (47%) done

[Thu Aug 13 16:57:20 2020]
rule mergeprotocol:
    input: hdf5/trio1.offspring/Maison-minus/trio1.offspring.run1.Maison-minus_TTACAG-CDFVM_L001_50000.h5
    output: hdf5/trio1.offspring/Maison-minus/50000/matrix.h5
    jobid: 41
    wildcards: sample=trio1.offspring, protocol=Maison-minus, resolution=50000

hicSumMatrices --matrices  hdf5/trio1.offspring/Maison-minus/trio1.offspring.run1.Maison-minus_TTACAG-CDFVM_L001_50000.h5 --outFileName hdf5/trio1.offspring/Maison-minus/50000/matrix.h5
[Thu Aug 13 16:57:21 2020]
Finished job 42.
36 of 75 steps (48%) done

[Thu Aug 13 16:57:21 2020]
rule mergeprotocol:
    input: hdf5/trio1.offspring/Maison-minus/trio1.offspring.run1.Maison-minus_TTACAG-CDFVM_L001_200000.h5
    output: hdf5/trio1.offspring/Maison-minus/200000/matrix.h5
    jobid: 37
    wildcards: sample=trio1.offspring, protocol=Maison-minus, resolution=200000

hicSumMatrices --matrices  hdf5/trio1.offspring/Maison-minus/trio1.offspring.run1.Maison-minus_TTACAG-CDFVM_L001_200000.h5 --outFileName hdf5/trio1.offspring/Maison-minus/200000/matrix.h5
[Thu Aug 13 16:57:23 2020]
Finished job 37.
37 of 75 steps (49%) done

[Thu Aug 13 16:57:23 2020]
rule merge:
    input: hdf5/trio1.offspring/Maison-minus/200000/matrix.h5, hdf5/trio1.offspring/Maison-plus/200000/matrix.h5, hdf5/trio1.offspring/Arima/200000/matrix.h5, hdf5/trio1.offspring/Dovetail/200000/matrix.h5, hdf5/trio1.offspring/Arima/200000/matrix.h5, hdf5/trio1.offspring/Dovetail/200000/matrix.h5
    output: hdf5/trio1.offspring/merged/200000/matrix.h5
    jobid: 33
    wildcards: sample=trio1.offspring, resolution=200000

hicSumMatrices --matrices hdf5/trio1.offspring/Maison-minus/200000/matrix.h5 hdf5/trio1.offspring/Maison-plus/200000/matrix.h5 hdf5/trio1.offspring/Arima/200000/matrix.h5 hdf5/trio1.offspring/Dovetail/200000/matrix.h5 hdf5/trio1.offspring/Arima/200000/matrix.h5 hdf5/trio1.offspring/Dovetail/200000/matrix.h5 --outFileName hdf5/trio1.offspring/merged/200000/matrix.h5
[Thu Aug 13 16:57:24 2020]
Finished job 41.
38 of 75 steps (51%) done

[Thu Aug 13 16:57:24 2020]
rule merge:
    input: hdf5/trio1.offspring/Maison-minus/50000/matrix.h5, hdf5/trio1.offspring/Maison-plus/50000/matrix.h5, hdf5/trio1.offspring/Arima/50000/matrix.h5, hdf5/trio1.offspring/Dovetail/50000/matrix.h5, hdf5/trio1.offspring/Arima/50000/matrix.h5, hdf5/trio1.offspring/Dovetail/50000/matrix.h5
    output: hdf5/trio1.offspring/merged/50000/matrix.h5
    jobid: 34
    wildcards: sample=trio1.offspring, resolution=50000

hicSumMatrices --matrices hdf5/trio1.offspring/Maison-minus/50000/matrix.h5 hdf5/trio1.offspring/Maison-plus/50000/matrix.h5 hdf5/trio1.offspring/Arima/50000/matrix.h5 hdf5/trio1.offspring/Dovetail/50000/matrix.h5 hdf5/trio1.offspring/Arima/50000/matrix.h5 hdf5/trio1.offspring/Dovetail/50000/matrix.h5 --outFileName hdf5/trio1.offspring/merged/50000/matrix.h5
[Thu Aug 13 16:57:33 2020]
Finished job 35.
39 of 75 steps (52%) done

[Thu Aug 13 16:57:33 2020]
rule adjust:
    input: hdf5/trio1.father/merged/200000/matrix.h5
    output: hdf5/trio1.father/merged/200000/adjusted.h5
    jobid: 31
    wildcards: sample=trio1.father, resolution=200000

hicAdjustMatrix --matrix hdf5/trio1.father/merged/200000/matrix.h5 --outFileName hdf5/trio1.father/merged/200000/adjusted.h5  --chromosomes 1 2 3 4 5 6 7 8 9 10 11 12 13 14 15 16 17 18 19 20 21 22 23 24 25 26 27 28 29 X --action keep ;
[Thu Aug 13 16:57:42 2020]
Finished job 31.
40 of 75 steps (53%) done

[Thu Aug 13 16:57:42 2020]
rule normalize:
    input: hdf5/trio1.father/merged/200000/adjusted.h5
    output: hdf5/trio1.father/merged/200000/normalized.h5
    jobid: 27
    wildcards: sample=trio1.father, resolution=200000

hicNormalize --matrices hdf5/trio1.father/merged/200000/adjusted.h5 --outFileName hdf5/trio1.father/merged/200000/normalized.h5 --normalize smallest
[Thu Aug 13 16:57:45 2020]
Finished job 36.
41 of 75 steps (55%) done

[Thu Aug 13 16:57:45 2020]
rule adjust:
    input: hdf5/trio1.father/merged/50000/matrix.h5
    output: hdf5/trio1.father/merged/50000/adjusted.h5
    jobid: 32
    wildcards: sample=trio1.father, resolution=50000

hicAdjustMatrix --matrix hdf5/trio1.father/merged/50000/matrix.h5 --outFileName hdf5/trio1.father/merged/50000/adjusted.h5  --chromosomes 1 2 3 4 5 6 7 8 9 10 11 12 13 14 15 16 17 18 19 20 21 22 23 24 25 26 27 28 29 X --action keep ;
[Thu Aug 13 16:57:47 2020]
Finished job 33.
42 of 75 steps (56%) done

[Thu Aug 13 16:57:47 2020]
rule adjust:
    input: hdf5/trio1.offspring/merged/200000/matrix.h5
    output: hdf5/trio1.offspring/merged/200000/adjusted.h5
    jobid: 29
    wildcards: sample=trio1.offspring, resolution=200000

hicAdjustMatrix --matrix hdf5/trio1.offspring/merged/200000/matrix.h5 --outFileName hdf5/trio1.offspring/merged/200000/adjusted.h5  --chromosomes 1 2 3 4 5 6 7 8 9 10 11 12 13 14 15 16 17 18 19 20 21 22 23 24 25 26 27 28 29 X --action keep ;
[Thu Aug 13 16:57:50 2020]
Finished job 27.
43 of 75 steps (57%) done

[Thu Aug 13 16:57:50 2020]
rule correct:
    input: hdf5/trio1.father/merged/200000/normalized.h5
    output: hdf5/trio1.father/merged/200000/corrected.h5
    jobid: 23
    wildcards: sample=trio1.father, resolution=200000

hicCorrectMatrix correct --matrix hdf5/trio1.father/merged/200000/normalized.h5 --outFileName hdf5/trio1.father/merged/200000/corrected.h5
[Thu Aug 13 16:58:01 2020]
Finished job 29.
44 of 75 steps (59%) done

[Thu Aug 13 16:58:01 2020]
rule normalize:
    input: hdf5/trio1.offspring/merged/200000/adjusted.h5
    output: hdf5/trio1.offspring/merged/200000/normalized.h5
    jobid: 25
    wildcards: sample=trio1.offspring, resolution=200000

hicNormalize --matrices hdf5/trio1.offspring/merged/200000/adjusted.h5 --outFileName hdf5/trio1.offspring/merged/200000/normalized.h5 --normalize smallest
[Thu Aug 13 16:58:03 2020]
Finished job 32.
45 of 75 steps (60%) done

[Thu Aug 13 16:58:03 2020]
rule normalize:
    input: hdf5/trio1.father/merged/50000/adjusted.h5
    output: hdf5/trio1.father/merged/50000/normalized.h5
    jobid: 28
    wildcards: sample=trio1.father, resolution=50000

hicNormalize --matrices hdf5/trio1.father/merged/50000/adjusted.h5 --outFileName hdf5/trio1.father/merged/50000/normalized.h5 --normalize smallest
[Thu Aug 13 16:58:13 2020]
Finished job 25.
46 of 75 steps (61%) done

[Thu Aug 13 16:58:13 2020]
rule correct:
    input: hdf5/trio1.offspring/merged/200000/normalized.h5
    output: hdf5/trio1.offspring/merged/200000/corrected.h5
    jobid: 21
    wildcards: sample=trio1.offspring, resolution=200000

hicCorrectMatrix correct --matrix hdf5/trio1.offspring/merged/200000/normalized.h5 --outFileName hdf5/trio1.offspring/merged/200000/corrected.h5
[Thu Aug 13 16:58:15 2020]
Finished job 23.
47 of 75 steps (63%) done

[Thu Aug 13 16:58:15 2020]
rule plotMatrix:
    input: hdf5/trio1.father/merged/200000/corrected.h5
    output: plots/trio1.father/merged/200000/1:1-158534110_plot.png
    jobid: 11
    wildcards: sample=trio1.father, resolution=200000, region=1:1-158534110

hicPlotMatrix --matrix hdf5/trio1.father/merged/200000/corrected.h5 --outFileName plots/trio1.father/merged/200000/1:1-158534110_plot.png --region 1:1-158534110 --log
[Thu Aug 13 16:58:15 2020]
Finished job 34.
48 of 75 steps (64%) done

[Thu Aug 13 16:58:15 2020]
rule adjust:
    input: hdf5/trio1.offspring/merged/50000/matrix.h5
    output: hdf5/trio1.offspring/merged/50000/adjusted.h5
    jobid: 30
    wildcards: sample=trio1.offspring, resolution=50000

hicAdjustMatrix --matrix hdf5/trio1.offspring/merged/50000/matrix.h5 --outFileName hdf5/trio1.offspring/merged/50000/adjusted.h5  --chromosomes 1 2 3 4 5 6 7 8 9 10 11 12 13 14 15 16 17 18 19 20 21 22 23 24 25 26 27 28 29 X --action keep ;
[Thu Aug 13 16:58:19 2020]
Finished job 28.
49 of 75 steps (65%) done

[Thu Aug 13 16:58:19 2020]
rule plotMatrix:
    input: hdf5/trio1.father/merged/200000/corrected.h5
    output: plots/trio1.father/merged/200000/1:1500000-3500000_plot.png
    jobid: 13
    wildcards: sample=trio1.father, resolution=200000, region=1:1500000-3500000

hicPlotMatrix --matrix hdf5/trio1.father/merged/200000/corrected.h5 --outFileName plots/trio1.father/merged/200000/1:1500000-3500000_plot.png --region 1:1500000-3500000 --log
[Thu Aug 13 16:58:22 2020]
Finished job 11.
50 of 75 steps (67%) done

[Thu Aug 13 16:58:22 2020]
rule plotMatrix:
    input: hdf5/trio1.father/merged/200000/corrected.h5
    output: plots/trio1.father/merged/200000/1:2200000-2800000_plot.png
    jobid: 15
    wildcards: sample=trio1.father, resolution=200000, region=1:2200000-2800000

hicPlotMatrix --matrix hdf5/trio1.father/merged/200000/corrected.h5 --outFileName plots/trio1.father/merged/200000/1:2200000-2800000_plot.png --region 1:2200000-2800000 --log
[Thu Aug 13 16:58:25 2020]
Finished job 13.
51 of 75 steps (68%) done

[Thu Aug 13 16:58:25 2020]
rule plotMatrix:
    input: hdf5/trio1.father/merged/200000/corrected.h5
    output: plots/trio1.father/merged/200000/1:1000000-6000000_plot.png
    jobid: 12
    wildcards: sample=trio1.father, resolution=200000, region=1:1000000-6000000

hicPlotMatrix --matrix hdf5/trio1.father/merged/200000/corrected.h5 --outFileName plots/trio1.father/merged/200000/1:1000000-6000000_plot.png --region 1:1000000-6000000 --log
[Thu Aug 13 16:58:29 2020]
Finished job 15.
52 of 75 steps (69%) done

[Thu Aug 13 16:58:29 2020]
rule plotMatrix:
    input: hdf5/trio1.father/merged/200000/corrected.h5
    output: plots/trio1.father/merged/200000/1:2000000-3000000_plot.png
    jobid: 14
    wildcards: sample=trio1.father, resolution=200000, region=1:2000000-3000000

hicPlotMatrix --matrix hdf5/trio1.father/merged/200000/corrected.h5 --outFileName plots/trio1.father/merged/200000/1:2000000-3000000_plot.png --region 1:2000000-3000000 --log
[Thu Aug 13 16:58:32 2020]
Finished job 12.
53 of 75 steps (71%) done

[Thu Aug 13 16:58:32 2020]
rule correct:
    input: hdf5/trio1.father/merged/50000/normalized.h5
    output: hdf5/trio1.father/merged/50000/corrected.h5
    jobid: 24
    wildcards: sample=trio1.father, resolution=50000

hicCorrectMatrix correct --matrix hdf5/trio1.father/merged/50000/normalized.h5 --outFileName hdf5/trio1.father/merged/50000/corrected.h5
[Thu Aug 13 16:58:35 2020]
Finished job 14.
54 of 75 steps (72%) done
[Thu Aug 13 16:58:47 2020]
Finished job 30.
55 of 75 steps (73%) done

[Thu Aug 13 16:58:47 2020]
rule normalize:
    input: hdf5/trio1.offspring/merged/50000/adjusted.h5
    output: hdf5/trio1.offspring/merged/50000/normalized.h5
    jobid: 26
    wildcards: sample=trio1.offspring, resolution=50000

hicNormalize --matrices hdf5/trio1.offspring/merged/50000/adjusted.h5 --outFileName hdf5/trio1.offspring/merged/50000/normalized.h5 --normalize smallest
[Thu Aug 13 16:58:52 2020]
Finished job 21.
56 of 75 steps (75%) done

[Thu Aug 13 16:58:52 2020]
rule plotMatrix:
    input: hdf5/trio1.offspring/merged/200000/corrected.h5
    output: plots/trio1.offspring/merged/200000/1:2000000-3000000_plot.png
    jobid: 4
    wildcards: sample=trio1.offspring, resolution=200000, region=1:2000000-3000000

hicPlotMatrix --matrix hdf5/trio1.offspring/merged/200000/corrected.h5 --outFileName plots/trio1.offspring/merged/200000/1:2000000-3000000_plot.png --region 1:2000000-3000000 --log

[Thu Aug 13 16:58:52 2020]
rule plotMatrix:
    input: hdf5/trio1.offspring/merged/200000/corrected.h5
    output: plots/trio1.offspring/merged/200000/1:1000000-6000000_plot.png
    jobid: 2
    wildcards: sample=trio1.offspring, resolution=200000, region=1:1000000-6000000

hicPlotMatrix --matrix hdf5/trio1.offspring/merged/200000/corrected.h5 --outFileName plots/trio1.offspring/merged/200000/1:1000000-6000000_plot.png --region 1:1000000-6000000 --log
[Thu Aug 13 16:59:01 2020]
Finished job 2.
57 of 75 steps (76%) done

[Thu Aug 13 16:59:01 2020]
rule plotMatrix:
    input: hdf5/trio1.offspring/merged/200000/corrected.h5
    output: plots/trio1.offspring/merged/200000/1:2200000-2800000_plot.png
    jobid: 5
    wildcards: sample=trio1.offspring, resolution=200000, region=1:2200000-2800000

hicPlotMatrix --matrix hdf5/trio1.offspring/merged/200000/corrected.h5 --outFileName plots/trio1.offspring/merged/200000/1:2200000-2800000_plot.png --region 1:2200000-2800000 --log
[Thu Aug 13 16:59:01 2020]
Finished job 4.
58 of 75 steps (77%) done

[Thu Aug 13 16:59:01 2020]
rule plotMatrix:
    input: hdf5/trio1.offspring/merged/200000/corrected.h5
    output: plots/trio1.offspring/merged/200000/1:1-158534110_plot.png
    jobid: 1
    wildcards: sample=trio1.offspring, resolution=200000, region=1:1-158534110

hicPlotMatrix --matrix hdf5/trio1.offspring/merged/200000/corrected.h5 --outFileName plots/trio1.offspring/merged/200000/1:1-158534110_plot.png --region 1:1-158534110 --log
[Thu Aug 13 16:59:10 2020]
Finished job 5.
59 of 75 steps (79%) done

[Thu Aug 13 16:59:10 2020]
rule plotMatrix:
    input: hdf5/trio1.offspring/merged/200000/corrected.h5
    output: plots/trio1.offspring/merged/200000/1:1500000-3500000_plot.png
    jobid: 3
    wildcards: sample=trio1.offspring, resolution=200000, region=1:1500000-3500000

hicPlotMatrix --matrix hdf5/trio1.offspring/merged/200000/corrected.h5 --outFileName plots/trio1.offspring/merged/200000/1:1500000-3500000_plot.png --region 1:1500000-3500000 --log
[Thu Aug 13 16:59:11 2020]
Finished job 1.
60 of 75 steps (80%) done
[Thu Aug 13 16:59:14 2020]
Finished job 26.
61 of 75 steps (81%) done

[Thu Aug 13 16:59:14 2020]
rule correct:
    input: hdf5/trio1.offspring/merged/50000/normalized.h5
    output: hdf5/trio1.offspring/merged/50000/corrected.h5
    jobid: 22
    wildcards: sample=trio1.offspring, resolution=50000

hicCorrectMatrix correct --matrix hdf5/trio1.offspring/merged/50000/normalized.h5 --outFileName hdf5/trio1.offspring/merged/50000/corrected.h5
[Thu Aug 13 16:59:19 2020]
Finished job 3.
62 of 75 steps (83%) done
[Thu Aug 13 16:59:33 2020]
Finished job 24.
63 of 75 steps (84%) done

[Thu Aug 13 16:59:33 2020]
rule plotMatrix:
    input: hdf5/trio1.father/merged/50000/corrected.h5
    output: plots/trio1.father/merged/50000/1:1500000-3500000_plot.png
    jobid: 18
    wildcards: sample=trio1.father, resolution=50000, region=1:1500000-3500000

hicPlotMatrix --matrix hdf5/trio1.father/merged/50000/corrected.h5 --outFileName plots/trio1.father/merged/50000/1:1500000-3500000_plot.png --region 1:1500000-3500000 --log

[Thu Aug 13 16:59:33 2020]
rule plotMatrix:
    input: hdf5/trio1.father/merged/50000/corrected.h5
    output: plots/trio1.father/merged/50000/1:1-158534110_plot.png
    jobid: 16
    wildcards: sample=trio1.father, resolution=50000, region=1:1-158534110

hicPlotMatrix --matrix hdf5/trio1.father/merged/50000/corrected.h5 --outFileName plots/trio1.father/merged/50000/1:1-158534110_plot.png --region 1:1-158534110 --log

[Thu Aug 13 16:59:33 2020]
rule plotMatrix:
    input: hdf5/trio1.father/merged/50000/corrected.h5
    output: plots/trio1.father/merged/50000/1:2200000-2800000_plot.png
    jobid: 20
    wildcards: sample=trio1.father, resolution=50000, region=1:2200000-2800000

hicPlotMatrix --matrix hdf5/trio1.father/merged/50000/corrected.h5 --outFileName plots/trio1.father/merged/50000/1:2200000-2800000_plot.png --region 1:2200000-2800000 --log
[Thu Aug 13 16:59:45 2020]
Finished job 20.
64 of 75 steps (85%) done

[Thu Aug 13 16:59:45 2020]
rule plotMatrix:
    input: hdf5/trio1.father/merged/50000/corrected.h5
    output: plots/trio1.father/merged/50000/1:1000000-6000000_plot.png
    jobid: 17
    wildcards: sample=trio1.father, resolution=50000, region=1:1000000-6000000

hicPlotMatrix --matrix hdf5/trio1.father/merged/50000/corrected.h5 --outFileName plots/trio1.father/merged/50000/1:1000000-6000000_plot.png --region 1:1000000-6000000 --log
[Thu Aug 13 16:59:46 2020]
Finished job 18.
65 of 75 steps (87%) done

[Thu Aug 13 16:59:46 2020]
rule plotMatrix:
    input: hdf5/trio1.father/merged/50000/corrected.h5
    output: plots/trio1.father/merged/50000/1:2000000-3000000_plot.png
    jobid: 19
    wildcards: sample=trio1.father, resolution=50000, region=1:2000000-3000000

hicPlotMatrix --matrix hdf5/trio1.father/merged/50000/corrected.h5 --outFileName plots/trio1.father/merged/50000/1:2000000-3000000_plot.png --region 1:2000000-3000000 --log
[Thu Aug 13 16:59:55 2020]
Finished job 16.
66 of 75 steps (88%) done
[Thu Aug 13 16:59:57 2020]
Finished job 17.
67 of 75 steps (89%) done
[Thu Aug 13 16:59:58 2020]
Finished job 19.
68 of 75 steps (91%) done
[Thu Aug 13 17:01:17 2020]
Finished job 22.
69 of 75 steps (92%) done

[Thu Aug 13 17:01:17 2020]
rule plotMatrix:
    input: hdf5/trio1.offspring/merged/50000/corrected.h5
    output: plots/trio1.offspring/merged/50000/1:2000000-3000000_plot.png
    jobid: 9
    wildcards: sample=trio1.offspring, resolution=50000, region=1:2000000-3000000

hicPlotMatrix --matrix hdf5/trio1.offspring/merged/50000/corrected.h5 --outFileName plots/trio1.offspring/merged/50000/1:2000000-3000000_plot.png --region 1:2000000-3000000 --log

[Thu Aug 13 17:01:17 2020]
rule plotMatrix:
    input: hdf5/trio1.offspring/merged/50000/corrected.h5
    output: plots/trio1.offspring/merged/50000/1:1000000-6000000_plot.png
    jobid: 7
    wildcards: sample=trio1.offspring, resolution=50000, region=1:1000000-6000000

hicPlotMatrix --matrix hdf5/trio1.offspring/merged/50000/corrected.h5 --outFileName plots/trio1.offspring/merged/50000/1:1000000-6000000_plot.png --region 1:1000000-6000000 --log

[Thu Aug 13 17:01:17 2020]
rule plotMatrix:
    input: hdf5/trio1.offspring/merged/50000/corrected.h5
    output: plots/trio1.offspring/merged/50000/1:2200000-2800000_plot.png
    jobid: 10
    wildcards: sample=trio1.offspring, resolution=50000, region=1:2200000-2800000

hicPlotMatrix --matrix hdf5/trio1.offspring/merged/50000/corrected.h5 --outFileName plots/trio1.offspring/merged/50000/1:2200000-2800000_plot.png --region 1:2200000-2800000 --log

[Thu Aug 13 17:01:17 2020]
rule plotMatrix:
    input: hdf5/trio1.offspring/merged/50000/corrected.h5
    output: plots/trio1.offspring/merged/50000/1:1500000-3500000_plot.png
    jobid: 8
    wildcards: sample=trio1.offspring, resolution=50000, region=1:1500000-3500000

hicPlotMatrix --matrix hdf5/trio1.offspring/merged/50000/corrected.h5 --outFileName plots/trio1.offspring/merged/50000/1:1500000-3500000_plot.png --region 1:1500000-3500000 --log
[Thu Aug 13 17:01:20 2020]
Error in rule plotMatrix:
    jobid: 8
    output: plots/trio1.offspring/merged/50000/1:1500000-3500000_plot.png
[Thu Aug 13 17:01:20 2020]
    shell:
        hicPlotMatrix --matrix hdf5/trio1.offspring/merged/50000/corrected.h5 --outFileName plots/trio1.offspring/merged/50000/1:1500000-3500000_plot.png --region 1:1500000-3500000 --log
        (one of the commands exited with non-zero exit code; note that snakemake uses bash strict mode!)
Error in rule plotMatrix:

    jobid: 9
Removing output files of failed job plotMatrix since they might be corrupted:
plots/trio1.offspring/merged/50000/1:1500000-3500000_plot.png
    output: plots/trio1.offspring/merged/50000/1:2000000-3000000_plot.png
    shell:
        hicPlotMatrix --matrix hdf5/trio1.offspring/merged/50000/corrected.h5 --outFileName plots/trio1.offspring/merged/50000/1:2000000-3000000_plot.png --region 1:2000000-3000000 --log
        (one of the commands exited with non-zero exit code; note that snakemake uses bash strict mode!)

Removing output files of failed job plotMatrix since they might be corrupted:
plots/trio1.offspring/merged/50000/1:2000000-3000000_plot.png
[Thu Aug 13 17:01:35 2020]
Finished job 10.
70 of 75 steps (93%) done
[Thu Aug 13 17:01:36 2020]
Finished job 7.
71 of 75 steps (95%) done
Shutting down, this might take some time.
Exiting because a job execution failed. Look above for error message
Complete log: /work2/genphyse/dynagen/jmartin/polledHiC/workflows/hicexplorer_jm/.snakemake/log/2020-08-13T165416.974036.snakemake.log
