Building DAG of jobs...
MissingInputException in line 70 of /work2/genphyse/dynagen/jmartin/polledHiC/workflows/hicexplorer_jm/Snakefile:
Missing input files for rule all:
trio1.offspring/Arima/25000/diagnostic.png
trio1.father/Maison/50000/diagnostic.png
trio1.father/Arima/50000/diagnostic.png
trio1.offspring/Maison-plus/25000/diagnostic.png
trio1.offspring/Arima/50000/diagnostic.png
trio1.mother/Maison/50000/diagnostic.png
trio1.mother/Arima/25000/diagnostic.png
trio1.mother/Arima/50000/diagnostic.png
trio1.offspring/Dovetail/50000/diagnostic.png
trio1.father/Maison/25000/diagnostic.png
trio1.mother/Maison/25000/diagnostic.png
trio1.mother/Dovetail/50000/diagnostic.png
trio1.father/Arima/25000/diagnostic.png
trio1.offspring/Maison-minus/25000/diagnostic.png
trio1.offspring/Maison-plus/50000/diagnostic.png
trio1.offspring/Dovetail/25000/diagnostic.png
trio1.father/Dovetail/50000/diagnostic.png
trio1.mother/Dovetail/25000/diagnostic.png
trio1.offspring/Maison-minus/50000/diagnostic.png
trio1.father/Dovetail/25000/diagnostic.png
