Building DAG of jobs...
MissingInputException in line 72 of /work2/genphyse/dynagen/jmartin/polledHiC/workflows/hicexplorer_jm/Snakefile:
Missing input files for rule all:
trio1.father/merged/200000/1:1500000-3500000_plot.png
trio1.offspring/merged/200000/1:1500000-3500000_plot.png
trio1.father/merged/200000/1:2000000-3000000_plot.png
trio1.offspring/merged/200000/1:2000000-3000000_plot.png
trio1.father/merged/200000/1:1000000-6000000_plot.png
trio1.offspring/merged/50000/1:1-158534110_plot.png
trio1.offspring/merged/50000/1:1500000-3500000_plot.png
trio1.father/merged/50000/1:1000000-6000000_plot.png
trio1.offspring/merged/200000/1:1000000-6000000_plot.png
trio1.offspring/merged/200000/1:1-158534110_plot.png
trio1.offspring/merged/50000/1:1000000-6000000_plot.png
trio1.offspring/merged/50000/1:2000000-3000000_plot.png
trio1.father/merged/200000/1:2200000-2800000_plot.png
trio1.father/merged/50000/1:2200000-2800000_plot.png
trio1.father/merged/200000/1:1-158534110_plot.png
trio1.offspring/merged/50000/1:2200000-2800000_plot.png
trio1.father/merged/50000/1:1500000-3500000_plot.png
trio1.offspring/merged/200000/1:2200000-2800000_plot.png
trio1.father/merged/50000/1:2000000-3000000_plot.png
trio1.father/merged/50000/1:1-158534110_plot.png
