Building DAG of jobs...
Job counts:
	count	jobs
	4	adjust
	1	all
	24	conversion
	4	correct
	4	merge
	14	mergeprotocol
	4	normalize
	20	plotMatrix
	75

[Wed Aug 12 15:08:48 2020]
rule conversion:
    input: /work2/genphyse/dynagen/jmartin/polledHiC/work/trio1.father.Arima/hic_results/matrix/raw/trio1.father.run1.Arima_GTCCGC-AHGYLVDRXX_L002_200000.matrix, /work2/genphyse/dynagen/jmartin/polledHiC/work/trio1.father.Arima/hic_results/matrix/raw/trio1.father.run1.Arima_GTCCGC-AHGYLVDRXX_L002_200000_abs.bed
    output: hdf5/trio1.father/Arima/trio1.father.run1.Arima_GTCCGC-AHGYLVDRXX_L002_200000.h5
    jobid: 60
    wildcards: sample=trio1.father, protocol=Arima, run=trio1.father.run1.Arima_GTCCGC-AHGYLVDRXX_L002, resolution=200000

hicConvertFormat --matrices /work2/genphyse/dynagen/jmartin/polledHiC/work/trio1.father.Arima/hic_results/matrix/raw/trio1.father.run1.Arima_GTCCGC-AHGYLVDRXX_L002_200000.matrix --bedFileHicpro /work2/genphyse/dynagen/jmartin/polledHiC/work/trio1.father.Arima/hic_results/matrix/raw/trio1.father.run1.Arima_GTCCGC-AHGYLVDRXX_L002_200000_abs.bed --outFileName hdf5/trio1.father/Arima/trio1.father.run1.Arima_GTCCGC-AHGYLVDRXX_L002_200000.h5 --outputFormat h5 --inputFormat hicpro

[Wed Aug 12 15:08:48 2020]
rule conversion:
    input: /work2/genphyse/dynagen/jmartin/polledHiC/work/trio1.offspring.Dovetail/hic_results/matrix/raw/trio1.offspring.run2.Dovetail_GCCAAT-AH5HWKBBXY_L001_200000.matrix, /work2/genphyse/dynagen/jmartin/polledHiC/work/trio1.offspring.Dovetail/hic_results/matrix/raw/trio1.offspring.run2.Dovetail_GCCAAT-AH5HWKBBXY_L001_200000_abs.bed
    output: hdf5/trio1.offspring/Dovetail/trio1.offspring.run2.Dovetail_GCCAAT-AH5HWKBBXY_L001_200000.h5
    jobid: 57
    wildcards: sample=trio1.offspring, protocol=Dovetail, run=trio1.offspring.run2.Dovetail_GCCAAT-AH5HWKBBXY_L001, resolution=200000

hicConvertFormat --matrices /work2/genphyse/dynagen/jmartin/polledHiC/work/trio1.offspring.Dovetail/hic_results/matrix/raw/trio1.offspring.run2.Dovetail_GCCAAT-AH5HWKBBXY_L001_200000.matrix --bedFileHicpro /work2/genphyse/dynagen/jmartin/polledHiC/work/trio1.offspring.Dovetail/hic_results/matrix/raw/trio1.offspring.run2.Dovetail_GCCAAT-AH5HWKBBXY_L001_200000_abs.bed --outFileName hdf5/trio1.offspring/Dovetail/trio1.offspring.run2.Dovetail_GCCAAT-AH5HWKBBXY_L001_200000.h5 --outputFormat h5 --inputFormat hicpro

[Wed Aug 12 15:08:48 2020]
rule conversion:
    input: /work2/genphyse/dynagen/jmartin/polledHiC/work/trio1.father.Arima/hic_results/matrix/raw/trio1.father.run1.Arima_GTCCGC-AHGYLVDRXX_L002_50000.matrix, /work2/genphyse/dynagen/jmartin/polledHiC/work/trio1.father.Arima/hic_results/matrix/raw/trio1.father.run1.Arima_GTCCGC-AHGYLVDRXX_L002_50000_abs.bed
    output: hdf5/trio1.father/Arima/trio1.father.run1.Arima_GTCCGC-AHGYLVDRXX_L002_50000.h5
    jobid: 72
    wildcards: sample=trio1.father, protocol=Arima, run=trio1.father.run1.Arima_GTCCGC-AHGYLVDRXX_L002, resolution=50000

hicConvertFormat --matrices /work2/genphyse/dynagen/jmartin/polledHiC/work/trio1.father.Arima/hic_results/matrix/raw/trio1.father.run1.Arima_GTCCGC-AHGYLVDRXX_L002_50000.matrix --bedFileHicpro /work2/genphyse/dynagen/jmartin/polledHiC/work/trio1.father.Arima/hic_results/matrix/raw/trio1.father.run1.Arima_GTCCGC-AHGYLVDRXX_L002_50000_abs.bed --outFileName hdf5/trio1.father/Arima/trio1.father.run1.Arima_GTCCGC-AHGYLVDRXX_L002_50000.h5 --outputFormat h5 --inputFormat hicpro

[Wed Aug 12 15:08:48 2020]
rule conversion:
    input: /work2/genphyse/dynagen/jmartin/polledHiC/work/trio1.offspring.Dovetail/hic_results/matrix/raw/trio1.offspring.run2.Dovetail_GCCAAT-AH5HWKBBXY_L001_50000.matrix, /work2/genphyse/dynagen/jmartin/polledHiC/work/trio1.offspring.Dovetail/hic_results/matrix/raw/trio1.offspring.run2.Dovetail_GCCAAT-AH5HWKBBXY_L001_50000_abs.bed
    output: hdf5/trio1.offspring/Dovetail/trio1.offspring.run2.Dovetail_GCCAAT-AH5HWKBBXY_L001_50000.h5
    jobid: 69
    wildcards: sample=trio1.offspring, protocol=Dovetail, run=trio1.offspring.run2.Dovetail_GCCAAT-AH5HWKBBXY_L001, resolution=50000

hicConvertFormat --matrices /work2/genphyse/dynagen/jmartin/polledHiC/work/trio1.offspring.Dovetail/hic_results/matrix/raw/trio1.offspring.run2.Dovetail_GCCAAT-AH5HWKBBXY_L001_50000.matrix --bedFileHicpro /work2/genphyse/dynagen/jmartin/polledHiC/work/trio1.offspring.Dovetail/hic_results/matrix/raw/trio1.offspring.run2.Dovetail_GCCAAT-AH5HWKBBXY_L001_50000_abs.bed --outFileName hdf5/trio1.offspring/Dovetail/trio1.offspring.run2.Dovetail_GCCAAT-AH5HWKBBXY_L001_50000.h5 --outputFormat h5 --inputFormat hicpro

[Wed Aug 12 15:08:48 2020]
rule conversion:
    input: /work2/genphyse/dynagen/jmartin/polledHiC/work/trio1.offspring.Maison-plus/hic_results/matrix/raw/trio1.offspring.run1.Maison-plus_GACGTC-CDFVM_L001_200000.matrix, /work2/genphyse/dynagen/jmartin/polledHiC/work/trio1.offspring.Maison-plus/hic_results/matrix/raw/trio1.offspring.run1.Maison-plus_GACGTC-CDFVM_L001_200000_abs.bed
    output: hdf5/trio1.offspring/Maison-plus/trio1.offspring.run1.Maison-plus_GACGTC-CDFVM_L001_200000.h5
    jobid: 52
    wildcards: sample=trio1.offspring, protocol=Maison-plus, run=trio1.offspring.run1.Maison-plus_GACGTC-CDFVM_L001, resolution=200000

hicConvertFormat --matrices /work2/genphyse/dynagen/jmartin/polledHiC/work/trio1.offspring.Maison-plus/hic_results/matrix/raw/trio1.offspring.run1.Maison-plus_GACGTC-CDFVM_L001_200000.matrix --bedFileHicpro /work2/genphyse/dynagen/jmartin/polledHiC/work/trio1.offspring.Maison-plus/hic_results/matrix/raw/trio1.offspring.run1.Maison-plus_GACGTC-CDFVM_L001_200000_abs.bed --outFileName hdf5/trio1.offspring/Maison-plus/trio1.offspring.run1.Maison-plus_GACGTC-CDFVM_L001_200000.h5 --outputFormat h5 --inputFormat hicpro

[Wed Aug 12 15:08:48 2020]
rule conversion:
    input: /work2/genphyse/dynagen/jmartin/polledHiC/work/trio1.father.Maison/hic_results/matrix/raw/trio1.father.run1.Maison_GACCTGAA-TTGGTGAG-AHGK7YDRXX_L002_50000.matrix, /work2/genphyse/dynagen/jmartin/polledHiC/work/trio1.father.Maison/hic_results/matrix/raw/trio1.father.run1.Maison_GACCTGAA-TTGGTGAG-AHGK7YDRXX_L002_50000_abs.bed
    output: hdf5/trio1.father/Maison/trio1.father.run1.Maison_GACCTGAA-TTGGTGAG-AHGK7YDRXX_L002_50000.h5
    jobid: 71
    wildcards: sample=trio1.father, protocol=Maison, run=trio1.father.run1.Maison_GACCTGAA-TTGGTGAG-AHGK7YDRXX_L002, resolution=50000

hicConvertFormat --matrices /work2/genphyse/dynagen/jmartin/polledHiC/work/trio1.father.Maison/hic_results/matrix/raw/trio1.father.run1.Maison_GACCTGAA-TTGGTGAG-AHGK7YDRXX_L002_50000.matrix --bedFileHicpro /work2/genphyse/dynagen/jmartin/polledHiC/work/trio1.father.Maison/hic_results/matrix/raw/trio1.father.run1.Maison_GACCTGAA-TTGGTGAG-AHGK7YDRXX_L002_50000_abs.bed --outFileName hdf5/trio1.father/Maison/trio1.father.run1.Maison_GACCTGAA-TTGGTGAG-AHGK7YDRXX_L002_50000.h5 --outputFormat h5 --inputFormat hicpro

[Wed Aug 12 15:08:48 2020]
rule conversion:
    input: /work2/genphyse/dynagen/jmartin/polledHiC/work/trio1.offspring.Maison-plus/hic_results/matrix/raw/trio1.offspring.run2.Maison-plus_GACGTC-AH5HWKBBXY_L001_50000.matrix, /work2/genphyse/dynagen/jmartin/polledHiC/work/trio1.offspring.Maison-plus/hic_results/matrix/raw/trio1.offspring.run2.Maison-plus_GACGTC-AH5HWKBBXY_L001_50000_abs.bed
    output: hdf5/trio1.offspring/Maison-plus/trio1.offspring.run2.Maison-plus_GACGTC-AH5HWKBBXY_L001_50000.h5
    jobid: 65
    wildcards: sample=trio1.offspring, protocol=Maison-plus, run=trio1.offspring.run2.Maison-plus_GACGTC-AH5HWKBBXY_L001, resolution=50000

hicConvertFormat --matrices /work2/genphyse/dynagen/jmartin/polledHiC/work/trio1.offspring.Maison-plus/hic_results/matrix/raw/trio1.offspring.run2.Maison-plus_GACGTC-AH5HWKBBXY_L001_50000.matrix --bedFileHicpro /work2/genphyse/dynagen/jmartin/polledHiC/work/trio1.offspring.Maison-plus/hic_results/matrix/raw/trio1.offspring.run2.Maison-plus_GACGTC-AH5HWKBBXY_L001_50000_abs.bed --outFileName hdf5/trio1.offspring/Maison-plus/trio1.offspring.run2.Maison-plus_GACGTC-AH5HWKBBXY_L001_50000.h5 --outputFormat h5 --inputFormat hicpro

[Wed Aug 12 15:08:48 2020]
rule conversion:
    input: /work2/genphyse/dynagen/jmartin/polledHiC/work/trio1.father.Arima/hic_results/matrix/raw/trio1.father.run2.Arima_GTCCGC-AHGVJ2DRXX_L002_50000.matrix, /work2/genphyse/dynagen/jmartin/polledHiC/work/trio1.father.Arima/hic_results/matrix/raw/trio1.father.run2.Arima_GTCCGC-AHGVJ2DRXX_L002_50000_abs.bed
    output: hdf5/trio1.father/Arima/trio1.father.run2.Arima_GTCCGC-AHGVJ2DRXX_L002_50000.h5
    jobid: 73
    wildcards: sample=trio1.father, protocol=Arima, run=trio1.father.run2.Arima_GTCCGC-AHGVJ2DRXX_L002, resolution=50000

hicConvertFormat --matrices /work2/genphyse/dynagen/jmartin/polledHiC/work/trio1.father.Arima/hic_results/matrix/raw/trio1.father.run2.Arima_GTCCGC-AHGVJ2DRXX_L002_50000.matrix --bedFileHicpro /work2/genphyse/dynagen/jmartin/polledHiC/work/trio1.father.Arima/hic_results/matrix/raw/trio1.father.run2.Arima_GTCCGC-AHGVJ2DRXX_L002_50000_abs.bed --outFileName hdf5/trio1.father/Arima/trio1.father.run2.Arima_GTCCGC-AHGVJ2DRXX_L002_50000.h5 --outputFormat h5 --inputFormat hicpro

[Wed Aug 12 15:08:48 2020]
rule conversion:
    input: /work2/genphyse/dynagen/jmartin/polledHiC/work/trio1.father.Maison/hic_results/matrix/raw/trio1.father.run1.Maison_GACCTGAA-TTGGTGAG-AHGK7YDRXX_L002_200000.matrix, /work2/genphyse/dynagen/jmartin/polledHiC/work/trio1.father.Maison/hic_results/matrix/raw/trio1.father.run1.Maison_GACCTGAA-TTGGTGAG-AHGK7YDRXX_L002_200000_abs.bed
    output: hdf5/trio1.father/Maison/trio1.father.run1.Maison_GACCTGAA-TTGGTGAG-AHGK7YDRXX_L002_200000.h5
    jobid: 59
    wildcards: sample=trio1.father, protocol=Maison, run=trio1.father.run1.Maison_GACCTGAA-TTGGTGAG-AHGK7YDRXX_L002, resolution=200000

hicConvertFormat --matrices /work2/genphyse/dynagen/jmartin/polledHiC/work/trio1.father.Maison/hic_results/matrix/raw/trio1.father.run1.Maison_GACCTGAA-TTGGTGAG-AHGK7YDRXX_L002_200000.matrix --bedFileHicpro /work2/genphyse/dynagen/jmartin/polledHiC/work/trio1.father.Maison/hic_results/matrix/raw/trio1.father.run1.Maison_GACCTGAA-TTGGTGAG-AHGK7YDRXX_L002_200000_abs.bed --outFileName hdf5/trio1.father/Maison/trio1.father.run1.Maison_GACCTGAA-TTGGTGAG-AHGK7YDRXX_L002_200000.h5 --outputFormat h5 --inputFormat hicpro

[Wed Aug 12 15:08:48 2020]
rule conversion:
    input: /work2/genphyse/dynagen/jmartin/polledHiC/work/trio1.offspring.Maison-plus/hic_results/matrix/raw/trio1.offspring.run2.Maison-plus_GACGTC-AH5HWKBBXY_L001_200000.matrix, /work2/genphyse/dynagen/jmartin/polledHiC/work/trio1.offspring.Maison-plus/hic_results/matrix/raw/trio1.offspring.run2.Maison-plus_GACGTC-AH5HWKBBXY_L001_200000_abs.bed
    output: hdf5/trio1.offspring/Maison-plus/trio1.offspring.run2.Maison-plus_GACGTC-AH5HWKBBXY_L001_200000.h5
    jobid: 53
    wildcards: sample=trio1.offspring, protocol=Maison-plus, run=trio1.offspring.run2.Maison-plus_GACGTC-AH5HWKBBXY_L001, resolution=200000

hicConvertFormat --matrices /work2/genphyse/dynagen/jmartin/polledHiC/work/trio1.offspring.Maison-plus/hic_results/matrix/raw/trio1.offspring.run2.Maison-plus_GACGTC-AH5HWKBBXY_L001_200000.matrix --bedFileHicpro /work2/genphyse/dynagen/jmartin/polledHiC/work/trio1.offspring.Maison-plus/hic_results/matrix/raw/trio1.offspring.run2.Maison-plus_GACGTC-AH5HWKBBXY_L001_200000_abs.bed --outFileName hdf5/trio1.offspring/Maison-plus/trio1.offspring.run2.Maison-plus_GACGTC-AH5HWKBBXY_L001_200000.h5 --outputFormat h5 --inputFormat hicpro

[Wed Aug 12 15:08:48 2020]
rule conversion:
    input: /work2/genphyse/dynagen/jmartin/polledHiC/work/trio1.offspring.Maison-plus/hic_results/matrix/raw/trio1.offspring.run1.Maison-plus_GACGTC-CDFVM_L001_50000.matrix, /work2/genphyse/dynagen/jmartin/polledHiC/work/trio1.offspring.Maison-plus/hic_results/matrix/raw/trio1.offspring.run1.Maison-plus_GACGTC-CDFVM_L001_50000_abs.bed
    output: hdf5/trio1.offspring/Maison-plus/trio1.offspring.run1.Maison-plus_GACGTC-CDFVM_L001_50000.h5
    jobid: 64
    wildcards: sample=trio1.offspring, protocol=Maison-plus, run=trio1.offspring.run1.Maison-plus_GACGTC-CDFVM_L001, resolution=50000

hicConvertFormat --matrices /work2/genphyse/dynagen/jmartin/polledHiC/work/trio1.offspring.Maison-plus/hic_results/matrix/raw/trio1.offspring.run1.Maison-plus_GACGTC-CDFVM_L001_50000.matrix --bedFileHicpro /work2/genphyse/dynagen/jmartin/polledHiC/work/trio1.offspring.Maison-plus/hic_results/matrix/raw/trio1.offspring.run1.Maison-plus_GACGTC-CDFVM_L001_50000_abs.bed --outFileName hdf5/trio1.offspring/Maison-plus/trio1.offspring.run1.Maison-plus_GACGTC-CDFVM_L001_50000.h5 --outputFormat h5 --inputFormat hicpro

[Wed Aug 12 15:08:48 2020]
rule conversion:
    input: /work2/genphyse/dynagen/jmartin/polledHiC/work/trio1.father.Arima/hic_results/matrix/raw/trio1.father.run2.Arima_GTCCGC-AHGVJ2DRXX_L002_200000.matrix, /work2/genphyse/dynagen/jmartin/polledHiC/work/trio1.father.Arima/hic_results/matrix/raw/trio1.father.run2.Arima_GTCCGC-AHGVJ2DRXX_L002_200000_abs.bed
    output: hdf5/trio1.father/Arima/trio1.father.run2.Arima_GTCCGC-AHGVJ2DRXX_L002_200000.h5
    jobid: 61
    wildcards: sample=trio1.father, protocol=Arima, run=trio1.father.run2.Arima_GTCCGC-AHGVJ2DRXX_L002, resolution=200000

hicConvertFormat --matrices /work2/genphyse/dynagen/jmartin/polledHiC/work/trio1.father.Arima/hic_results/matrix/raw/trio1.father.run2.Arima_GTCCGC-AHGVJ2DRXX_L002_200000.matrix --bedFileHicpro /work2/genphyse/dynagen/jmartin/polledHiC/work/trio1.father.Arima/hic_results/matrix/raw/trio1.father.run2.Arima_GTCCGC-AHGVJ2DRXX_L002_200000_abs.bed --outFileName hdf5/trio1.father/Arima/trio1.father.run2.Arima_GTCCGC-AHGVJ2DRXX_L002_200000.h5 --outputFormat h5 --inputFormat hicpro

[Wed Aug 12 15:08:48 2020]
rule conversion:
    input: /work2/genphyse/dynagen/jmartin/polledHiC/work/trio1.father.Dovetail/hic_results/matrix/raw/trio1.father.run1.Dovetail_CGGACAAC-TCCGGATT-CG82N_L001_200000.matrix, /work2/genphyse/dynagen/jmartin/polledHiC/work/trio1.father.Dovetail/hic_results/matrix/raw/trio1.father.run1.Dovetail_CGGACAAC-TCCGGATT-CG82N_L001_200000_abs.bed
    output: hdf5/trio1.father/Dovetail/trio1.father.run1.Dovetail_CGGACAAC-TCCGGATT-CG82N_L001_200000.h5
    jobid: 62
    wildcards: sample=trio1.father, protocol=Dovetail, run=trio1.father.run1.Dovetail_CGGACAAC-TCCGGATT-CG82N_L001, resolution=200000

hicConvertFormat --matrices /work2/genphyse/dynagen/jmartin/polledHiC/work/trio1.father.Dovetail/hic_results/matrix/raw/trio1.father.run1.Dovetail_CGGACAAC-TCCGGATT-CG82N_L001_200000.matrix --bedFileHicpro /work2/genphyse/dynagen/jmartin/polledHiC/work/trio1.father.Dovetail/hic_results/matrix/raw/trio1.father.run1.Dovetail_CGGACAAC-TCCGGATT-CG82N_L001_200000_abs.bed --outFileName hdf5/trio1.father/Dovetail/trio1.father.run1.Dovetail_CGGACAAC-TCCGGATT-CG82N_L001_200000.h5 --outputFormat h5 --inputFormat hicpro

[Wed Aug 12 15:08:48 2020]
rule conversion:
    input: /work2/genphyse/dynagen/jmartin/polledHiC/work/trio1.offspring.Arima/hic_results/matrix/raw/trio1.offspring.run2.Arima_CTTGTA-AH5HWKBBXY_L001_200000.matrix, /work2/genphyse/dynagen/jmartin/polledHiC/work/trio1.offspring.Arima/hic_results/matrix/raw/trio1.offspring.run2.Arima_CTTGTA-AH5HWKBBXY_L001_200000_abs.bed
    output: hdf5/trio1.offspring/Arima/trio1.offspring.run2.Arima_CTTGTA-AH5HWKBBXY_L001_200000.h5
    jobid: 56
    wildcards: sample=trio1.offspring, protocol=Arima, run=trio1.offspring.run2.Arima_CTTGTA-AH5HWKBBXY_L001, resolution=200000

hicConvertFormat --matrices /work2/genphyse/dynagen/jmartin/polledHiC/work/trio1.offspring.Arima/hic_results/matrix/raw/trio1.offspring.run2.Arima_CTTGTA-AH5HWKBBXY_L001_200000.matrix --bedFileHicpro /work2/genphyse/dynagen/jmartin/polledHiC/work/trio1.offspring.Arima/hic_results/matrix/raw/trio1.offspring.run2.Arima_CTTGTA-AH5HWKBBXY_L001_200000_abs.bed --outFileName hdf5/trio1.offspring/Arima/trio1.offspring.run2.Arima_CTTGTA-AH5HWKBBXY_L001_200000.h5 --outputFormat h5 --inputFormat hicpro

[Wed Aug 12 15:08:48 2020]
rule conversion:
    input: /work2/genphyse/dynagen/jmartin/polledHiC/work/trio1.offspring.Maison-minus/hic_results/matrix/raw/trio1.offspring.run1.Maison-minus_TTACAG-CDFVM_L001_200000.matrix, /work2/genphyse/dynagen/jmartin/polledHiC/work/trio1.offspring.Maison-minus/hic_results/matrix/raw/trio1.offspring.run1.Maison-minus_TTACAG-CDFVM_L001_200000_abs.bed
    output: hdf5/trio1.offspring/Maison-minus/trio1.offspring.run1.Maison-minus_TTACAG-CDFVM_L001_200000.h5
    jobid: 51
    wildcards: sample=trio1.offspring, protocol=Maison-minus, run=trio1.offspring.run1.Maison-minus_TTACAG-CDFVM_L001, resolution=200000

hicConvertFormat --matrices /work2/genphyse/dynagen/jmartin/polledHiC/work/trio1.offspring.Maison-minus/hic_results/matrix/raw/trio1.offspring.run1.Maison-minus_TTACAG-CDFVM_L001_200000.matrix --bedFileHicpro /work2/genphyse/dynagen/jmartin/polledHiC/work/trio1.offspring.Maison-minus/hic_results/matrix/raw/trio1.offspring.run1.Maison-minus_TTACAG-CDFVM_L001_200000_abs.bed --outFileName hdf5/trio1.offspring/Maison-minus/trio1.offspring.run1.Maison-minus_TTACAG-CDFVM_L001_200000.h5 --outputFormat h5 --inputFormat hicpro

[Wed Aug 12 15:08:48 2020]
rule conversion:
    input: /work2/genphyse/dynagen/jmartin/polledHiC/work/trio1.offspring.Dovetail/hic_results/matrix/raw/trio1.offspring.run1.Dovetail_GCCAAT-CDFVM_L001_50000.matrix, /work2/genphyse/dynagen/jmartin/polledHiC/work/trio1.offspring.Dovetail/hic_results/matrix/raw/trio1.offspring.run1.Dovetail_GCCAAT-CDFVM_L001_50000_abs.bed
    output: hdf5/trio1.offspring/Dovetail/trio1.offspring.run1.Dovetail_GCCAAT-CDFVM_L001_50000.h5
    jobid: 70
    wildcards: sample=trio1.offspring, protocol=Dovetail, run=trio1.offspring.run1.Dovetail_GCCAAT-CDFVM_L001, resolution=50000

hicConvertFormat --matrices /work2/genphyse/dynagen/jmartin/polledHiC/work/trio1.offspring.Dovetail/hic_results/matrix/raw/trio1.offspring.run1.Dovetail_GCCAAT-CDFVM_L001_50000.matrix --bedFileHicpro /work2/genphyse/dynagen/jmartin/polledHiC/work/trio1.offspring.Dovetail/hic_results/matrix/raw/trio1.offspring.run1.Dovetail_GCCAAT-CDFVM_L001_50000_abs.bed --outFileName hdf5/trio1.offspring/Dovetail/trio1.offspring.run1.Dovetail_GCCAAT-CDFVM_L001_50000.h5 --outputFormat h5 --inputFormat hicpro

[Wed Aug 12 15:08:48 2020]
rule conversion:
    input: /work2/genphyse/dynagen/jmartin/polledHiC/work/trio1.offspring.Arima/hic_results/matrix/raw/trio1.offspring.run2.Arima_CTTGTA-AH5HWKBBXY_L001_50000.matrix, /work2/genphyse/dynagen/jmartin/polledHiC/work/trio1.offspring.Arima/hic_results/matrix/raw/trio1.offspring.run2.Arima_CTTGTA-AH5HWKBBXY_L001_50000_abs.bed
    output: hdf5/trio1.offspring/Arima/trio1.offspring.run2.Arima_CTTGTA-AH5HWKBBXY_L001_50000.h5
    jobid: 68
    wildcards: sample=trio1.offspring, protocol=Arima, run=trio1.offspring.run2.Arima_CTTGTA-AH5HWKBBXY_L001, resolution=50000

hicConvertFormat --matrices /work2/genphyse/dynagen/jmartin/polledHiC/work/trio1.offspring.Arima/hic_results/matrix/raw/trio1.offspring.run2.Arima_CTTGTA-AH5HWKBBXY_L001_50000.matrix --bedFileHicpro /work2/genphyse/dynagen/jmartin/polledHiC/work/trio1.offspring.Arima/hic_results/matrix/raw/trio1.offspring.run2.Arima_CTTGTA-AH5HWKBBXY_L001_50000_abs.bed --outFileName hdf5/trio1.offspring/Arima/trio1.offspring.run2.Arima_CTTGTA-AH5HWKBBXY_L001_50000.h5 --outputFormat h5 --inputFormat hicpro

[Wed Aug 12 15:08:48 2020]
rule conversion:
    input: /work2/genphyse/dynagen/jmartin/polledHiC/work/trio1.father.Dovetail/hic_results/matrix/raw/trio1.father.run1.Dovetail_CGGACAAC-TCCGGATT-CG82N_L001_50000.matrix, /work2/genphyse/dynagen/jmartin/polledHiC/work/trio1.father.Dovetail/hic_results/matrix/raw/trio1.father.run1.Dovetail_CGGACAAC-TCCGGATT-CG82N_L001_50000_abs.bed
    output: hdf5/trio1.father/Dovetail/trio1.father.run1.Dovetail_CGGACAAC-TCCGGATT-CG82N_L001_50000.h5
    jobid: 74
    wildcards: sample=trio1.father, protocol=Dovetail, run=trio1.father.run1.Dovetail_CGGACAAC-TCCGGATT-CG82N_L001, resolution=50000

hicConvertFormat --matrices /work2/genphyse/dynagen/jmartin/polledHiC/work/trio1.father.Dovetail/hic_results/matrix/raw/trio1.father.run1.Dovetail_CGGACAAC-TCCGGATT-CG82N_L001_50000.matrix --bedFileHicpro /work2/genphyse/dynagen/jmartin/polledHiC/work/trio1.father.Dovetail/hic_results/matrix/raw/trio1.father.run1.Dovetail_CGGACAAC-TCCGGATT-CG82N_L001_50000_abs.bed --outFileName hdf5/trio1.father/Dovetail/trio1.father.run1.Dovetail_CGGACAAC-TCCGGATT-CG82N_L001_50000.h5 --outputFormat h5 --inputFormat hicpro

[Wed Aug 12 15:08:48 2020]
rule conversion:
    input: /work2/genphyse/dynagen/jmartin/polledHiC/work/trio1.offspring.Dovetail/hic_results/matrix/raw/trio1.offspring.run1.Dovetail_GCCAAT-CDFVM_L001_200000.matrix, /work2/genphyse/dynagen/jmartin/polledHiC/work/trio1.offspring.Dovetail/hic_results/matrix/raw/trio1.offspring.run1.Dovetail_GCCAAT-CDFVM_L001_200000_abs.bed
    output: hdf5/trio1.offspring/Dovetail/trio1.offspring.run1.Dovetail_GCCAAT-CDFVM_L001_200000.h5
    jobid: 58
    wildcards: sample=trio1.offspring, protocol=Dovetail, run=trio1.offspring.run1.Dovetail_GCCAAT-CDFVM_L001, resolution=200000

hicConvertFormat --matrices /work2/genphyse/dynagen/jmartin/polledHiC/work/trio1.offspring.Dovetail/hic_results/matrix/raw/trio1.offspring.run1.Dovetail_GCCAAT-CDFVM_L001_200000.matrix --bedFileHicpro /work2/genphyse/dynagen/jmartin/polledHiC/work/trio1.offspring.Dovetail/hic_results/matrix/raw/trio1.offspring.run1.Dovetail_GCCAAT-CDFVM_L001_200000_abs.bed --outFileName hdf5/trio1.offspring/Dovetail/trio1.offspring.run1.Dovetail_GCCAAT-CDFVM_L001_200000.h5 --outputFormat h5 --inputFormat hicpro

[Wed Aug 12 15:08:48 2020]
rule conversion:
    input: /work2/genphyse/dynagen/jmartin/polledHiC/work/trio1.offspring.Maison-minus/hic_results/matrix/raw/trio1.offspring.run1.Maison-minus_TTACAG-CDFVM_L001_50000.matrix, /work2/genphyse/dynagen/jmartin/polledHiC/work/trio1.offspring.Maison-minus/hic_results/matrix/raw/trio1.offspring.run1.Maison-minus_TTACAG-CDFVM_L001_50000_abs.bed
    output: hdf5/trio1.offspring/Maison-minus/trio1.offspring.run1.Maison-minus_TTACAG-CDFVM_L001_50000.h5
    jobid: 63
    wildcards: sample=trio1.offspring, protocol=Maison-minus, run=trio1.offspring.run1.Maison-minus_TTACAG-CDFVM_L001, resolution=50000

hicConvertFormat --matrices /work2/genphyse/dynagen/jmartin/polledHiC/work/trio1.offspring.Maison-minus/hic_results/matrix/raw/trio1.offspring.run1.Maison-minus_TTACAG-CDFVM_L001_50000.matrix --bedFileHicpro /work2/genphyse/dynagen/jmartin/polledHiC/work/trio1.offspring.Maison-minus/hic_results/matrix/raw/trio1.offspring.run1.Maison-minus_TTACAG-CDFVM_L001_50000_abs.bed --outFileName hdf5/trio1.offspring/Maison-minus/trio1.offspring.run1.Maison-minus_TTACAG-CDFVM_L001_50000.h5 --outputFormat h5 --inputFormat hicpro

[Wed Aug 12 15:08:48 2020]
rule conversion:
    input: /work2/genphyse/dynagen/jmartin/polledHiC/work/trio1.offspring.Arima/hic_results/matrix/raw/trio1.offspring.run1.Arima_CTTGTA-CDFVM_L001_200000.matrix, /work2/genphyse/dynagen/jmartin/polledHiC/work/trio1.offspring.Arima/hic_results/matrix/raw/trio1.offspring.run1.Arima_CTTGTA-CDFVM_L001_200000_abs.bed
    output: hdf5/trio1.offspring/Arima/trio1.offspring.run1.Arima_CTTGTA-CDFVM_L001_200000.h5
    jobid: 55
    wildcards: sample=trio1.offspring, protocol=Arima, run=trio1.offspring.run1.Arima_CTTGTA-CDFVM_L001, resolution=200000

hicConvertFormat --matrices /work2/genphyse/dynagen/jmartin/polledHiC/work/trio1.offspring.Arima/hic_results/matrix/raw/trio1.offspring.run1.Arima_CTTGTA-CDFVM_L001_200000.matrix --bedFileHicpro /work2/genphyse/dynagen/jmartin/polledHiC/work/trio1.offspring.Arima/hic_results/matrix/raw/trio1.offspring.run1.Arima_CTTGTA-CDFVM_L001_200000_abs.bed --outFileName hdf5/trio1.offspring/Arima/trio1.offspring.run1.Arima_CTTGTA-CDFVM_L001_200000.h5 --outputFormat h5 --inputFormat hicpro

[Wed Aug 12 15:08:48 2020]
rule conversion:
    input: /work2/genphyse/dynagen/jmartin/polledHiC/work/trio1.offspring.Maison-plus/hic_results/matrix/raw/trio1.offspring.run3.Maison-plus_GACGTCTT-GGTTCACC-AHGK7YDRXX_L002_200000.matrix, /work2/genphyse/dynagen/jmartin/polledHiC/work/trio1.offspring.Maison-plus/hic_results/matrix/raw/trio1.offspring.run3.Maison-plus_GACGTCTT-GGTTCACC-AHGK7YDRXX_L002_200000_abs.bed
    output: hdf5/trio1.offspring/Maison-plus/trio1.offspring.run3.Maison-plus_GACGTCTT-GGTTCACC-AHGK7YDRXX_L002_200000.h5
    jobid: 54
    wildcards: sample=trio1.offspring, protocol=Maison-plus, run=trio1.offspring.run3.Maison-plus_GACGTCTT-GGTTCACC-AHGK7YDRXX_L002, resolution=200000

hicConvertFormat --matrices /work2/genphyse/dynagen/jmartin/polledHiC/work/trio1.offspring.Maison-plus/hic_results/matrix/raw/trio1.offspring.run3.Maison-plus_GACGTCTT-GGTTCACC-AHGK7YDRXX_L002_200000.matrix --bedFileHicpro /work2/genphyse/dynagen/jmartin/polledHiC/work/trio1.offspring.Maison-plus/hic_results/matrix/raw/trio1.offspring.run3.Maison-plus_GACGTCTT-GGTTCACC-AHGK7YDRXX_L002_200000_abs.bed --outFileName hdf5/trio1.offspring/Maison-plus/trio1.offspring.run3.Maison-plus_GACGTCTT-GGTTCACC-AHGK7YDRXX_L002_200000.h5 --outputFormat h5 --inputFormat hicpro

[Wed Aug 12 15:08:48 2020]
rule conversion:
    input: /work2/genphyse/dynagen/jmartin/polledHiC/work/trio1.offspring.Maison-plus/hic_results/matrix/raw/trio1.offspring.run3.Maison-plus_GACGTCTT-GGTTCACC-AHGK7YDRXX_L002_50000.matrix, /work2/genphyse/dynagen/jmartin/polledHiC/work/trio1.offspring.Maison-plus/hic_results/matrix/raw/trio1.offspring.run3.Maison-plus_GACGTCTT-GGTTCACC-AHGK7YDRXX_L002_50000_abs.bed
    output: hdf5/trio1.offspring/Maison-plus/trio1.offspring.run3.Maison-plus_GACGTCTT-GGTTCACC-AHGK7YDRXX_L002_50000.h5
    jobid: 66
    wildcards: sample=trio1.offspring, protocol=Maison-plus, run=trio1.offspring.run3.Maison-plus_GACGTCTT-GGTTCACC-AHGK7YDRXX_L002, resolution=50000

hicConvertFormat --matrices /work2/genphyse/dynagen/jmartin/polledHiC/work/trio1.offspring.Maison-plus/hic_results/matrix/raw/trio1.offspring.run3.Maison-plus_GACGTCTT-GGTTCACC-AHGK7YDRXX_L002_50000.matrix --bedFileHicpro /work2/genphyse/dynagen/jmartin/polledHiC/work/trio1.offspring.Maison-plus/hic_results/matrix/raw/trio1.offspring.run3.Maison-plus_GACGTCTT-GGTTCACC-AHGK7YDRXX_L002_50000_abs.bed --outFileName hdf5/trio1.offspring/Maison-plus/trio1.offspring.run3.Maison-plus_GACGTCTT-GGTTCACC-AHGK7YDRXX_L002_50000.h5 --outputFormat h5 --inputFormat hicpro

[Wed Aug 12 15:08:48 2020]
rule conversion:
    input: /work2/genphyse/dynagen/jmartin/polledHiC/work/trio1.offspring.Arima/hic_results/matrix/raw/trio1.offspring.run1.Arima_CTTGTA-CDFVM_L001_50000.matrix, /work2/genphyse/dynagen/jmartin/polledHiC/work/trio1.offspring.Arima/hic_results/matrix/raw/trio1.offspring.run1.Arima_CTTGTA-CDFVM_L001_50000_abs.bed
    output: hdf5/trio1.offspring/Arima/trio1.offspring.run1.Arima_CTTGTA-CDFVM_L001_50000.h5
    jobid: 67
    wildcards: sample=trio1.offspring, protocol=Arima, run=trio1.offspring.run1.Arima_CTTGTA-CDFVM_L001, resolution=50000

hicConvertFormat --matrices /work2/genphyse/dynagen/jmartin/polledHiC/work/trio1.offspring.Arima/hic_results/matrix/raw/trio1.offspring.run1.Arima_CTTGTA-CDFVM_L001_50000.matrix --bedFileHicpro /work2/genphyse/dynagen/jmartin/polledHiC/work/trio1.offspring.Arima/hic_results/matrix/raw/trio1.offspring.run1.Arima_CTTGTA-CDFVM_L001_50000_abs.bed --outFileName hdf5/trio1.offspring/Arima/trio1.offspring.run1.Arima_CTTGTA-CDFVM_L001_50000.h5 --outputFormat h5 --inputFormat hicpro

[Wed Aug 12 15:08:48 2020]
rule mergeprotocol:
    input: hdf5/trio1.offspring/Dovetail/trio1.offspring.run2.Dovetail_GCCAAT-AH5HWKBBXY_L001_200000.h5, hdf5/trio1.offspring/Dovetail/trio1.offspring.run1.Dovetail_GCCAAT-CDFVM_L001_200000.h5
    output: trio1.offspring/Dovetail/200000/matrix.h5
    jobid: 40
    wildcards: sample=trio1.offspring, protocol=Dovetail, resolution=200000

hicSumMatrices --matrices  hdf5/trio1.offspring/Dovetail/trio1.offspring.run2.Dovetail_GCCAAT-AH5HWKBBXY_L001_200000.h5 hdf5/trio1.offspring/Dovetail/trio1.offspring.run1.Dovetail_GCCAAT-CDFVM_L001_200000.h5 --outFileName trio1.offspring/Dovetail/200000/matrix.h5

[Wed Aug 12 15:08:48 2020]
rule mergeprotocol:
    input: hdf5/trio1.father/Arima/trio1.father.run1.Arima_GTCCGC-AHGYLVDRXX_L002_200000.h5, hdf5/trio1.father/Arima/trio1.father.run2.Arima_GTCCGC-AHGVJ2DRXX_L002_200000.h5
    output: trio1.father/Arima/200000/matrix.h5
    jobid: 42
    wildcards: sample=trio1.father, protocol=Arima, resolution=200000

hicSumMatrices --matrices  hdf5/trio1.father/Arima/trio1.father.run1.Arima_GTCCGC-AHGYLVDRXX_L002_200000.h5 hdf5/trio1.father/Arima/trio1.father.run2.Arima_GTCCGC-AHGVJ2DRXX_L002_200000.h5 --outFileName trio1.father/Arima/200000/matrix.h5

[Wed Aug 12 15:08:48 2020]
rule mergeprotocol:
    input: hdf5/trio1.father/Arima/trio1.father.run1.Arima_GTCCGC-AHGYLVDRXX_L002_50000.h5, hdf5/trio1.father/Arima/trio1.father.run2.Arima_GTCCGC-AHGVJ2DRXX_L002_50000.h5
    output: trio1.father/Arima/50000/matrix.h5
    jobid: 49
    wildcards: sample=trio1.father, protocol=Arima, resolution=50000

hicSumMatrices --matrices  hdf5/trio1.father/Arima/trio1.father.run1.Arima_GTCCGC-AHGYLVDRXX_L002_50000.h5 hdf5/trio1.father/Arima/trio1.father.run2.Arima_GTCCGC-AHGVJ2DRXX_L002_50000.h5 --outFileName trio1.father/Arima/50000/matrix.h5

[Wed Aug 12 15:08:48 2020]
rule mergeprotocol:
    input: hdf5/trio1.offspring/Dovetail/trio1.offspring.run2.Dovetail_GCCAAT-AH5HWKBBXY_L001_50000.h5, hdf5/trio1.offspring/Dovetail/trio1.offspring.run1.Dovetail_GCCAAT-CDFVM_L001_50000.h5
    output: trio1.offspring/Dovetail/50000/matrix.h5
    jobid: 47
    wildcards: sample=trio1.offspring, protocol=Dovetail, resolution=50000

hicSumMatrices --matrices  hdf5/trio1.offspring/Dovetail/trio1.offspring.run2.Dovetail_GCCAAT-AH5HWKBBXY_L001_50000.h5 hdf5/trio1.offspring/Dovetail/trio1.offspring.run1.Dovetail_GCCAAT-CDFVM_L001_50000.h5 --outFileName trio1.offspring/Dovetail/50000/matrix.h5

[Wed Aug 12 15:08:48 2020]
rule mergeprotocol:
    input: hdf5/trio1.offspring/Maison-plus/trio1.offspring.run1.Maison-plus_GACGTC-CDFVM_L001_50000.h5, hdf5/trio1.offspring/Maison-plus/trio1.offspring.run2.Maison-plus_GACGTC-AH5HWKBBXY_L001_50000.h5, hdf5/trio1.offspring/Maison-plus/trio1.offspring.run3.Maison-plus_GACGTCTT-GGTTCACC-AHGK7YDRXX_L002_50000.h5
    output: trio1.offspring/Maison-plus/50000/matrix.h5
    jobid: 45
    wildcards: sample=trio1.offspring, protocol=Maison-plus, resolution=50000

hicSumMatrices --matrices  hdf5/trio1.offspring/Maison-plus/trio1.offspring.run1.Maison-plus_GACGTC-CDFVM_L001_50000.h5 hdf5/trio1.offspring/Maison-plus/trio1.offspring.run2.Maison-plus_GACGTC-AH5HWKBBXY_L001_50000.h5 hdf5/trio1.offspring/Maison-plus/trio1.offspring.run3.Maison-plus_GACGTCTT-GGTTCACC-AHGK7YDRXX_L002_50000.h5 --outFileName trio1.offspring/Maison-plus/50000/matrix.h5

[Wed Aug 12 15:08:48 2020]
rule mergeprotocol:
    input: hdf5/trio1.offspring/Arima/trio1.offspring.run1.Arima_CTTGTA-CDFVM_L001_50000.h5, hdf5/trio1.offspring/Arima/trio1.offspring.run2.Arima_CTTGTA-AH5HWKBBXY_L001_50000.h5
    output: trio1.offspring/Arima/50000/matrix.h5
    jobid: 46
    wildcards: sample=trio1.offspring, protocol=Arima, resolution=50000

hicSumMatrices --matrices  hdf5/trio1.offspring/Arima/trio1.offspring.run1.Arima_CTTGTA-CDFVM_L001_50000.h5 hdf5/trio1.offspring/Arima/trio1.offspring.run2.Arima_CTTGTA-AH5HWKBBXY_L001_50000.h5 --outFileName trio1.offspring/Arima/50000/matrix.h5

[Wed Aug 12 15:08:48 2020]
rule mergeprotocol:
    input: hdf5/trio1.father/Dovetail/trio1.father.run1.Dovetail_CGGACAAC-TCCGGATT-CG82N_L001_50000.h5
    output: trio1.father/Dovetail/50000/matrix.h5
    jobid: 50
    wildcards: sample=trio1.father, protocol=Dovetail, resolution=50000

hicSumMatrices --matrices  hdf5/trio1.father/Dovetail/trio1.father.run1.Dovetail_CGGACAAC-TCCGGATT-CG82N_L001_50000.h5 --outFileName trio1.father/Dovetail/50000/matrix.h5

[Wed Aug 12 15:08:48 2020]
rule mergeprotocol:
    input: hdf5/trio1.offspring/Maison-plus/trio1.offspring.run1.Maison-plus_GACGTC-CDFVM_L001_200000.h5, hdf5/trio1.offspring/Maison-plus/trio1.offspring.run2.Maison-plus_GACGTC-AH5HWKBBXY_L001_200000.h5, hdf5/trio1.offspring/Maison-plus/trio1.offspring.run3.Maison-plus_GACGTCTT-GGTTCACC-AHGK7YDRXX_L002_200000.h5
    output: trio1.offspring/Maison-plus/200000/matrix.h5
    jobid: 38
    wildcards: sample=trio1.offspring, protocol=Maison-plus, resolution=200000

hicSumMatrices --matrices  hdf5/trio1.offspring/Maison-plus/trio1.offspring.run1.Maison-plus_GACGTC-CDFVM_L001_200000.h5 hdf5/trio1.offspring/Maison-plus/trio1.offspring.run2.Maison-plus_GACGTC-AH5HWKBBXY_L001_200000.h5 hdf5/trio1.offspring/Maison-plus/trio1.offspring.run3.Maison-plus_GACGTCTT-GGTTCACC-AHGK7YDRXX_L002_200000.h5 --outFileName trio1.offspring/Maison-plus/200000/matrix.h5

[Wed Aug 12 15:08:48 2020]
rule mergeprotocol:
    input: hdf5/trio1.father/Dovetail/trio1.father.run1.Dovetail_CGGACAAC-TCCGGATT-CG82N_L001_200000.h5
    output: trio1.father/Dovetail/200000/matrix.h5
    jobid: 43
    wildcards: sample=trio1.father, protocol=Dovetail, resolution=200000

hicSumMatrices --matrices  hdf5/trio1.father/Dovetail/trio1.father.run1.Dovetail_CGGACAAC-TCCGGATT-CG82N_L001_200000.h5 --outFileName trio1.father/Dovetail/200000/matrix.h5

[Wed Aug 12 15:08:48 2020]
rule mergeprotocol:
    input: hdf5/trio1.offspring/Arima/trio1.offspring.run1.Arima_CTTGTA-CDFVM_L001_200000.h5, hdf5/trio1.offspring/Arima/trio1.offspring.run2.Arima_CTTGTA-AH5HWKBBXY_L001_200000.h5
    output: trio1.offspring/Arima/200000/matrix.h5
    jobid: 39
    wildcards: sample=trio1.offspring, protocol=Arima, resolution=200000

hicSumMatrices --matrices  hdf5/trio1.offspring/Arima/trio1.offspring.run1.Arima_CTTGTA-CDFVM_L001_200000.h5 hdf5/trio1.offspring/Arima/trio1.offspring.run2.Arima_CTTGTA-AH5HWKBBXY_L001_200000.h5 --outFileName trio1.offspring/Arima/200000/matrix.h5

[Wed Aug 12 15:08:48 2020]
rule mergeprotocol:
    input: hdf5/trio1.father/Maison/trio1.father.run1.Maison_GACCTGAA-TTGGTGAG-AHGK7YDRXX_L002_50000.h5
    output: trio1.father/Maison/50000/matrix.h5
    jobid: 48
    wildcards: sample=trio1.father, protocol=Maison, resolution=50000

hicSumMatrices --matrices  hdf5/trio1.father/Maison/trio1.father.run1.Maison_GACCTGAA-TTGGTGAG-AHGK7YDRXX_L002_50000.h5 --outFileName trio1.father/Maison/50000/matrix.h5

[Wed Aug 12 15:08:48 2020]
rule mergeprotocol:
    input: hdf5/trio1.offspring/Maison-minus/trio1.offspring.run1.Maison-minus_TTACAG-CDFVM_L001_50000.h5
    output: trio1.offspring/Maison-minus/50000/matrix.h5
    jobid: 44
    wildcards: sample=trio1.offspring, protocol=Maison-minus, resolution=50000

hicSumMatrices --matrices  hdf5/trio1.offspring/Maison-minus/trio1.offspring.run1.Maison-minus_TTACAG-CDFVM_L001_50000.h5 --outFileName trio1.offspring/Maison-minus/50000/matrix.h5

[Wed Aug 12 15:08:48 2020]
rule mergeprotocol:
    input: hdf5/trio1.offspring/Maison-minus/trio1.offspring.run1.Maison-minus_TTACAG-CDFVM_L001_200000.h5
    output: trio1.offspring/Maison-minus/200000/matrix.h5
    jobid: 37
    wildcards: sample=trio1.offspring, protocol=Maison-minus, resolution=200000

hicSumMatrices --matrices  hdf5/trio1.offspring/Maison-minus/trio1.offspring.run1.Maison-minus_TTACAG-CDFVM_L001_200000.h5 --outFileName trio1.offspring/Maison-minus/200000/matrix.h5

[Wed Aug 12 15:08:48 2020]
rule mergeprotocol:
    input: hdf5/trio1.father/Maison/trio1.father.run1.Maison_GACCTGAA-TTGGTGAG-AHGK7YDRXX_L002_200000.h5
    output: trio1.father/Maison/200000/matrix.h5
    jobid: 41
    wildcards: sample=trio1.father, protocol=Maison, resolution=200000

hicSumMatrices --matrices  hdf5/trio1.father/Maison/trio1.father.run1.Maison_GACCTGAA-TTGGTGAG-AHGK7YDRXX_L002_200000.h5 --outFileName trio1.father/Maison/200000/matrix.h5

[Wed Aug 12 15:08:48 2020]
rule merge:
    input: trio1.offspring/Maison-minus/200000/matrix.h5, trio1.offspring/Maison-plus/200000/matrix.h5, trio1.offspring/Arima/200000/matrix.h5, trio1.offspring/Dovetail/200000/matrix.h5, trio1.father/Maison/200000/matrix.h5, trio1.father/Arima/200000/matrix.h5, trio1.father/Dovetail/200000/matrix.h5
    output: trio1.father/merged/200000/matrix.h5
    jobid: 35
    wildcards: sample=trio1.father, resolution=200000

hicSumMatrices --matrices trio1.offspring/Maison-minus/200000/matrix.h5 trio1.offspring/Maison-plus/200000/matrix.h5 trio1.offspring/Arima/200000/matrix.h5 trio1.offspring/Dovetail/200000/matrix.h5 trio1.father/Maison/200000/matrix.h5 trio1.father/Arima/200000/matrix.h5 trio1.father/Dovetail/200000/matrix.h5 --outFileName trio1.father/merged/200000/matrix.h5

[Wed Aug 12 15:08:48 2020]
rule merge:
    input: trio1.offspring/Maison-minus/50000/matrix.h5, trio1.offspring/Maison-plus/50000/matrix.h5, trio1.offspring/Arima/50000/matrix.h5, trio1.offspring/Dovetail/50000/matrix.h5, trio1.father/Maison/50000/matrix.h5, trio1.father/Arima/50000/matrix.h5, trio1.father/Dovetail/50000/matrix.h5
    output: trio1.father/merged/50000/matrix.h5
    jobid: 36
    wildcards: sample=trio1.father, resolution=50000

hicSumMatrices --matrices trio1.offspring/Maison-minus/50000/matrix.h5 trio1.offspring/Maison-plus/50000/matrix.h5 trio1.offspring/Arima/50000/matrix.h5 trio1.offspring/Dovetail/50000/matrix.h5 trio1.father/Maison/50000/matrix.h5 trio1.father/Arima/50000/matrix.h5 trio1.father/Dovetail/50000/matrix.h5 --outFileName trio1.father/merged/50000/matrix.h5

[Wed Aug 12 15:08:48 2020]
rule merge:
    input: trio1.offspring/Maison-minus/50000/matrix.h5, trio1.offspring/Maison-plus/50000/matrix.h5, trio1.offspring/Arima/50000/matrix.h5, trio1.offspring/Dovetail/50000/matrix.h5, trio1.father/Maison/50000/matrix.h5, trio1.father/Arima/50000/matrix.h5, trio1.father/Dovetail/50000/matrix.h5
    output: trio1.offspring/merged/50000/matrix.h5
    jobid: 34
    wildcards: sample=trio1.offspring, resolution=50000

hicSumMatrices --matrices trio1.offspring/Maison-minus/50000/matrix.h5 trio1.offspring/Maison-plus/50000/matrix.h5 trio1.offspring/Arima/50000/matrix.h5 trio1.offspring/Dovetail/50000/matrix.h5 trio1.father/Maison/50000/matrix.h5 trio1.father/Arima/50000/matrix.h5 trio1.father/Dovetail/50000/matrix.h5 --outFileName trio1.offspring/merged/50000/matrix.h5

[Wed Aug 12 15:08:48 2020]
rule merge:
    input: trio1.offspring/Maison-minus/200000/matrix.h5, trio1.offspring/Maison-plus/200000/matrix.h5, trio1.offspring/Arima/200000/matrix.h5, trio1.offspring/Dovetail/200000/matrix.h5, trio1.father/Maison/200000/matrix.h5, trio1.father/Arima/200000/matrix.h5, trio1.father/Dovetail/200000/matrix.h5
    output: trio1.offspring/merged/200000/matrix.h5
    jobid: 33
    wildcards: sample=trio1.offspring, resolution=200000

hicSumMatrices --matrices trio1.offspring/Maison-minus/200000/matrix.h5 trio1.offspring/Maison-plus/200000/matrix.h5 trio1.offspring/Arima/200000/matrix.h5 trio1.offspring/Dovetail/200000/matrix.h5 trio1.father/Maison/200000/matrix.h5 trio1.father/Arima/200000/matrix.h5 trio1.father/Dovetail/200000/matrix.h5 --outFileName trio1.offspring/merged/200000/matrix.h5

[Wed Aug 12 15:08:48 2020]
rule adjust:
    input: trio1.father/merged/50000/matrix.h5
    output: trio1.father/merged/50000/adjusted.h5
    jobid: 32
    wildcards: sample=trio1.father, resolution=50000

hicAdjustMatrix --matrix trio1.father/merged/50000/matrix.h5 --outFileName trio1.father/merged/50000/adjusted.h5  --chromosomes 1 2 3 4 5 6 7 8 9 10 11 12 13 14 15 16 17 18 19 20 21 22 23 24 25 26 27 28 29 X --action keep ;

[Wed Aug 12 15:08:48 2020]
rule adjust:
    input: trio1.father/merged/200000/matrix.h5
    output: trio1.father/merged/200000/adjusted.h5
    jobid: 31
    wildcards: sample=trio1.father, resolution=200000

hicAdjustMatrix --matrix trio1.father/merged/200000/matrix.h5 --outFileName trio1.father/merged/200000/adjusted.h5  --chromosomes 1 2 3 4 5 6 7 8 9 10 11 12 13 14 15 16 17 18 19 20 21 22 23 24 25 26 27 28 29 X --action keep ;

[Wed Aug 12 15:08:48 2020]
rule adjust:
    input: trio1.offspring/merged/200000/matrix.h5
    output: trio1.offspring/merged/200000/adjusted.h5
    jobid: 29
    wildcards: sample=trio1.offspring, resolution=200000

hicAdjustMatrix --matrix trio1.offspring/merged/200000/matrix.h5 --outFileName trio1.offspring/merged/200000/adjusted.h5  --chromosomes 1 2 3 4 5 6 7 8 9 10 11 12 13 14 15 16 17 18 19 20 21 22 23 24 25 26 27 28 29 X --action keep ;

[Wed Aug 12 15:08:48 2020]
rule adjust:
    input: trio1.offspring/merged/50000/matrix.h5
    output: trio1.offspring/merged/50000/adjusted.h5
    jobid: 30
    wildcards: sample=trio1.offspring, resolution=50000

hicAdjustMatrix --matrix trio1.offspring/merged/50000/matrix.h5 --outFileName trio1.offspring/merged/50000/adjusted.h5  --chromosomes 1 2 3 4 5 6 7 8 9 10 11 12 13 14 15 16 17 18 19 20 21 22 23 24 25 26 27 28 29 X --action keep ;

[Wed Aug 12 15:08:48 2020]
rule normalize:
    input: trio1.offspring/merged/200000/adjusted.h5
    output: trio1.offspring/merged/200000/normalized.h5
    jobid: 25
    wildcards: sample=trio1.offspring, resolution=200000

hicNormalize --matrices trio1.offspring/merged/200000/adjusted.h5 --outFileName trio1.offspring/merged/200000/normalized.h5 --normalize smallest

[Wed Aug 12 15:08:48 2020]
rule normalize:
    input: trio1.offspring/merged/50000/adjusted.h5
    output: trio1.offspring/merged/50000/normalized.h5
    jobid: 26
    wildcards: sample=trio1.offspring, resolution=50000

hicNormalize --matrices trio1.offspring/merged/50000/adjusted.h5 --outFileName trio1.offspring/merged/50000/normalized.h5 --normalize smallest

[Wed Aug 12 15:08:48 2020]
rule normalize:
    input: trio1.father/merged/50000/adjusted.h5
    output: trio1.father/merged/50000/normalized.h5
    jobid: 28
    wildcards: sample=trio1.father, resolution=50000

hicNormalize --matrices trio1.father/merged/50000/adjusted.h5 --outFileName trio1.father/merged/50000/normalized.h5 --normalize smallest

[Wed Aug 12 15:08:48 2020]
rule normalize:
    input: trio1.father/merged/200000/adjusted.h5
    output: trio1.father/merged/200000/normalized.h5
    jobid: 27
    wildcards: sample=trio1.father, resolution=200000

hicNormalize --matrices trio1.father/merged/200000/adjusted.h5 --outFileName trio1.father/merged/200000/normalized.h5 --normalize smallest

[Wed Aug 12 15:08:48 2020]
rule correct:
    input: trio1.father/merged/50000/normalized.h5
    output: trio1.father/merged/50000/corrected.h5
    jobid: 24
    wildcards: sample=trio1.father, resolution=50000

hicCorrectMatrix correct --matrix trio1.father/merged/50000/normalized.h5 --outFileName trio1.father/merged/50000/corrected.h5

[Wed Aug 12 15:08:48 2020]
rule correct:
    input: trio1.father/merged/200000/normalized.h5
    output: trio1.father/merged/200000/corrected.h5
    jobid: 23
    wildcards: sample=trio1.father, resolution=200000

hicCorrectMatrix correct --matrix trio1.father/merged/200000/normalized.h5 --outFileName trio1.father/merged/200000/corrected.h5

[Wed Aug 12 15:08:48 2020]
rule correct:
    input: trio1.offspring/merged/200000/normalized.h5
    output: trio1.offspring/merged/200000/corrected.h5
    jobid: 21
    wildcards: sample=trio1.offspring, resolution=200000

hicCorrectMatrix correct --matrix trio1.offspring/merged/200000/normalized.h5 --outFileName trio1.offspring/merged/200000/corrected.h5

[Wed Aug 12 15:08:48 2020]
rule correct:
    input: trio1.offspring/merged/50000/normalized.h5
    output: trio1.offspring/merged/50000/corrected.h5
    jobid: 22
    wildcards: sample=trio1.offspring, resolution=50000

hicCorrectMatrix correct --matrix trio1.offspring/merged/50000/normalized.h5 --outFileName trio1.offspring/merged/50000/corrected.h5

[Wed Aug 12 15:08:48 2020]
rule plotMatrix:
    input: trio1.father/merged/50000/corrected.h5
    output: trio1.father/merged/50000/1:1500000-3500000_plot.png
    jobid: 18
    wildcards: sample=trio1.father, resolution=50000, region=1:1500000-3500000

RuleException in line 138 of /work2/genphyse/dynagen/jmartin/polledHiC/workflows/hicexplorer_jm/Snakefile:
NameError: The name 'region' is unknown in this context. Please make sure that you defined that variable. Also note that braces not used for variable access have to be escaped by repeating them, i.e. {{print $1}}
