Building DAG of jobs...
Using shell: /usr/bin/bash
Provided cores: 8
Rules claiming more threads will be scaled down.
Job counts:
	count	jobs
	4	adjust
	1	all
	24	conversion
	4	correct
	4	merge
	14	mergeprotocol
	4	normalize
	20	plotMatrix
	75

[Wed Aug 12 15:16:08 2020]
rule conversion:
    input: /work2/genphyse/dynagen/jmartin/polledHiC/work/trio1.offspring.Dovetail/hic_results/matrix/raw/trio1.offspring.run2.Dovetail_GCCAAT-AH5HWKBBXY_L001_50000.matrix, /work2/genphyse/dynagen/jmartin/polledHiC/work/trio1.offspring.Dovetail/hic_results/matrix/raw/trio1.offspring.run2.Dovetail_GCCAAT-AH5HWKBBXY_L001_50000_abs.bed
    output: hdf5/trio1.offspring/Dovetail/trio1.offspring.run2.Dovetail_GCCAAT-AH5HWKBBXY_L001_50000.h5
    jobid: 70
    wildcards: sample=trio1.offspring, protocol=Dovetail, run=trio1.offspring.run2.Dovetail_GCCAAT-AH5HWKBBXY_L001, resolution=50000

hicConvertFormat --matrices /work2/genphyse/dynagen/jmartin/polledHiC/work/trio1.offspring.Dovetail/hic_results/matrix/raw/trio1.offspring.run2.Dovetail_GCCAAT-AH5HWKBBXY_L001_50000.matrix --bedFileHicpro /work2/genphyse/dynagen/jmartin/polledHiC/work/trio1.offspring.Dovetail/hic_results/matrix/raw/trio1.offspring.run2.Dovetail_GCCAAT-AH5HWKBBXY_L001_50000_abs.bed --outFileName hdf5/trio1.offspring/Dovetail/trio1.offspring.run2.Dovetail_GCCAAT-AH5HWKBBXY_L001_50000.h5 --outputFormat h5 --inputFormat hicpro

[Wed Aug 12 15:16:08 2020]
rule conversion:
    input: /work2/genphyse/dynagen/jmartin/polledHiC/work/trio1.offspring.Maison-plus/hic_results/matrix/raw/trio1.offspring.run3.Maison-plus_GACGTCTT-GGTTCACC-AHGK7YDRXX_L002_50000.matrix, /work2/genphyse/dynagen/jmartin/polledHiC/work/trio1.offspring.Maison-plus/hic_results/matrix/raw/trio1.offspring.run3.Maison-plus_GACGTCTT-GGTTCACC-AHGK7YDRXX_L002_50000_abs.bed
    output: hdf5/trio1.offspring/Maison-plus/trio1.offspring.run3.Maison-plus_GACGTCTT-GGTTCACC-AHGK7YDRXX_L002_50000.h5
    jobid: 65
    wildcards: sample=trio1.offspring, protocol=Maison-plus, run=trio1.offspring.run3.Maison-plus_GACGTCTT-GGTTCACC-AHGK7YDRXX_L002, resolution=50000

hicConvertFormat --matrices /work2/genphyse/dynagen/jmartin/polledHiC/work/trio1.offspring.Maison-plus/hic_results/matrix/raw/trio1.offspring.run3.Maison-plus_GACGTCTT-GGTTCACC-AHGK7YDRXX_L002_50000.matrix --bedFileHicpro /work2/genphyse/dynagen/jmartin/polledHiC/work/trio1.offspring.Maison-plus/hic_results/matrix/raw/trio1.offspring.run3.Maison-plus_GACGTCTT-GGTTCACC-AHGK7YDRXX_L002_50000_abs.bed --outFileName hdf5/trio1.offspring/Maison-plus/trio1.offspring.run3.Maison-plus_GACGTCTT-GGTTCACC-AHGK7YDRXX_L002_50000.h5 --outputFormat h5 --inputFormat hicpro

[Wed Aug 12 15:16:08 2020]
rule conversion:
    input: /work2/genphyse/dynagen/jmartin/polledHiC/work/trio1.father.Maison/hic_results/matrix/raw/trio1.father.run1.Maison_GACCTGAA-TTGGTGAG-AHGK7YDRXX_L002_50000.matrix, /work2/genphyse/dynagen/jmartin/polledHiC/work/trio1.father.Maison/hic_results/matrix/raw/trio1.father.run1.Maison_GACCTGAA-TTGGTGAG-AHGK7YDRXX_L002_50000_abs.bed
    output: hdf5/trio1.father/Maison/trio1.father.run1.Maison_GACCTGAA-TTGGTGAG-AHGK7YDRXX_L002_50000.h5
    jobid: 71
    wildcards: sample=trio1.father, protocol=Maison, run=trio1.father.run1.Maison_GACCTGAA-TTGGTGAG-AHGK7YDRXX_L002, resolution=50000

hicConvertFormat --matrices /work2/genphyse/dynagen/jmartin/polledHiC/work/trio1.father.Maison/hic_results/matrix/raw/trio1.father.run1.Maison_GACCTGAA-TTGGTGAG-AHGK7YDRXX_L002_50000.matrix --bedFileHicpro /work2/genphyse/dynagen/jmartin/polledHiC/work/trio1.father.Maison/hic_results/matrix/raw/trio1.father.run1.Maison_GACCTGAA-TTGGTGAG-AHGK7YDRXX_L002_50000_abs.bed --outFileName hdf5/trio1.father/Maison/trio1.father.run1.Maison_GACCTGAA-TTGGTGAG-AHGK7YDRXX_L002_50000.h5 --outputFormat h5 --inputFormat hicpro

[Wed Aug 12 15:16:08 2020]
rule conversion:
    input: /work2/genphyse/dynagen/jmartin/polledHiC/work/trio1.offspring.Maison-plus/hic_results/matrix/raw/trio1.offspring.run2.Maison-plus_GACGTC-AH5HWKBBXY_L001_200000.matrix, /work2/genphyse/dynagen/jmartin/polledHiC/work/trio1.offspring.Maison-plus/hic_results/matrix/raw/trio1.offspring.run2.Maison-plus_GACGTC-AH5HWKBBXY_L001_200000_abs.bed
    output: hdf5/trio1.offspring/Maison-plus/trio1.offspring.run2.Maison-plus_GACGTC-AH5HWKBBXY_L001_200000.h5
    jobid: 54
    wildcards: sample=trio1.offspring, protocol=Maison-plus, run=trio1.offspring.run2.Maison-plus_GACGTC-AH5HWKBBXY_L001, resolution=200000

hicConvertFormat --matrices /work2/genphyse/dynagen/jmartin/polledHiC/work/trio1.offspring.Maison-plus/hic_results/matrix/raw/trio1.offspring.run2.Maison-plus_GACGTC-AH5HWKBBXY_L001_200000.matrix --bedFileHicpro /work2/genphyse/dynagen/jmartin/polledHiC/work/trio1.offspring.Maison-plus/hic_results/matrix/raw/trio1.offspring.run2.Maison-plus_GACGTC-AH5HWKBBXY_L001_200000_abs.bed --outFileName hdf5/trio1.offspring/Maison-plus/trio1.offspring.run2.Maison-plus_GACGTC-AH5HWKBBXY_L001_200000.h5 --outputFormat h5 --inputFormat hicpro

[Wed Aug 12 15:16:08 2020]
rule conversion:
    input: /work2/genphyse/dynagen/jmartin/polledHiC/work/trio1.offspring.Arima/hic_results/matrix/raw/trio1.offspring.run2.Arima_CTTGTA-AH5HWKBBXY_L001_50000.matrix, /work2/genphyse/dynagen/jmartin/polledHiC/work/trio1.offspring.Arima/hic_results/matrix/raw/trio1.offspring.run2.Arima_CTTGTA-AH5HWKBBXY_L001_50000_abs.bed
    output: hdf5/trio1.offspring/Arima/trio1.offspring.run2.Arima_CTTGTA-AH5HWKBBXY_L001_50000.h5
    jobid: 67
    wildcards: sample=trio1.offspring, protocol=Arima, run=trio1.offspring.run2.Arima_CTTGTA-AH5HWKBBXY_L001, resolution=50000

hicConvertFormat --matrices /work2/genphyse/dynagen/jmartin/polledHiC/work/trio1.offspring.Arima/hic_results/matrix/raw/trio1.offspring.run2.Arima_CTTGTA-AH5HWKBBXY_L001_50000.matrix --bedFileHicpro /work2/genphyse/dynagen/jmartin/polledHiC/work/trio1.offspring.Arima/hic_results/matrix/raw/trio1.offspring.run2.Arima_CTTGTA-AH5HWKBBXY_L001_50000_abs.bed --outFileName hdf5/trio1.offspring/Arima/trio1.offspring.run2.Arima_CTTGTA-AH5HWKBBXY_L001_50000.h5 --outputFormat h5 --inputFormat hicpro

[Wed Aug 12 15:16:08 2020]
rule conversion:
    input: /work2/genphyse/dynagen/jmartin/polledHiC/work/trio1.father.Maison/hic_results/matrix/raw/trio1.father.run1.Maison_GACCTGAA-TTGGTGAG-AHGK7YDRXX_L002_200000.matrix, /work2/genphyse/dynagen/jmartin/polledHiC/work/trio1.father.Maison/hic_results/matrix/raw/trio1.father.run1.Maison_GACCTGAA-TTGGTGAG-AHGK7YDRXX_L002_200000_abs.bed
    output: hdf5/trio1.father/Maison/trio1.father.run1.Maison_GACCTGAA-TTGGTGAG-AHGK7YDRXX_L002_200000.h5
    jobid: 59
    wildcards: sample=trio1.father, protocol=Maison, run=trio1.father.run1.Maison_GACCTGAA-TTGGTGAG-AHGK7YDRXX_L002, resolution=200000

hicConvertFormat --matrices /work2/genphyse/dynagen/jmartin/polledHiC/work/trio1.father.Maison/hic_results/matrix/raw/trio1.father.run1.Maison_GACCTGAA-TTGGTGAG-AHGK7YDRXX_L002_200000.matrix --bedFileHicpro /work2/genphyse/dynagen/jmartin/polledHiC/work/trio1.father.Maison/hic_results/matrix/raw/trio1.father.run1.Maison_GACCTGAA-TTGGTGAG-AHGK7YDRXX_L002_200000_abs.bed --outFileName hdf5/trio1.father/Maison/trio1.father.run1.Maison_GACCTGAA-TTGGTGAG-AHGK7YDRXX_L002_200000.h5 --outputFormat h5 --inputFormat hicpro

[Wed Aug 12 15:16:08 2020]
rule conversion:
    input: /work2/genphyse/dynagen/jmartin/polledHiC/work/trio1.offspring.Maison-plus/hic_results/matrix/raw/trio1.offspring.run3.Maison-plus_GACGTCTT-GGTTCACC-AHGK7YDRXX_L002_200000.matrix, /work2/genphyse/dynagen/jmartin/polledHiC/work/trio1.offspring.Maison-plus/hic_results/matrix/raw/trio1.offspring.run3.Maison-plus_GACGTCTT-GGTTCACC-AHGK7YDRXX_L002_200000_abs.bed
    output: hdf5/trio1.offspring/Maison-plus/trio1.offspring.run3.Maison-plus_GACGTCTT-GGTTCACC-AHGK7YDRXX_L002_200000.h5
    jobid: 53
    wildcards: sample=trio1.offspring, protocol=Maison-plus, run=trio1.offspring.run3.Maison-plus_GACGTCTT-GGTTCACC-AHGK7YDRXX_L002, resolution=200000

hicConvertFormat --matrices /work2/genphyse/dynagen/jmartin/polledHiC/work/trio1.offspring.Maison-plus/hic_results/matrix/raw/trio1.offspring.run3.Maison-plus_GACGTCTT-GGTTCACC-AHGK7YDRXX_L002_200000.matrix --bedFileHicpro /work2/genphyse/dynagen/jmartin/polledHiC/work/trio1.offspring.Maison-plus/hic_results/matrix/raw/trio1.offspring.run3.Maison-plus_GACGTCTT-GGTTCACC-AHGK7YDRXX_L002_200000_abs.bed --outFileName hdf5/trio1.offspring/Maison-plus/trio1.offspring.run3.Maison-plus_GACGTCTT-GGTTCACC-AHGK7YDRXX_L002_200000.h5 --outputFormat h5 --inputFormat hicpro

[Wed Aug 12 15:16:08 2020]
rule conversion:
    input: /work2/genphyse/dynagen/jmartin/polledHiC/work/trio1.offspring.Maison-plus/hic_results/matrix/raw/trio1.offspring.run2.Maison-plus_GACGTC-AH5HWKBBXY_L001_50000.matrix, /work2/genphyse/dynagen/jmartin/polledHiC/work/trio1.offspring.Maison-plus/hic_results/matrix/raw/trio1.offspring.run2.Maison-plus_GACGTC-AH5HWKBBXY_L001_50000_abs.bed
    output: hdf5/trio1.offspring/Maison-plus/trio1.offspring.run2.Maison-plus_GACGTC-AH5HWKBBXY_L001_50000.h5
    jobid: 66
    wildcards: sample=trio1.offspring, protocol=Maison-plus, run=trio1.offspring.run2.Maison-plus_GACGTC-AH5HWKBBXY_L001, resolution=50000

hicConvertFormat --matrices /work2/genphyse/dynagen/jmartin/polledHiC/work/trio1.offspring.Maison-plus/hic_results/matrix/raw/trio1.offspring.run2.Maison-plus_GACGTC-AH5HWKBBXY_L001_50000.matrix --bedFileHicpro /work2/genphyse/dynagen/jmartin/polledHiC/work/trio1.offspring.Maison-plus/hic_results/matrix/raw/trio1.offspring.run2.Maison-plus_GACGTC-AH5HWKBBXY_L001_50000_abs.bed --outFileName hdf5/trio1.offspring/Maison-plus/trio1.offspring.run2.Maison-plus_GACGTC-AH5HWKBBXY_L001_50000.h5 --outputFormat h5 --inputFormat hicpro
[Wed Aug 12 15:17:06 2020]
Finished job 67.
1 of 75 steps (1%) done

[Wed Aug 12 15:17:06 2020]
rule conversion:
    input: /work2/genphyse/dynagen/jmartin/polledHiC/work/trio1.offspring.Dovetail/hic_results/matrix/raw/trio1.offspring.run2.Dovetail_GCCAAT-AH5HWKBBXY_L001_200000.matrix, /work2/genphyse/dynagen/jmartin/polledHiC/work/trio1.offspring.Dovetail/hic_results/matrix/raw/trio1.offspring.run2.Dovetail_GCCAAT-AH5HWKBBXY_L001_200000_abs.bed
    output: hdf5/trio1.offspring/Dovetail/trio1.offspring.run2.Dovetail_GCCAAT-AH5HWKBBXY_L001_200000.h5
    jobid: 58
    wildcards: sample=trio1.offspring, protocol=Dovetail, run=trio1.offspring.run2.Dovetail_GCCAAT-AH5HWKBBXY_L001, resolution=200000

hicConvertFormat --matrices /work2/genphyse/dynagen/jmartin/polledHiC/work/trio1.offspring.Dovetail/hic_results/matrix/raw/trio1.offspring.run2.Dovetail_GCCAAT-AH5HWKBBXY_L001_200000.matrix --bedFileHicpro /work2/genphyse/dynagen/jmartin/polledHiC/work/trio1.offspring.Dovetail/hic_results/matrix/raw/trio1.offspring.run2.Dovetail_GCCAAT-AH5HWKBBXY_L001_200000_abs.bed --outFileName hdf5/trio1.offspring/Dovetail/trio1.offspring.run2.Dovetail_GCCAAT-AH5HWKBBXY_L001_200000.h5 --outputFormat h5 --inputFormat hicpro
[Wed Aug 12 15:17:09 2020]
Finished job 54.
2 of 75 steps (3%) done

[Wed Aug 12 15:17:09 2020]
rule conversion:
    input: /work2/genphyse/dynagen/jmartin/polledHiC/work/trio1.father.Arima/hic_results/matrix/raw/trio1.father.run2.Arima_GTCCGC-AHGVJ2DRXX_L002_50000.matrix, /work2/genphyse/dynagen/jmartin/polledHiC/work/trio1.father.Arima/hic_results/matrix/raw/trio1.father.run2.Arima_GTCCGC-AHGVJ2DRXX_L002_50000_abs.bed
    output: hdf5/trio1.father/Arima/trio1.father.run2.Arima_GTCCGC-AHGVJ2DRXX_L002_50000.h5
    jobid: 72
    wildcards: sample=trio1.father, protocol=Arima, run=trio1.father.run2.Arima_GTCCGC-AHGVJ2DRXX_L002, resolution=50000

hicConvertFormat --matrices /work2/genphyse/dynagen/jmartin/polledHiC/work/trio1.father.Arima/hic_results/matrix/raw/trio1.father.run2.Arima_GTCCGC-AHGVJ2DRXX_L002_50000.matrix --bedFileHicpro /work2/genphyse/dynagen/jmartin/polledHiC/work/trio1.father.Arima/hic_results/matrix/raw/trio1.father.run2.Arima_GTCCGC-AHGVJ2DRXX_L002_50000_abs.bed --outFileName hdf5/trio1.father/Arima/trio1.father.run2.Arima_GTCCGC-AHGVJ2DRXX_L002_50000.h5 --outputFormat h5 --inputFormat hicpro
[Wed Aug 12 15:17:25 2020]
Finished job 59.
3 of 75 steps (4%) done

[Wed Aug 12 15:17:25 2020]
rule conversion:
    input: /work2/genphyse/dynagen/jmartin/polledHiC/work/trio1.father.Arima/hic_results/matrix/raw/trio1.father.run1.Arima_GTCCGC-AHGYLVDRXX_L002_50000.matrix, /work2/genphyse/dynagen/jmartin/polledHiC/work/trio1.father.Arima/hic_results/matrix/raw/trio1.father.run1.Arima_GTCCGC-AHGYLVDRXX_L002_50000_abs.bed
    output: hdf5/trio1.father/Arima/trio1.father.run1.Arima_GTCCGC-AHGYLVDRXX_L002_50000.h5
    jobid: 73
    wildcards: sample=trio1.father, protocol=Arima, run=trio1.father.run1.Arima_GTCCGC-AHGYLVDRXX_L002, resolution=50000

hicConvertFormat --matrices /work2/genphyse/dynagen/jmartin/polledHiC/work/trio1.father.Arima/hic_results/matrix/raw/trio1.father.run1.Arima_GTCCGC-AHGYLVDRXX_L002_50000.matrix --bedFileHicpro /work2/genphyse/dynagen/jmartin/polledHiC/work/trio1.father.Arima/hic_results/matrix/raw/trio1.father.run1.Arima_GTCCGC-AHGYLVDRXX_L002_50000_abs.bed --outFileName hdf5/trio1.father/Arima/trio1.father.run1.Arima_GTCCGC-AHGYLVDRXX_L002_50000.h5 --outputFormat h5 --inputFormat hicpro
[Wed Aug 12 15:17:39 2020]
Finished job 66.
4 of 75 steps (5%) done

[Wed Aug 12 15:17:39 2020]
rule conversion:
    input: /work2/genphyse/dynagen/jmartin/polledHiC/work/trio1.offspring.Arima/hic_results/matrix/raw/trio1.offspring.run2.Arima_CTTGTA-AH5HWKBBXY_L001_200000.matrix, /work2/genphyse/dynagen/jmartin/polledHiC/work/trio1.offspring.Arima/hic_results/matrix/raw/trio1.offspring.run2.Arima_CTTGTA-AH5HWKBBXY_L001_200000_abs.bed
    output: hdf5/trio1.offspring/Arima/trio1.offspring.run2.Arima_CTTGTA-AH5HWKBBXY_L001_200000.h5
    jobid: 55
    wildcards: sample=trio1.offspring, protocol=Arima, run=trio1.offspring.run2.Arima_CTTGTA-AH5HWKBBXY_L001, resolution=200000

hicConvertFormat --matrices /work2/genphyse/dynagen/jmartin/polledHiC/work/trio1.offspring.Arima/hic_results/matrix/raw/trio1.offspring.run2.Arima_CTTGTA-AH5HWKBBXY_L001_200000.matrix --bedFileHicpro /work2/genphyse/dynagen/jmartin/polledHiC/work/trio1.offspring.Arima/hic_results/matrix/raw/trio1.offspring.run2.Arima_CTTGTA-AH5HWKBBXY_L001_200000_abs.bed --outFileName hdf5/trio1.offspring/Arima/trio1.offspring.run2.Arima_CTTGTA-AH5HWKBBXY_L001_200000.h5 --outputFormat h5 --inputFormat hicpro
[Wed Aug 12 15:17:39 2020]
Finished job 70.
5 of 75 steps (7%) done

[Wed Aug 12 15:17:39 2020]
rule conversion:
    input: /work2/genphyse/dynagen/jmartin/polledHiC/work/trio1.father.Arima/hic_results/matrix/raw/trio1.father.run2.Arima_GTCCGC-AHGVJ2DRXX_L002_200000.matrix, /work2/genphyse/dynagen/jmartin/polledHiC/work/trio1.father.Arima/hic_results/matrix/raw/trio1.father.run2.Arima_GTCCGC-AHGVJ2DRXX_L002_200000_abs.bed
    output: hdf5/trio1.father/Arima/trio1.father.run2.Arima_GTCCGC-AHGVJ2DRXX_L002_200000.h5
    jobid: 60
    wildcards: sample=trio1.father, protocol=Arima, run=trio1.father.run2.Arima_GTCCGC-AHGVJ2DRXX_L002, resolution=200000

hicConvertFormat --matrices /work2/genphyse/dynagen/jmartin/polledHiC/work/trio1.father.Arima/hic_results/matrix/raw/trio1.father.run2.Arima_GTCCGC-AHGVJ2DRXX_L002_200000.matrix --bedFileHicpro /work2/genphyse/dynagen/jmartin/polledHiC/work/trio1.father.Arima/hic_results/matrix/raw/trio1.father.run2.Arima_GTCCGC-AHGVJ2DRXX_L002_200000_abs.bed --outFileName hdf5/trio1.father/Arima/trio1.father.run2.Arima_GTCCGC-AHGVJ2DRXX_L002_200000.h5 --outputFormat h5 --inputFormat hicpro
[Wed Aug 12 15:17:58 2020]
Finished job 72.
6 of 75 steps (8%) done

[Wed Aug 12 15:17:58 2020]
rule conversion:
    input: /work2/genphyse/dynagen/jmartin/polledHiC/work/trio1.father.Arima/hic_results/matrix/raw/trio1.father.run1.Arima_GTCCGC-AHGYLVDRXX_L002_200000.matrix, /work2/genphyse/dynagen/jmartin/polledHiC/work/trio1.father.Arima/hic_results/matrix/raw/trio1.father.run1.Arima_GTCCGC-AHGYLVDRXX_L002_200000_abs.bed
    output: hdf5/trio1.father/Arima/trio1.father.run1.Arima_GTCCGC-AHGYLVDRXX_L002_200000.h5
    jobid: 61
    wildcards: sample=trio1.father, protocol=Arima, run=trio1.father.run1.Arima_GTCCGC-AHGYLVDRXX_L002, resolution=200000

hicConvertFormat --matrices /work2/genphyse/dynagen/jmartin/polledHiC/work/trio1.father.Arima/hic_results/matrix/raw/trio1.father.run1.Arima_GTCCGC-AHGYLVDRXX_L002_200000.matrix --bedFileHicpro /work2/genphyse/dynagen/jmartin/polledHiC/work/trio1.father.Arima/hic_results/matrix/raw/trio1.father.run1.Arima_GTCCGC-AHGYLVDRXX_L002_200000_abs.bed --outFileName hdf5/trio1.father/Arima/trio1.father.run1.Arima_GTCCGC-AHGYLVDRXX_L002_200000.h5 --outputFormat h5 --inputFormat hicpro
[Wed Aug 12 15:18:01 2020]
Finished job 58.
7 of 75 steps (9%) done

[Wed Aug 12 15:18:01 2020]
rule mergeprotocol:
    input: hdf5/trio1.father/Maison/trio1.father.run1.Maison_GACCTGAA-TTGGTGAG-AHGK7YDRXX_L002_200000.h5
    output: trio1.father/Maison/200000/matrix.h5
    jobid: 41
    wildcards: sample=trio1.father, protocol=Maison, resolution=200000

hicSumMatrices --matrices  hdf5/trio1.father/Maison/trio1.father.run1.Maison_GACCTGAA-TTGGTGAG-AHGK7YDRXX_L002_200000.h5 --outFileName trio1.father/Maison/200000/matrix.h5
[Wed Aug 12 15:18:04 2020]
Finished job 73.
8 of 75 steps (11%) done

[Wed Aug 12 15:18:04 2020]
rule mergeprotocol:
    input: hdf5/trio1.father/Arima/trio1.father.run2.Arima_GTCCGC-AHGVJ2DRXX_L002_50000.h5, hdf5/trio1.father/Arima/trio1.father.run1.Arima_GTCCGC-AHGYLVDRXX_L002_50000.h5
    output: trio1.father/Arima/50000/matrix.h5
    jobid: 49
    wildcards: sample=trio1.father, protocol=Arima, resolution=50000

hicSumMatrices --matrices  hdf5/trio1.father/Arima/trio1.father.run2.Arima_GTCCGC-AHGVJ2DRXX_L002_50000.h5 hdf5/trio1.father/Arima/trio1.father.run1.Arima_GTCCGC-AHGYLVDRXX_L002_50000.h5 --outFileName trio1.father/Arima/50000/matrix.h5
[Wed Aug 12 15:18:08 2020]
Finished job 53.
9 of 75 steps (12%) done

[Wed Aug 12 15:18:08 2020]
rule conversion:
    input: /work2/genphyse/dynagen/jmartin/polledHiC/work/trio1.father.Dovetail/hic_results/matrix/raw/trio1.father.run1.Dovetail_CGGACAAC-TCCGGATT-CG82N_L001_50000.matrix, /work2/genphyse/dynagen/jmartin/polledHiC/work/trio1.father.Dovetail/hic_results/matrix/raw/trio1.father.run1.Dovetail_CGGACAAC-TCCGGATT-CG82N_L001_50000_abs.bed
    output: hdf5/trio1.father/Dovetail/trio1.father.run1.Dovetail_CGGACAAC-TCCGGATT-CG82N_L001_50000.h5
    jobid: 74
    wildcards: sample=trio1.father, protocol=Dovetail, run=trio1.father.run1.Dovetail_CGGACAAC-TCCGGATT-CG82N_L001, resolution=50000

hicConvertFormat --matrices /work2/genphyse/dynagen/jmartin/polledHiC/work/trio1.father.Dovetail/hic_results/matrix/raw/trio1.father.run1.Dovetail_CGGACAAC-TCCGGATT-CG82N_L001_50000.matrix --bedFileHicpro /work2/genphyse/dynagen/jmartin/polledHiC/work/trio1.father.Dovetail/hic_results/matrix/raw/trio1.father.run1.Dovetail_CGGACAAC-TCCGGATT-CG82N_L001_50000_abs.bed --outFileName hdf5/trio1.father/Dovetail/trio1.father.run1.Dovetail_CGGACAAC-TCCGGATT-CG82N_L001_50000.h5 --outputFormat h5 --inputFormat hicpro
[Wed Aug 12 15:18:10 2020]
Finished job 41.
10 of 75 steps (13%) done

[Wed Aug 12 15:18:10 2020]
rule conversion:
    input: /work2/genphyse/dynagen/jmartin/polledHiC/work/trio1.father.Dovetail/hic_results/matrix/raw/trio1.father.run1.Dovetail_CGGACAAC-TCCGGATT-CG82N_L001_200000.matrix, /work2/genphyse/dynagen/jmartin/polledHiC/work/trio1.father.Dovetail/hic_results/matrix/raw/trio1.father.run1.Dovetail_CGGACAAC-TCCGGATT-CG82N_L001_200000_abs.bed
    output: hdf5/trio1.father/Dovetail/trio1.father.run1.Dovetail_CGGACAAC-TCCGGATT-CG82N_L001_200000.h5
    jobid: 62
    wildcards: sample=trio1.father, protocol=Dovetail, run=trio1.father.run1.Dovetail_CGGACAAC-TCCGGATT-CG82N_L001, resolution=200000

hicConvertFormat --matrices /work2/genphyse/dynagen/jmartin/polledHiC/work/trio1.father.Dovetail/hic_results/matrix/raw/trio1.father.run1.Dovetail_CGGACAAC-TCCGGATT-CG82N_L001_200000.matrix --bedFileHicpro /work2/genphyse/dynagen/jmartin/polledHiC/work/trio1.father.Dovetail/hic_results/matrix/raw/trio1.father.run1.Dovetail_CGGACAAC-TCCGGATT-CG82N_L001_200000_abs.bed --outFileName hdf5/trio1.father/Dovetail/trio1.father.run1.Dovetail_CGGACAAC-TCCGGATT-CG82N_L001_200000.h5 --outputFormat h5 --inputFormat hicpro
[Wed Aug 12 15:18:11 2020]
Finished job 60.
11 of 75 steps (15%) done

[Wed Aug 12 15:18:11 2020]
rule conversion:
    input: /work2/genphyse/dynagen/jmartin/polledHiC/work/trio1.offspring.Maison-plus/hic_results/matrix/raw/trio1.offspring.run1.Maison-plus_GACGTC-CDFVM_L001_50000.matrix, /work2/genphyse/dynagen/jmartin/polledHiC/work/trio1.offspring.Maison-plus/hic_results/matrix/raw/trio1.offspring.run1.Maison-plus_GACGTC-CDFVM_L001_50000_abs.bed
    output: hdf5/trio1.offspring/Maison-plus/trio1.offspring.run1.Maison-plus_GACGTC-CDFVM_L001_50000.h5
    jobid: 64
    wildcards: sample=trio1.offspring, protocol=Maison-plus, run=trio1.offspring.run1.Maison-plus_GACGTC-CDFVM_L001, resolution=50000

hicConvertFormat --matrices /work2/genphyse/dynagen/jmartin/polledHiC/work/trio1.offspring.Maison-plus/hic_results/matrix/raw/trio1.offspring.run1.Maison-plus_GACGTC-CDFVM_L001_50000.matrix --bedFileHicpro /work2/genphyse/dynagen/jmartin/polledHiC/work/trio1.offspring.Maison-plus/hic_results/matrix/raw/trio1.offspring.run1.Maison-plus_GACGTC-CDFVM_L001_50000_abs.bed --outFileName hdf5/trio1.offspring/Maison-plus/trio1.offspring.run1.Maison-plus_GACGTC-CDFVM_L001_50000.h5 --outputFormat h5 --inputFormat hicpro
[Wed Aug 12 15:18:13 2020]
Finished job 55.
12 of 75 steps (16%) done

[Wed Aug 12 15:18:13 2020]
rule conversion:
    input: /work2/genphyse/dynagen/jmartin/polledHiC/work/trio1.offspring.Maison-plus/hic_results/matrix/raw/trio1.offspring.run1.Maison-plus_GACGTC-CDFVM_L001_200000.matrix, /work2/genphyse/dynagen/jmartin/polledHiC/work/trio1.offspring.Maison-plus/hic_results/matrix/raw/trio1.offspring.run1.Maison-plus_GACGTC-CDFVM_L001_200000_abs.bed
    output: hdf5/trio1.offspring/Maison-plus/trio1.offspring.run1.Maison-plus_GACGTC-CDFVM_L001_200000.h5
    jobid: 52
    wildcards: sample=trio1.offspring, protocol=Maison-plus, run=trio1.offspring.run1.Maison-plus_GACGTC-CDFVM_L001, resolution=200000

hicConvertFormat --matrices /work2/genphyse/dynagen/jmartin/polledHiC/work/trio1.offspring.Maison-plus/hic_results/matrix/raw/trio1.offspring.run1.Maison-plus_GACGTC-CDFVM_L001_200000.matrix --bedFileHicpro /work2/genphyse/dynagen/jmartin/polledHiC/work/trio1.offspring.Maison-plus/hic_results/matrix/raw/trio1.offspring.run1.Maison-plus_GACGTC-CDFVM_L001_200000_abs.bed --outFileName hdf5/trio1.offspring/Maison-plus/trio1.offspring.run1.Maison-plus_GACGTC-CDFVM_L001_200000.h5 --outputFormat h5 --inputFormat hicpro
[Wed Aug 12 15:18:15 2020]
Finished job 74.
13 of 75 steps (17%) done

[Wed Aug 12 15:18:15 2020]
rule conversion:
    input: /work2/genphyse/dynagen/jmartin/polledHiC/work/trio1.offspring.Maison-minus/hic_results/matrix/raw/trio1.offspring.run1.Maison-minus_TTACAG-CDFVM_L001_50000.matrix, /work2/genphyse/dynagen/jmartin/polledHiC/work/trio1.offspring.Maison-minus/hic_results/matrix/raw/trio1.offspring.run1.Maison-minus_TTACAG-CDFVM_L001_50000_abs.bed
    output: hdf5/trio1.offspring/Maison-minus/trio1.offspring.run1.Maison-minus_TTACAG-CDFVM_L001_50000.h5
    jobid: 63
    wildcards: sample=trio1.offspring, protocol=Maison-minus, run=trio1.offspring.run1.Maison-minus_TTACAG-CDFVM_L001, resolution=50000

hicConvertFormat --matrices /work2/genphyse/dynagen/jmartin/polledHiC/work/trio1.offspring.Maison-minus/hic_results/matrix/raw/trio1.offspring.run1.Maison-minus_TTACAG-CDFVM_L001_50000.matrix --bedFileHicpro /work2/genphyse/dynagen/jmartin/polledHiC/work/trio1.offspring.Maison-minus/hic_results/matrix/raw/trio1.offspring.run1.Maison-minus_TTACAG-CDFVM_L001_50000_abs.bed --outFileName hdf5/trio1.offspring/Maison-minus/trio1.offspring.run1.Maison-minus_TTACAG-CDFVM_L001_50000.h5 --outputFormat h5 --inputFormat hicpro
[Wed Aug 12 15:18:16 2020]
Finished job 62.
14 of 75 steps (19%) done

[Wed Aug 12 15:18:16 2020]
rule conversion:
    input: /work2/genphyse/dynagen/jmartin/polledHiC/work/trio1.offspring.Dovetail/hic_results/matrix/raw/trio1.offspring.run1.Dovetail_GCCAAT-CDFVM_L001_50000.matrix, /work2/genphyse/dynagen/jmartin/polledHiC/work/trio1.offspring.Dovetail/hic_results/matrix/raw/trio1.offspring.run1.Dovetail_GCCAAT-CDFVM_L001_50000_abs.bed
    output: hdf5/trio1.offspring/Dovetail/trio1.offspring.run1.Dovetail_GCCAAT-CDFVM_L001_50000.h5
    jobid: 69
    wildcards: sample=trio1.offspring, protocol=Dovetail, run=trio1.offspring.run1.Dovetail_GCCAAT-CDFVM_L001, resolution=50000

hicConvertFormat --matrices /work2/genphyse/dynagen/jmartin/polledHiC/work/trio1.offspring.Dovetail/hic_results/matrix/raw/trio1.offspring.run1.Dovetail_GCCAAT-CDFVM_L001_50000.matrix --bedFileHicpro /work2/genphyse/dynagen/jmartin/polledHiC/work/trio1.offspring.Dovetail/hic_results/matrix/raw/trio1.offspring.run1.Dovetail_GCCAAT-CDFVM_L001_50000_abs.bed --outFileName hdf5/trio1.offspring/Dovetail/trio1.offspring.run1.Dovetail_GCCAAT-CDFVM_L001_50000.h5 --outputFormat h5 --inputFormat hicpro
[Wed Aug 12 15:18:17 2020]
Finished job 64.
15 of 75 steps (20%) done

[Wed Aug 12 15:18:17 2020]
rule conversion:
    input: /work2/genphyse/dynagen/jmartin/polledHiC/work/trio1.offspring.Maison-minus/hic_results/matrix/raw/trio1.offspring.run1.Maison-minus_TTACAG-CDFVM_L001_200000.matrix, /work2/genphyse/dynagen/jmartin/polledHiC/work/trio1.offspring.Maison-minus/hic_results/matrix/raw/trio1.offspring.run1.Maison-minus_TTACAG-CDFVM_L001_200000_abs.bed
    output: hdf5/trio1.offspring/Maison-minus/trio1.offspring.run1.Maison-minus_TTACAG-CDFVM_L001_200000.h5
    jobid: 51
    wildcards: sample=trio1.offspring, protocol=Maison-minus, run=trio1.offspring.run1.Maison-minus_TTACAG-CDFVM_L001, resolution=200000

hicConvertFormat --matrices /work2/genphyse/dynagen/jmartin/polledHiC/work/trio1.offspring.Maison-minus/hic_results/matrix/raw/trio1.offspring.run1.Maison-minus_TTACAG-CDFVM_L001_200000.matrix --bedFileHicpro /work2/genphyse/dynagen/jmartin/polledHiC/work/trio1.offspring.Maison-minus/hic_results/matrix/raw/trio1.offspring.run1.Maison-minus_TTACAG-CDFVM_L001_200000_abs.bed --outFileName hdf5/trio1.offspring/Maison-minus/trio1.offspring.run1.Maison-minus_TTACAG-CDFVM_L001_200000.h5 --outputFormat h5 --inputFormat hicpro
[Wed Aug 12 15:18:18 2020]
Finished job 52.
16 of 75 steps (21%) done

[Wed Aug 12 15:18:18 2020]
rule mergeprotocol:
    input: hdf5/trio1.offspring/Maison-plus/trio1.offspring.run1.Maison-plus_GACGTC-CDFVM_L001_200000.h5, hdf5/trio1.offspring/Maison-plus/trio1.offspring.run3.Maison-plus_GACGTCTT-GGTTCACC-AHGK7YDRXX_L002_200000.h5, hdf5/trio1.offspring/Maison-plus/trio1.offspring.run2.Maison-plus_GACGTC-AH5HWKBBXY_L001_200000.h5
    output: trio1.offspring/Maison-plus/200000/matrix.h5
    jobid: 38
    wildcards: sample=trio1.offspring, protocol=Maison-plus, resolution=200000

hicSumMatrices --matrices  hdf5/trio1.offspring/Maison-plus/trio1.offspring.run1.Maison-plus_GACGTC-CDFVM_L001_200000.h5 hdf5/trio1.offspring/Maison-plus/trio1.offspring.run3.Maison-plus_GACGTCTT-GGTTCACC-AHGK7YDRXX_L002_200000.h5 hdf5/trio1.offspring/Maison-plus/trio1.offspring.run2.Maison-plus_GACGTC-AH5HWKBBXY_L001_200000.h5 --outFileName trio1.offspring/Maison-plus/200000/matrix.h5
[Wed Aug 12 15:18:18 2020]
Finished job 71.
17 of 75 steps (23%) done

[Wed Aug 12 15:18:18 2020]
rule mergeprotocol:
    input: hdf5/trio1.father/Maison/trio1.father.run1.Maison_GACCTGAA-TTGGTGAG-AHGK7YDRXX_L002_50000.h5
    output: trio1.father/Maison/50000/matrix.h5
    jobid: 48
    wildcards: sample=trio1.father, protocol=Maison, resolution=50000

hicSumMatrices --matrices  hdf5/trio1.father/Maison/trio1.father.run1.Maison_GACCTGAA-TTGGTGAG-AHGK7YDRXX_L002_50000.h5 --outFileName trio1.father/Maison/50000/matrix.h5
[Wed Aug 12 15:18:20 2020]
Finished job 69.
18 of 75 steps (24%) done

[Wed Aug 12 15:18:20 2020]
rule mergeprotocol:
    input: hdf5/trio1.offspring/Dovetail/trio1.offspring.run1.Dovetail_GCCAAT-CDFVM_L001_50000.h5, hdf5/trio1.offspring/Dovetail/trio1.offspring.run2.Dovetail_GCCAAT-AH5HWKBBXY_L001_50000.h5
    output: trio1.offspring/Dovetail/50000/matrix.h5
    jobid: 47
    wildcards: sample=trio1.offspring, protocol=Dovetail, resolution=50000

hicSumMatrices --matrices  hdf5/trio1.offspring/Dovetail/trio1.offspring.run1.Dovetail_GCCAAT-CDFVM_L001_50000.h5 hdf5/trio1.offspring/Dovetail/trio1.offspring.run2.Dovetail_GCCAAT-AH5HWKBBXY_L001_50000.h5 --outFileName trio1.offspring/Dovetail/50000/matrix.h5
[Wed Aug 12 15:18:20 2020]
Finished job 63.
19 of 75 steps (25%) done

[Wed Aug 12 15:18:20 2020]
rule conversion:
    input: /work2/genphyse/dynagen/jmartin/polledHiC/work/trio1.offspring.Arima/hic_results/matrix/raw/trio1.offspring.run1.Arima_CTTGTA-CDFVM_L001_50000.matrix, /work2/genphyse/dynagen/jmartin/polledHiC/work/trio1.offspring.Arima/hic_results/matrix/raw/trio1.offspring.run1.Arima_CTTGTA-CDFVM_L001_50000_abs.bed
    output: hdf5/trio1.offspring/Arima/trio1.offspring.run1.Arima_CTTGTA-CDFVM_L001_50000.h5
    jobid: 68
    wildcards: sample=trio1.offspring, protocol=Arima, run=trio1.offspring.run1.Arima_CTTGTA-CDFVM_L001, resolution=50000

hicConvertFormat --matrices /work2/genphyse/dynagen/jmartin/polledHiC/work/trio1.offspring.Arima/hic_results/matrix/raw/trio1.offspring.run1.Arima_CTTGTA-CDFVM_L001_50000.matrix --bedFileHicpro /work2/genphyse/dynagen/jmartin/polledHiC/work/trio1.offspring.Arima/hic_results/matrix/raw/trio1.offspring.run1.Arima_CTTGTA-CDFVM_L001_50000_abs.bed --outFileName hdf5/trio1.offspring/Arima/trio1.offspring.run1.Arima_CTTGTA-CDFVM_L001_50000.h5 --outputFormat h5 --inputFormat hicpro
[Wed Aug 12 15:18:21 2020]
Finished job 61.
20 of 75 steps (27%) done

[Wed Aug 12 15:18:21 2020]
rule mergeprotocol:
    input: hdf5/trio1.father/Arima/trio1.father.run2.Arima_GTCCGC-AHGVJ2DRXX_L002_200000.h5, hdf5/trio1.father/Arima/trio1.father.run1.Arima_GTCCGC-AHGYLVDRXX_L002_200000.h5
    output: trio1.father/Arima/200000/matrix.h5
    jobid: 42
    wildcards: sample=trio1.father, protocol=Arima, resolution=200000

hicSumMatrices --matrices  hdf5/trio1.father/Arima/trio1.father.run2.Arima_GTCCGC-AHGVJ2DRXX_L002_200000.h5 hdf5/trio1.father/Arima/trio1.father.run1.Arima_GTCCGC-AHGYLVDRXX_L002_200000.h5 --outFileName trio1.father/Arima/200000/matrix.h5
[Wed Aug 12 15:18:21 2020]
Finished job 51.
21 of 75 steps (28%) done

[Wed Aug 12 15:18:21 2020]
rule conversion:
    input: /work2/genphyse/dynagen/jmartin/polledHiC/work/trio1.offspring.Dovetail/hic_results/matrix/raw/trio1.offspring.run1.Dovetail_GCCAAT-CDFVM_L001_200000.matrix, /work2/genphyse/dynagen/jmartin/polledHiC/work/trio1.offspring.Dovetail/hic_results/matrix/raw/trio1.offspring.run1.Dovetail_GCCAAT-CDFVM_L001_200000_abs.bed
    output: hdf5/trio1.offspring/Dovetail/trio1.offspring.run1.Dovetail_GCCAAT-CDFVM_L001_200000.h5
    jobid: 57
    wildcards: sample=trio1.offspring, protocol=Dovetail, run=trio1.offspring.run1.Dovetail_GCCAAT-CDFVM_L001, resolution=200000

hicConvertFormat --matrices /work2/genphyse/dynagen/jmartin/polledHiC/work/trio1.offspring.Dovetail/hic_results/matrix/raw/trio1.offspring.run1.Dovetail_GCCAAT-CDFVM_L001_200000.matrix --bedFileHicpro /work2/genphyse/dynagen/jmartin/polledHiC/work/trio1.offspring.Dovetail/hic_results/matrix/raw/trio1.offspring.run1.Dovetail_GCCAAT-CDFVM_L001_200000_abs.bed --outFileName hdf5/trio1.offspring/Dovetail/trio1.offspring.run1.Dovetail_GCCAAT-CDFVM_L001_200000.h5 --outputFormat h5 --inputFormat hicpro
[Wed Aug 12 15:18:22 2020]
Finished job 49.
22 of 75 steps (29%) done

[Wed Aug 12 15:18:22 2020]
rule mergeprotocol:
    input: hdf5/trio1.father/Dovetail/trio1.father.run1.Dovetail_CGGACAAC-TCCGGATT-CG82N_L001_50000.h5
    output: trio1.father/Dovetail/50000/matrix.h5
    jobid: 50
    wildcards: sample=trio1.father, protocol=Dovetail, resolution=50000

hicSumMatrices --matrices  hdf5/trio1.father/Dovetail/trio1.father.run1.Dovetail_CGGACAAC-TCCGGATT-CG82N_L001_50000.h5 --outFileName trio1.father/Dovetail/50000/matrix.h5
[Wed Aug 12 15:18:25 2020]
Finished job 68.
23 of 75 steps (31%) done

[Wed Aug 12 15:18:25 2020]
rule mergeprotocol:
    input: hdf5/trio1.offspring/Arima/trio1.offspring.run2.Arima_CTTGTA-AH5HWKBBXY_L001_50000.h5, hdf5/trio1.offspring/Arima/trio1.offspring.run1.Arima_CTTGTA-CDFVM_L001_50000.h5
    output: trio1.offspring/Arima/50000/matrix.h5
    jobid: 46
    wildcards: sample=trio1.offspring, protocol=Arima, resolution=50000

hicSumMatrices --matrices  hdf5/trio1.offspring/Arima/trio1.offspring.run2.Arima_CTTGTA-AH5HWKBBXY_L001_50000.h5 hdf5/trio1.offspring/Arima/trio1.offspring.run1.Arima_CTTGTA-CDFVM_L001_50000.h5 --outFileName trio1.offspring/Arima/50000/matrix.h5
[Wed Aug 12 15:18:26 2020]
Finished job 57.
24 of 75 steps (32%) done

[Wed Aug 12 15:18:26 2020]
rule mergeprotocol:
    input: hdf5/trio1.offspring/Dovetail/trio1.offspring.run1.Dovetail_GCCAAT-CDFVM_L001_200000.h5, hdf5/trio1.offspring/Dovetail/trio1.offspring.run2.Dovetail_GCCAAT-AH5HWKBBXY_L001_200000.h5
    output: trio1.offspring/Dovetail/200000/matrix.h5
    jobid: 40
    wildcards: sample=trio1.offspring, protocol=Dovetail, resolution=200000

hicSumMatrices --matrices  hdf5/trio1.offspring/Dovetail/trio1.offspring.run1.Dovetail_GCCAAT-CDFVM_L001_200000.h5 hdf5/trio1.offspring/Dovetail/trio1.offspring.run2.Dovetail_GCCAAT-AH5HWKBBXY_L001_200000.h5 --outFileName trio1.offspring/Dovetail/200000/matrix.h5
[Wed Aug 12 15:18:30 2020]
Finished job 42.
25 of 75 steps (33%) done

[Wed Aug 12 15:18:30 2020]
rule conversion:
    input: /work2/genphyse/dynagen/jmartin/polledHiC/work/trio1.offspring.Arima/hic_results/matrix/raw/trio1.offspring.run1.Arima_CTTGTA-CDFVM_L001_200000.matrix, /work2/genphyse/dynagen/jmartin/polledHiC/work/trio1.offspring.Arima/hic_results/matrix/raw/trio1.offspring.run1.Arima_CTTGTA-CDFVM_L001_200000_abs.bed
    output: hdf5/trio1.offspring/Arima/trio1.offspring.run1.Arima_CTTGTA-CDFVM_L001_200000.h5
    jobid: 56
    wildcards: sample=trio1.offspring, protocol=Arima, run=trio1.offspring.run1.Arima_CTTGTA-CDFVM_L001, resolution=200000

hicConvertFormat --matrices /work2/genphyse/dynagen/jmartin/polledHiC/work/trio1.offspring.Arima/hic_results/matrix/raw/trio1.offspring.run1.Arima_CTTGTA-CDFVM_L001_200000.matrix --bedFileHicpro /work2/genphyse/dynagen/jmartin/polledHiC/work/trio1.offspring.Arima/hic_results/matrix/raw/trio1.offspring.run1.Arima_CTTGTA-CDFVM_L001_200000_abs.bed --outFileName hdf5/trio1.offspring/Arima/trio1.offspring.run1.Arima_CTTGTA-CDFVM_L001_200000.h5 --outputFormat h5 --inputFormat hicpro
[Wed Aug 12 15:18:31 2020]
Finished job 50.
26 of 75 steps (35%) done

[Wed Aug 12 15:18:31 2020]
rule mergeprotocol:
    input: hdf5/trio1.father/Dovetail/trio1.father.run1.Dovetail_CGGACAAC-TCCGGATT-CG82N_L001_200000.h5
    output: trio1.father/Dovetail/200000/matrix.h5
    jobid: 43
    wildcards: sample=trio1.father, protocol=Dovetail, resolution=200000

hicSumMatrices --matrices  hdf5/trio1.father/Dovetail/trio1.father.run1.Dovetail_CGGACAAC-TCCGGATT-CG82N_L001_200000.h5 --outFileName trio1.father/Dovetail/200000/matrix.h5
[Wed Aug 12 15:18:34 2020]
Finished job 56.
27 of 75 steps (36%) done

[Wed Aug 12 15:18:34 2020]
rule mergeprotocol:
    input: hdf5/trio1.offspring/Arima/trio1.offspring.run2.Arima_CTTGTA-AH5HWKBBXY_L001_200000.h5, hdf5/trio1.offspring/Arima/trio1.offspring.run1.Arima_CTTGTA-CDFVM_L001_200000.h5
    output: trio1.offspring/Arima/200000/matrix.h5
    jobid: 39
    wildcards: sample=trio1.offspring, protocol=Arima, resolution=200000

hicSumMatrices --matrices  hdf5/trio1.offspring/Arima/trio1.offspring.run2.Arima_CTTGTA-AH5HWKBBXY_L001_200000.h5 hdf5/trio1.offspring/Arima/trio1.offspring.run1.Arima_CTTGTA-CDFVM_L001_200000.h5 --outFileName trio1.offspring/Arima/200000/matrix.h5
[Wed Aug 12 15:18:35 2020]
Finished job 43.
28 of 75 steps (37%) done

[Wed Aug 12 15:18:35 2020]
rule mergeprotocol:
    input: hdf5/trio1.offspring/Maison-minus/trio1.offspring.run1.Maison-minus_TTACAG-CDFVM_L001_50000.h5
    output: trio1.offspring/Maison-minus/50000/matrix.h5
    jobid: 44
    wildcards: sample=trio1.offspring, protocol=Maison-minus, resolution=50000

hicSumMatrices --matrices  hdf5/trio1.offspring/Maison-minus/trio1.offspring.run1.Maison-minus_TTACAG-CDFVM_L001_50000.h5 --outFileName trio1.offspring/Maison-minus/50000/matrix.h5
[Wed Aug 12 15:18:35 2020]
Finished job 40.
29 of 75 steps (39%) done

[Wed Aug 12 15:18:35 2020]
rule mergeprotocol:
    input: hdf5/trio1.offspring/Maison-minus/trio1.offspring.run1.Maison-minus_TTACAG-CDFVM_L001_200000.h5
    output: trio1.offspring/Maison-minus/200000/matrix.h5
    jobid: 37
    wildcards: sample=trio1.offspring, protocol=Maison-minus, resolution=200000

hicSumMatrices --matrices  hdf5/trio1.offspring/Maison-minus/trio1.offspring.run1.Maison-minus_TTACAG-CDFVM_L001_200000.h5 --outFileName trio1.offspring/Maison-minus/200000/matrix.h5
[Wed Aug 12 15:18:38 2020]
Finished job 48.
30 of 75 steps (40%) done
[Wed Aug 12 15:18:38 2020]
Finished job 38.
31 of 75 steps (41%) done
[Wed Aug 12 15:18:39 2020]
Finished job 37.
32 of 75 steps (43%) done
[Wed Aug 12 15:18:40 2020]
Finished job 47.
33 of 75 steps (44%) done
[Wed Aug 12 15:18:40 2020]
Finished job 46.
34 of 75 steps (45%) done
[Wed Aug 12 15:18:41 2020]
Finished job 39.
35 of 75 steps (47%) done

[Wed Aug 12 15:18:41 2020]
rule merge:
    input: trio1.offspring/Maison-minus/200000/matrix.h5, trio1.offspring/Maison-plus/200000/matrix.h5, trio1.offspring/Arima/200000/matrix.h5, trio1.offspring/Dovetail/200000/matrix.h5, trio1.father/Maison/200000/matrix.h5, trio1.father/Arima/200000/matrix.h5, trio1.father/Dovetail/200000/matrix.h5
    output: trio1.offspring/merged/200000/matrix.h5
    jobid: 33
    wildcards: sample=trio1.offspring, resolution=200000

hicSumMatrices --matrices trio1.offspring/Maison-minus/200000/matrix.h5 trio1.offspring/Maison-plus/200000/matrix.h5 trio1.offspring/Arima/200000/matrix.h5 trio1.offspring/Dovetail/200000/matrix.h5 trio1.father/Maison/200000/matrix.h5 trio1.father/Arima/200000/matrix.h5 trio1.father/Dovetail/200000/matrix.h5 --outFileName trio1.offspring/merged/200000/matrix.h5

[Wed Aug 12 15:18:41 2020]
rule merge:
    input: trio1.offspring/Maison-minus/200000/matrix.h5, trio1.offspring/Maison-plus/200000/matrix.h5, trio1.offspring/Arima/200000/matrix.h5, trio1.offspring/Dovetail/200000/matrix.h5, trio1.father/Maison/200000/matrix.h5, trio1.father/Arima/200000/matrix.h5, trio1.father/Dovetail/200000/matrix.h5
    output: trio1.father/merged/200000/matrix.h5
    jobid: 35
    wildcards: sample=trio1.father, resolution=200000

hicSumMatrices --matrices trio1.offspring/Maison-minus/200000/matrix.h5 trio1.offspring/Maison-plus/200000/matrix.h5 trio1.offspring/Arima/200000/matrix.h5 trio1.offspring/Dovetail/200000/matrix.h5 trio1.father/Maison/200000/matrix.h5 trio1.father/Arima/200000/matrix.h5 trio1.father/Dovetail/200000/matrix.h5 --outFileName trio1.father/merged/200000/matrix.h5
[Wed Aug 12 15:18:41 2020]
Finished job 44.
36 of 75 steps (48%) done
[Wed Aug 12 15:19:09 2020]
Finished job 35.
37 of 75 steps (49%) done

[Wed Aug 12 15:19:09 2020]
rule adjust:
    input: trio1.father/merged/200000/matrix.h5
    output: trio1.father/merged/200000/adjusted.h5
    jobid: 31
    wildcards: sample=trio1.father, resolution=200000

hicAdjustMatrix --matrix trio1.father/merged/200000/matrix.h5 --outFileName trio1.father/merged/200000/adjusted.h5  --chromosomes 1 2 3 4 5 6 7 8 9 10 11 12 13 14 15 16 17 18 19 20 21 22 23 24 25 26 27 28 29 X --action keep ;
[Wed Aug 12 15:19:09 2020]
Finished job 33.
38 of 75 steps (51%) done

[Wed Aug 12 15:19:09 2020]
rule adjust:
    input: trio1.offspring/merged/200000/matrix.h5
    output: trio1.offspring/merged/200000/adjusted.h5
    jobid: 29
    wildcards: sample=trio1.offspring, resolution=200000

hicAdjustMatrix --matrix trio1.offspring/merged/200000/matrix.h5 --outFileName trio1.offspring/merged/200000/adjusted.h5  --chromosomes 1 2 3 4 5 6 7 8 9 10 11 12 13 14 15 16 17 18 19 20 21 22 23 24 25 26 27 28 29 X --action keep ;
[Wed Aug 12 15:19:21 2020]
Finished job 65.
39 of 75 steps (52%) done

[Wed Aug 12 15:19:21 2020]
rule mergeprotocol:
    input: hdf5/trio1.offspring/Maison-plus/trio1.offspring.run1.Maison-plus_GACGTC-CDFVM_L001_50000.h5, hdf5/trio1.offspring/Maison-plus/trio1.offspring.run3.Maison-plus_GACGTCTT-GGTTCACC-AHGK7YDRXX_L002_50000.h5, hdf5/trio1.offspring/Maison-plus/trio1.offspring.run2.Maison-plus_GACGTC-AH5HWKBBXY_L001_50000.h5
    output: trio1.offspring/Maison-plus/50000/matrix.h5
    jobid: 45
    wildcards: sample=trio1.offspring, protocol=Maison-plus, resolution=50000

hicSumMatrices --matrices  hdf5/trio1.offspring/Maison-plus/trio1.offspring.run1.Maison-plus_GACGTC-CDFVM_L001_50000.h5 hdf5/trio1.offspring/Maison-plus/trio1.offspring.run3.Maison-plus_GACGTCTT-GGTTCACC-AHGK7YDRXX_L002_50000.h5 hdf5/trio1.offspring/Maison-plus/trio1.offspring.run2.Maison-plus_GACGTC-AH5HWKBBXY_L001_50000.h5 --outFileName trio1.offspring/Maison-plus/50000/matrix.h5
[Wed Aug 12 15:19:25 2020]
Finished job 29.
40 of 75 steps (53%) done

[Wed Aug 12 15:19:25 2020]
rule normalize:
    input: trio1.offspring/merged/200000/adjusted.h5
    output: trio1.offspring/merged/200000/normalized.h5
    jobid: 25
    wildcards: sample=trio1.offspring, resolution=200000

hicNormalize --matrices trio1.offspring/merged/200000/adjusted.h5 --outFileName trio1.offspring/merged/200000/normalized.h5 --normalize smallest
[Wed Aug 12 15:19:25 2020]
Finished job 31.
41 of 75 steps (55%) done

[Wed Aug 12 15:19:25 2020]
rule normalize:
    input: trio1.father/merged/200000/adjusted.h5
    output: trio1.father/merged/200000/normalized.h5
    jobid: 27
    wildcards: sample=trio1.father, resolution=200000

hicNormalize --matrices trio1.father/merged/200000/adjusted.h5 --outFileName trio1.father/merged/200000/normalized.h5 --normalize smallest
[Wed Aug 12 15:19:40 2020]
Finished job 25.
42 of 75 steps (56%) done

[Wed Aug 12 15:19:40 2020]
rule correct:
    input: trio1.offspring/merged/200000/normalized.h5
    output: trio1.offspring/merged/200000/corrected.h5
    jobid: 21
    wildcards: sample=trio1.offspring, resolution=200000

hicCorrectMatrix correct --matrix trio1.offspring/merged/200000/normalized.h5 --outFileName trio1.offspring/merged/200000/corrected.h5
[Wed Aug 12 15:19:40 2020]
Finished job 27.
43 of 75 steps (57%) done

[Wed Aug 12 15:19:40 2020]
rule correct:
    input: trio1.father/merged/200000/normalized.h5
    output: trio1.father/merged/200000/corrected.h5
    jobid: 23
    wildcards: sample=trio1.father, resolution=200000

hicCorrectMatrix correct --matrix trio1.father/merged/200000/normalized.h5 --outFileName trio1.father/merged/200000/corrected.h5
[Wed Aug 12 15:19:52 2020]
Finished job 45.
44 of 75 steps (59%) done

[Wed Aug 12 15:19:52 2020]
rule merge:
    input: trio1.offspring/Maison-minus/50000/matrix.h5, trio1.offspring/Maison-plus/50000/matrix.h5, trio1.offspring/Arima/50000/matrix.h5, trio1.offspring/Dovetail/50000/matrix.h5, trio1.father/Maison/50000/matrix.h5, trio1.father/Arima/50000/matrix.h5, trio1.father/Dovetail/50000/matrix.h5
    output: trio1.offspring/merged/50000/matrix.h5
    jobid: 34
    wildcards: sample=trio1.offspring, resolution=50000

hicSumMatrices --matrices trio1.offspring/Maison-minus/50000/matrix.h5 trio1.offspring/Maison-plus/50000/matrix.h5 trio1.offspring/Arima/50000/matrix.h5 trio1.offspring/Dovetail/50000/matrix.h5 trio1.father/Maison/50000/matrix.h5 trio1.father/Arima/50000/matrix.h5 trio1.father/Dovetail/50000/matrix.h5 --outFileName trio1.offspring/merged/50000/matrix.h5

[Wed Aug 12 15:19:52 2020]
rule merge:
    input: trio1.offspring/Maison-minus/50000/matrix.h5, trio1.offspring/Maison-plus/50000/matrix.h5, trio1.offspring/Arima/50000/matrix.h5, trio1.offspring/Dovetail/50000/matrix.h5, trio1.father/Maison/50000/matrix.h5, trio1.father/Arima/50000/matrix.h5, trio1.father/Dovetail/50000/matrix.h5
    output: trio1.father/merged/50000/matrix.h5
    jobid: 36
    wildcards: sample=trio1.father, resolution=50000

hicSumMatrices --matrices trio1.offspring/Maison-minus/50000/matrix.h5 trio1.offspring/Maison-plus/50000/matrix.h5 trio1.offspring/Arima/50000/matrix.h5 trio1.offspring/Dovetail/50000/matrix.h5 trio1.father/Maison/50000/matrix.h5 trio1.father/Arima/50000/matrix.h5 trio1.father/Dovetail/50000/matrix.h5 --outFileName trio1.father/merged/50000/matrix.h5
[Wed Aug 12 15:20:24 2020]
Finished job 21.
45 of 75 steps (60%) done

[Wed Aug 12 15:20:24 2020]
rule plotMatrix:
    input: trio1.offspring/merged/200000/corrected.h5
    output: trio1.offspring/merged/200000/1:1000000-6000000_plot.png
    jobid: 2
    wildcards: sample=trio1.offspring, resolution=200000, region=1:1000000-6000000

hicPlotMatrix --matrix trio1.offspring/merged/200000/corrected.h5 --output trio1.offspring/merged/200000/1:1000000-6000000_plot.png --region 1:1-158534110 1:1000000-6000000 1:1500000-3500000 1:2000000-3000000 1:2200000-2800000 --log

[Wed Aug 12 15:20:24 2020]
rule plotMatrix:
    input: trio1.offspring/merged/200000/corrected.h5
    output: trio1.offspring/merged/200000/1:1500000-3500000_plot.png
    jobid: 3
    wildcards: sample=trio1.offspring, resolution=200000, region=1:1500000-3500000

hicPlotMatrix --matrix trio1.offspring/merged/200000/corrected.h5 --output trio1.offspring/merged/200000/1:1500000-3500000_plot.png --region 1:1-158534110 1:1000000-6000000 1:1500000-3500000 1:2000000-3000000 1:2200000-2800000 --log

[Wed Aug 12 15:20:24 2020]
rule plotMatrix:
    input: trio1.offspring/merged/200000/corrected.h5
    output: trio1.offspring/merged/200000/1:2000000-3000000_plot.png
    jobid: 4
    wildcards: sample=trio1.offspring, resolution=200000, region=1:2000000-3000000

hicPlotMatrix --matrix trio1.offspring/merged/200000/corrected.h5 --output trio1.offspring/merged/200000/1:2000000-3000000_plot.png --region 1:1-158534110 1:1000000-6000000 1:1500000-3500000 1:2000000-3000000 1:2200000-2800000 --log

[Wed Aug 12 15:20:24 2020]
rule plotMatrix:
    input: trio1.offspring/merged/200000/corrected.h5
    output: trio1.offspring/merged/200000/1:2200000-2800000_plot.png
    jobid: 5
    wildcards: sample=trio1.offspring, resolution=200000, region=1:2200000-2800000

hicPlotMatrix --matrix trio1.offspring/merged/200000/corrected.h5 --output trio1.offspring/merged/200000/1:2200000-2800000_plot.png --region 1:1-158534110 1:1000000-6000000 1:1500000-3500000 1:2000000-3000000 1:2200000-2800000 --log

[Wed Aug 12 15:20:24 2020]
rule plotMatrix:
    input: trio1.offspring/merged/200000/corrected.h5
    output: trio1.offspring/merged/200000/1:1-158534110_plot.png
    jobid: 1
    wildcards: sample=trio1.offspring, resolution=200000, region=1:1-158534110

hicPlotMatrix --matrix trio1.offspring/merged/200000/corrected.h5 --output trio1.offspring/merged/200000/1:1-158534110_plot.png --region 1:1-158534110 1:1000000-6000000 1:1500000-3500000 1:2000000-3000000 1:2200000-2800000 --log
[Wed Aug 12 15:20:24 2020]
Finished job 23.
46 of 75 steps (61%) done

[Wed Aug 12 15:20:24 2020]
rule plotMatrix:
    input: trio1.father/merged/200000/corrected.h5
    output: trio1.father/merged/200000/1:2000000-3000000_plot.png
    jobid: 14
    wildcards: sample=trio1.father, resolution=200000, region=1:2000000-3000000

hicPlotMatrix --matrix trio1.father/merged/200000/corrected.h5 --output trio1.father/merged/200000/1:2000000-3000000_plot.png --region 1:1-158534110 1:1000000-6000000 1:1500000-3500000 1:2000000-3000000 1:2200000-2800000 --log
[Wed Aug 12 15:20:30 2020]
Error in rule plotMatrix:
    jobid: 2
    output: trio1.offspring/merged/200000/1:1000000-6000000_plot.png
    shell:
        hicPlotMatrix --matrix trio1.offspring/merged/200000/corrected.h5 --output trio1.offspring/merged/200000/1:1000000-6000000_plot.png --region 1:1-158534110 1:1000000-6000000 1:1500000-3500000 1:2000000-3000000 1:2200000-2800000 --log
        (one of the commands exited with non-zero exit code; note that snakemake uses bash strict mode!)

[Wed Aug 12 15:20:30 2020]
Error in rule plotMatrix:
    jobid: 5
    output: trio1.offspring/merged/200000/1:2200000-2800000_plot.png
    shell:
        hicPlotMatrix --matrix trio1.offspring/merged/200000/corrected.h5 --output trio1.offspring/merged/200000/1:2200000-2800000_plot.png --region 1:1-158534110 1:1000000-6000000 1:1500000-3500000 1:2000000-3000000 1:2200000-2800000 --log
        (one of the commands exited with non-zero exit code; note that snakemake uses bash strict mode!)

[Wed Aug 12 15:20:30 2020]
Error in rule plotMatrix:
    jobid: 14
    output: trio1.father/merged/200000/1:2000000-3000000_plot.png
    shell:
        hicPlotMatrix --matrix trio1.father/merged/200000/corrected.h5 --output trio1.father/merged/200000/1:2000000-3000000_plot.png --region 1:1-158534110 1:1000000-6000000 1:1500000-3500000 1:2000000-3000000 1:2200000-2800000 --log
        (one of the commands exited with non-zero exit code; note that snakemake uses bash strict mode!)

[Wed Aug 12 15:20:30 2020]
Error in rule plotMatrix:
    jobid: 4
    output: trio1.offspring/merged/200000/1:2000000-3000000_plot.png
    shell:
        hicPlotMatrix --matrix trio1.offspring/merged/200000/corrected.h5 --output trio1.offspring/merged/200000/1:2000000-3000000_plot.png --region 1:1-158534110 1:1000000-6000000 1:1500000-3500000 1:2000000-3000000 1:2200000-2800000 --log
        (one of the commands exited with non-zero exit code; note that snakemake uses bash strict mode!)

[Wed Aug 12 15:20:30 2020]
Error in rule plotMatrix:
    jobid: 3
    output: trio1.offspring/merged/200000/1:1500000-3500000_plot.png
    shell:
        hicPlotMatrix --matrix trio1.offspring/merged/200000/corrected.h5 --output trio1.offspring/merged/200000/1:1500000-3500000_plot.png --region 1:1-158534110 1:1000000-6000000 1:1500000-3500000 1:2000000-3000000 1:2200000-2800000 --log
        (one of the commands exited with non-zero exit code; note that snakemake uses bash strict mode!)

[Wed Aug 12 15:20:30 2020]
Error in rule plotMatrix:
    jobid: 1
    output: trio1.offspring/merged/200000/1:1-158534110_plot.png
    shell:
        hicPlotMatrix --matrix trio1.offspring/merged/200000/corrected.h5 --output trio1.offspring/merged/200000/1:1-158534110_plot.png --region 1:1-158534110 1:1000000-6000000 1:1500000-3500000 1:2000000-3000000 1:2200000-2800000 --log
        (one of the commands exited with non-zero exit code; note that snakemake uses bash strict mode!)

[Wed Aug 12 15:21:01 2020]
Finished job 34.
47 of 75 steps (63%) done
[Wed Aug 12 15:21:01 2020]
Finished job 36.
48 of 75 steps (64%) done
Shutting down, this might take some time.
Exiting because a job execution failed. Look above for error message
Complete log: /work2/genphyse/dynagen/jmartin/polledHiC/workflows/hicexplorer_jm/.snakemake/log/2020-08-12T151607.412590.snakemake.log
