Building DAG of jobs...
Using shell: /usr/bin/bash
Provided cores: 1
Rules claiming more threads will be scaled down.
Job counts:
	count	jobs
	1	all
	7	cleanwork
	4	nfconfig
	6	nfcorehic
	18

[Mon Aug 17 09:05:22 2020]
rule nfcorehic:
    input: trio1.mother/Arima/run.config
    output: trio1.mother/Arima/nfcorehic.done
    jobid: 13
    wildcards: sample=trio1.mother, protocol=Arima


        cd /work2/genphyse/dynagen/jmartin/polledHiC/workflows/nfcorehic/trio1.mother/Arima
        module purge
        module load bioinfo/nfcore-Nextflow-v19.04.0
        echo "Sleeping...."
        sleep $[ ($RANDOM % 20) + 1]
        nextflow run nf-core/hic           -revision 1.1.0           -profile genotoul           -resume           -name trio1.mother-Arima           -c /work2/genphyse/dynagen/jmartin/polledHiC/workflows/nfcorehic/nfcore-hic.config           -c 'run.config'           --outdir /work2/genphyse/dynagen/jmartin/polledHiC/workflows/nfcorehic/trio1.mother/Arima           --work-dir /work2/genphyse/dynagen/jmartin/polledHiC/workflows/nfcorehic/trio1.mother/Arima           --reads '/work2/genphyse/dynagen/jmartin/polledHiC/data/reads_nextflow/trio1.mother.Arima/*_R{1,2}.fastq.gz'
          touch nfcorehic.done
        
[Mon Aug 17 09:05:28 2020]
Error in rule nfcorehic:
    jobid: 13
    output: trio1.mother/Arima/nfcorehic.done

RuleException:
CalledProcessError in line 67 of /work2/genphyse/dynagen/jmartin/polledHiC/workflows/nfcorehic/Snakefile:
Command ' set -euo pipefail;  
        cd /work2/genphyse/dynagen/jmartin/polledHiC/workflows/nfcorehic/trio1.mother/Arima
        module purge
        module load bioinfo/nfcore-Nextflow-v19.04.0
        echo "Sleeping...."
        sleep $[ ($RANDOM % 20) + 1]
        nextflow run nf-core/hic           -revision 1.1.0           -profile genotoul           -resume           -name trio1.mother-Arima           -c /work2/genphyse/dynagen/jmartin/polledHiC/workflows/nfcorehic/nfcore-hic.config           -c 'run.config'           --outdir /work2/genphyse/dynagen/jmartin/polledHiC/workflows/nfcorehic/trio1.mother/Arima           --work-dir /work2/genphyse/dynagen/jmartin/polledHiC/workflows/nfcorehic/trio1.mother/Arima           --reads '/work2/genphyse/dynagen/jmartin/polledHiC/data/reads_nextflow/trio1.mother.Arima/*_R{1,2}.fastq.gz'
          touch nfcorehic.done ' returned non-zero exit status 1.
  File "/work2/genphyse/dynagen/jmartin/polledHiC/workflows/nfcorehic/Snakefile", line 67, in __rule_nfcorehic
  File "/tools/python/3.6.3/lib/python3.6/concurrent/futures/thread.py", line 56, in run
Shutting down, this might take some time.
Exiting because a job execution failed. Look above for error message
Complete log: /work2/genphyse/dynagen/jmartin/polledHiC/workflows/nfcorehic/.snakemake/log/2020-08-17T090520.557571.snakemake.log
