
CommandNotFoundError: Your shell has not been properly configured to use 'conda activate'.
To initialize your shell, run

    $ conda init <SHELL_NAME>

Currently supported shells are:
  - bash
  - fish
  - tcsh
  - xonsh
  - zsh
  - powershell

See 'conda init --help' for more information and options.

IMPORTANT: You may need to close and restart your shell after running 'conda init'.


/tools/python/3.6.3/lib/python3.6/site-packages/snakemake/workflow.py:30: FutureWarning: read_table is deprecated, use read_csv instead, passing sep='\t'.
  from snakemake.utils import update_config
Building DAG of jobs...
Using shell: /usr/bin/bash
Provided cores: 2
Rules claiming more threads will be scaled down.
Job counts:
	count	jobs
	1	all
	12	cleanwork
	12	nfconfig
	12	nfcorehic
	37

[Fri Aug 14 14:42:38 2020]
localrule nfconfig:
    output: trio1.mother/Dovetail/run.config
    jobid: 36
    wildcards: sample=trio1.mother, protocol=Dovetail

[Fri Aug 14 14:42:38 2020]
localrule nfconfig:
    output: trio2.father/Maison/run.config
    jobid: 27
    wildcards: sample=trio2.father, protocol=Maison

/tools/python/3.6.3/lib/python3.6/site-packages/snakemake/workflow.py:30: FutureWarning: read_table is deprecated, use read_csv instead, passing sep='\t'.
  from snakemake.utils import update_config
[33mJob counts:
	count	jobs
	1	nfconfig
	1[0m
/tools/python/3.6.3/lib/python3.6/site-packages/snakemake/workflow.py:30: FutureWarning: read_table is deprecated, use read_csv instead, passing sep='\t'.
  from snakemake.utils import update_config
[33mJob counts:
	count	jobs
	1	nfconfig
	1[0m
[Fri Aug 14 14:42:40 2020]
Finished job 36.
1 of 37 steps (3%) done

[Fri Aug 14 14:42:40 2020]
rule nfcorehic:
    input: trio1.mother/Dovetail/run.config
    output: trio1.mother/Dovetail/nfcorehic.done
    jobid: 24
    wildcards: sample=trio1.mother, protocol=Dovetail


        cd /work2/genphyse/dynagen/jmartin/polledHiC/workflows/nfcorehic/trio1.mother/Dovetail
        module purge
        module load bioinfo/nfcore-Nextflow-v19.04.0
        echo "Sleeping...."
        sleep $[ ($RANDOM % 20) + 1]
        nextflow run nf-core/hic           -revision 1.1.0           -profile genotoul           -resume           -name trio1.mother-Dovetail           -c /work2/genphyse/dynagen/jmartin/polledHiC/workflows/nfcorehic/nfcore-hic.config           -c 'run.config'           --outdir /work2/genphyse/dynagen/jmartin/polledHiC/workflows/nfcorehic/trio1.mother/Dovetail           --work-dir /work2/genphyse/dynagen/jmartin/polledHiC/workflows/nfcorehic/trio1.mother/Dovetail           --reads '/work2/genphyse/dynagen/jmartin/polledHiC/data/reads_nextflow/trio1.mother.Dovetail/*_R{1,2}.fastq.gz'
          touch nfcorehic.done
        
[Fri Aug 14 14:42:41 2020]
Finished job 27.
2 of 37 steps (5%) done

[Fri Aug 14 14:42:41 2020]
rule nfcorehic:
    input: trio2.father/Maison/run.config
    output: trio2.father/Maison/nfcorehic.done
    jobid: 15
    wildcards: sample=trio2.father, protocol=Maison


        cd /work2/genphyse/dynagen/jmartin/polledHiC/workflows/nfcorehic/trio2.father/Maison
        module purge
        module load bioinfo/nfcore-Nextflow-v19.04.0
        echo "Sleeping...."
        sleep $[ ($RANDOM % 20) + 1]
        nextflow run nf-core/hic           -revision 1.1.0           -profile genotoul           -resume           -name trio2.father-Maison           -c /work2/genphyse/dynagen/jmartin/polledHiC/workflows/nfcorehic/nfcore-hic.config           -c 'run.config'           --outdir /work2/genphyse/dynagen/jmartin/polledHiC/workflows/nfcorehic/trio2.father/Maison           --work-dir /work2/genphyse/dynagen/jmartin/polledHiC/workflows/nfcorehic/trio2.father/Maison           --reads '/work2/genphyse/dynagen/jmartin/polledHiC/data/reads_nextflow/trio2.father.Maison/*_R{1,2}.fastq.gz'
          touch nfcorehic.done
        
[Fri Aug 14 22:01:24 2020]
Finished job 15.
3 of 37 steps (8%) done

[Fri Aug 14 22:01:24 2020]
rule cleanwork:
    input: trio2.father/Maison/nfcorehic.done
    output: trio2.father/Maison/cleanedwork.done
    jobid: 3
    wildcards: sample=trio2.father, protocol=Maison

rm -fr trio2.father/Maison/work
Touching output file trio2.father/Maison/cleanedwork.done.
[Fri Aug 14 22:01:25 2020]
Finished job 3.
4 of 37 steps (11%) done

[Fri Aug 14 22:01:25 2020]
localrule nfconfig:
    output: trio2.mother/Maison/run.config
    jobid: 26
    wildcards: sample=trio2.mother, protocol=Maison

/tools/python/3.6.3/lib/python3.6/site-packages/snakemake/workflow.py:30: FutureWarning: read_table is deprecated, use read_csv instead, passing sep='\t'.
  from snakemake.utils import update_config
[33mJob counts:
	count	jobs
	1	nfconfig
	1[0m
[Fri Aug 14 22:01:27 2020]
Finished job 26.
5 of 37 steps (14%) done

[Fri Aug 14 22:01:27 2020]
rule nfcorehic:
    input: trio2.mother/Maison/run.config
    output: trio2.mother/Maison/nfcorehic.done
    jobid: 14
    wildcards: sample=trio2.mother, protocol=Maison


        cd /work2/genphyse/dynagen/jmartin/polledHiC/workflows/nfcorehic/trio2.mother/Maison
        module purge
        module load bioinfo/nfcore-Nextflow-v19.04.0
        echo "Sleeping...."
        sleep $[ ($RANDOM % 20) + 1]
        nextflow run nf-core/hic           -revision 1.1.0           -profile genotoul           -resume           -name trio2.mother-Maison           -c /work2/genphyse/dynagen/jmartin/polledHiC/workflows/nfcorehic/nfcore-hic.config           -c 'run.config'           --outdir /work2/genphyse/dynagen/jmartin/polledHiC/workflows/nfcorehic/trio2.mother/Maison           --work-dir /work2/genphyse/dynagen/jmartin/polledHiC/workflows/nfcorehic/trio2.mother/Maison           --reads '/work2/genphyse/dynagen/jmartin/polledHiC/data/reads_nextflow/trio2.mother.Maison/*_R{1,2}.fastq.gz'
          touch nfcorehic.done
        
[Fri Aug 14 22:57:06 2020]
Finished job 24.
6 of 37 steps (16%) done

[Fri Aug 14 22:57:06 2020]
rule cleanwork:
    input: trio1.mother/Dovetail/nfcorehic.done
    output: trio1.mother/Dovetail/cleanedwork.done
    jobid: 12
    wildcards: sample=trio1.mother, protocol=Dovetail

rm -fr trio1.mother/Dovetail/work
Touching output file trio1.mother/Dovetail/cleanedwork.done.
[Fri Aug 14 22:57:06 2020]
Finished job 12.
7 of 37 steps (19%) done

[Fri Aug 14 22:57:06 2020]
localrule nfconfig:
    output: trio1.father/Dovetail/run.config
    jobid: 28
    wildcards: sample=trio1.father, protocol=Dovetail

/tools/python/3.6.3/lib/python3.6/site-packages/snakemake/workflow.py:30: FutureWarning: read_table is deprecated, use read_csv instead, passing sep='\t'.
  from snakemake.utils import update_config
[33mJob counts:
	count	jobs
	1	nfconfig
	1[0m
[Fri Aug 14 22:57:09 2020]
Finished job 28.
8 of 37 steps (22%) done

[Fri Aug 14 22:57:09 2020]
rule nfcorehic:
    input: trio1.father/Dovetail/run.config
    output: trio1.father/Dovetail/nfcorehic.done
    jobid: 16
    wildcards: sample=trio1.father, protocol=Dovetail


        cd /work2/genphyse/dynagen/jmartin/polledHiC/workflows/nfcorehic/trio1.father/Dovetail
        module purge
        module load bioinfo/nfcore-Nextflow-v19.04.0
        echo "Sleeping...."
        sleep $[ ($RANDOM % 20) + 1]
        nextflow run nf-core/hic           -revision 1.1.0           -profile genotoul           -resume           -name trio1.father-Dovetail           -c /work2/genphyse/dynagen/jmartin/polledHiC/workflows/nfcorehic/nfcore-hic.config           -c 'run.config'           --outdir /work2/genphyse/dynagen/jmartin/polledHiC/workflows/nfcorehic/trio1.father/Dovetail           --work-dir /work2/genphyse/dynagen/jmartin/polledHiC/workflows/nfcorehic/trio1.father/Dovetail           --reads '/work2/genphyse/dynagen/jmartin/polledHiC/data/reads_nextflow/trio1.father.Dovetail/*_R{1,2}.fastq.gz'
          touch nfcorehic.done
        
[Fri Aug 14 23:20:28 2020]
Finished job 16.
9 of 37 steps (24%) done

[Fri Aug 14 23:20:28 2020]
rule cleanwork:
    input: trio1.father/Dovetail/nfcorehic.done
    output: trio1.father/Dovetail/cleanedwork.done
    jobid: 4
    wildcards: sample=trio1.father, protocol=Dovetail

rm -fr trio1.father/Dovetail/work
Touching output file trio1.father/Dovetail/cleanedwork.done.
[Fri Aug 14 23:20:28 2020]
Finished job 4.
10 of 37 steps (27%) done

[Fri Aug 14 23:20:28 2020]
localrule nfconfig:
    output: trio1.offspring/Dovetail/run.config
    jobid: 25
    wildcards: sample=trio1.offspring, protocol=Dovetail

/tools/python/3.6.3/lib/python3.6/site-packages/snakemake/workflow.py:30: FutureWarning: read_table is deprecated, use read_csv instead, passing sep='\t'.
  from snakemake.utils import update_config
[33mJob counts:
	count	jobs
	1	nfconfig
	1[0m
[Fri Aug 14 23:20:31 2020]
Finished job 25.
11 of 37 steps (30%) done

[Fri Aug 14 23:20:31 2020]
rule nfcorehic:
    input: trio1.offspring/Dovetail/run.config
    output: trio1.offspring/Dovetail/nfcorehic.done
    jobid: 13
    wildcards: sample=trio1.offspring, protocol=Dovetail


        cd /work2/genphyse/dynagen/jmartin/polledHiC/workflows/nfcorehic/trio1.offspring/Dovetail
        module purge
        module load bioinfo/nfcore-Nextflow-v19.04.0
        echo "Sleeping...."
        sleep $[ ($RANDOM % 20) + 1]
        nextflow run nf-core/hic           -revision 1.1.0           -profile genotoul           -resume           -name trio1.offspring-Dovetail           -c /work2/genphyse/dynagen/jmartin/polledHiC/workflows/nfcorehic/nfcore-hic.config           -c 'run.config'           --outdir /work2/genphyse/dynagen/jmartin/polledHiC/workflows/nfcorehic/trio1.offspring/Dovetail           --work-dir /work2/genphyse/dynagen/jmartin/polledHiC/workflows/nfcorehic/trio1.offspring/Dovetail           --reads '/work2/genphyse/dynagen/jmartin/polledHiC/data/reads_nextflow/trio1.offspring.Dovetail/*_R{1,2}.fastq.gz'
          touch nfcorehic.done
        
[Sat Aug 15 06:21:01 2020]
Finished job 14.
12 of 37 steps (32%) done

[Sat Aug 15 06:21:01 2020]
rule cleanwork:
    input: trio2.mother/Maison/nfcorehic.done
    output: trio2.mother/Maison/cleanedwork.done
    jobid: 2
    wildcards: sample=trio2.mother, protocol=Maison

rm -fr trio2.mother/Maison/work
Touching output file trio2.mother/Maison/cleanedwork.done.
[Sat Aug 15 06:21:02 2020]
Finished job 2.
13 of 37 steps (35%) done

[Sat Aug 15 06:21:02 2020]
localrule nfconfig:
    output: trio1.father/Arima/run.config
    jobid: 34
    wildcards: sample=trio1.father, protocol=Arima

/tools/python/3.6.3/lib/python3.6/site-packages/snakemake/workflow.py:30: FutureWarning: read_table is deprecated, use read_csv instead, passing sep='\t'.
  from snakemake.utils import update_config
[33mJob counts:
	count	jobs
	1	nfconfig
	1[0m
[Sat Aug 15 06:21:05 2020]
Finished job 34.
14 of 37 steps (38%) done

[Sat Aug 15 06:21:05 2020]
rule nfcorehic:
    input: trio1.father/Arima/run.config
    output: trio1.father/Arima/nfcorehic.done
    jobid: 22
    wildcards: sample=trio1.father, protocol=Arima


        cd /work2/genphyse/dynagen/jmartin/polledHiC/workflows/nfcorehic/trio1.father/Arima
        module purge
        module load bioinfo/nfcore-Nextflow-v19.04.0
        echo "Sleeping...."
        sleep $[ ($RANDOM % 20) + 1]
        nextflow run nf-core/hic           -revision 1.1.0           -profile genotoul           -resume           -name trio1.father-Arima           -c /work2/genphyse/dynagen/jmartin/polledHiC/workflows/nfcorehic/nfcore-hic.config           -c 'run.config'           --outdir /work2/genphyse/dynagen/jmartin/polledHiC/workflows/nfcorehic/trio1.father/Arima           --work-dir /work2/genphyse/dynagen/jmartin/polledHiC/workflows/nfcorehic/trio1.father/Arima           --reads '/work2/genphyse/dynagen/jmartin/polledHiC/data/reads_nextflow/trio1.father.Arima/*_R{1,2}.fastq.gz'
          touch nfcorehic.done
        
[Sat Aug 15 12:29:40 2020]
Finished job 13.
15 of 37 steps (41%) done

[Sat Aug 15 12:29:40 2020]
rule cleanwork:
    input: trio1.offspring/Dovetail/nfcorehic.done
    output: trio1.offspring/Dovetail/cleanedwork.done
    jobid: 1
    wildcards: sample=trio1.offspring, protocol=Dovetail

rm -fr trio1.offspring/Dovetail/work
Touching output file trio1.offspring/Dovetail/cleanedwork.done.
[Sat Aug 15 12:29:41 2020]
Finished job 1.
16 of 37 steps (43%) done

[Sat Aug 15 12:29:41 2020]
localrule nfconfig:
    output: trio1.father/Maison/run.config
    jobid: 31
    wildcards: sample=trio1.father, protocol=Maison

/tools/python/3.6.3/lib/python3.6/site-packages/snakemake/workflow.py:30: FutureWarning: read_table is deprecated, use read_csv instead, passing sep='\t'.
  from snakemake.utils import update_config
[33mJob counts:
	count	jobs
	1	nfconfig
	1[0m
[Sat Aug 15 12:29:44 2020]
Finished job 31.
17 of 37 steps (46%) done

[Sat Aug 15 12:29:44 2020]
rule nfcorehic:
    input: trio1.father/Maison/run.config
    output: trio1.father/Maison/nfcorehic.done
    jobid: 19
    wildcards: sample=trio1.father, protocol=Maison


        cd /work2/genphyse/dynagen/jmartin/polledHiC/workflows/nfcorehic/trio1.father/Maison
        module purge
        module load bioinfo/nfcore-Nextflow-v19.04.0
        echo "Sleeping...."
        sleep $[ ($RANDOM % 20) + 1]
        nextflow run nf-core/hic           -revision 1.1.0           -profile genotoul           -resume           -name trio1.father-Maison           -c /work2/genphyse/dynagen/jmartin/polledHiC/workflows/nfcorehic/nfcore-hic.config           -c 'run.config'           --outdir /work2/genphyse/dynagen/jmartin/polledHiC/workflows/nfcorehic/trio1.father/Maison           --work-dir /work2/genphyse/dynagen/jmartin/polledHiC/workflows/nfcorehic/trio1.father/Maison           --reads '/work2/genphyse/dynagen/jmartin/polledHiC/data/reads_nextflow/trio1.father.Maison/*_R{1,2}.fastq.gz'
          touch nfcorehic.done
        
[Sat Aug 15 15:52:23 2020]
Finished job 22.
18 of 37 steps (49%) done

[Sat Aug 15 15:52:23 2020]
localrule nfconfig:
    output: trio1.mother/Arima/run.config
    jobid: 33
    wildcards: sample=trio1.mother, protocol=Arima

/tools/python/3.6.3/lib/python3.6/site-packages/snakemake/workflow.py:30: FutureWarning: read_table is deprecated, use read_csv instead, passing sep='\t'.
  from snakemake.utils import update_config
[33mJob counts:
	count	jobs
	1	nfconfig
	1[0m
[Sat Aug 15 15:52:26 2020]
Finished job 33.
19 of 37 steps (51%) done

[Sat Aug 15 15:52:26 2020]
rule nfcorehic:
    input: trio1.mother/Arima/run.config
    output: trio1.mother/Arima/nfcorehic.done
    jobid: 21
    wildcards: sample=trio1.mother, protocol=Arima


        cd /work2/genphyse/dynagen/jmartin/polledHiC/workflows/nfcorehic/trio1.mother/Arima
        module purge
        module load bioinfo/nfcore-Nextflow-v19.04.0
        echo "Sleeping...."
        sleep $[ ($RANDOM % 20) + 1]
        nextflow run nf-core/hic           -revision 1.1.0           -profile genotoul           -resume           -name trio1.mother-Arima           -c /work2/genphyse/dynagen/jmartin/polledHiC/workflows/nfcorehic/nfcore-hic.config           -c 'run.config'           --outdir /work2/genphyse/dynagen/jmartin/polledHiC/workflows/nfcorehic/trio1.mother/Arima           --work-dir /work2/genphyse/dynagen/jmartin/polledHiC/workflows/nfcorehic/trio1.mother/Arima           --reads '/work2/genphyse/dynagen/jmartin/polledHiC/data/reads_nextflow/trio1.mother.Arima/*_R{1,2}.fastq.gz'
          touch nfcorehic.done
        
août 15, 2020 5:31:37 PM org.codehaus.groovy.runtime.DefaultGroovyMethodsSupport tryClose
AVERTISSEMENT: Caught exception during close(): java.io.IOException: Débordement du quota d'espace disque
août 15, 2020 5:31:38 PM org.codehaus.groovy.runtime.DefaultGroovyMethodsSupport tryClose
AVERTISSEMENT: Caught exception during close(): java.io.IOException: Débordement du quota d'espace disque
[Sat Aug 15 17:31:38 2020]
Error in rule nfcorehic:
    jobid: 19
    output: trio1.father/Maison/nfcorehic.done

RuleException:
CalledProcessError in line 67 of /work2/genphyse/dynagen/jmartin/polledHiC/workflows/nfcorehic/Snakefile:
Command ' set -euo pipefail;  
        cd /work2/genphyse/dynagen/jmartin/polledHiC/workflows/nfcorehic/trio1.father/Maison
        module purge
        module load bioinfo/nfcore-Nextflow-v19.04.0
        echo "Sleeping...."
        sleep $[ ($RANDOM % 20) + 1]
        nextflow run nf-core/hic           -revision 1.1.0           -profile genotoul           -resume           -name trio1.father-Maison           -c /work2/genphyse/dynagen/jmartin/polledHiC/workflows/nfcorehic/nfcore-hic.config           -c 'run.config'           --outdir /work2/genphyse/dynagen/jmartin/polledHiC/workflows/nfcorehic/trio1.father/Maison           --work-dir /work2/genphyse/dynagen/jmartin/polledHiC/workflows/nfcorehic/trio1.father/Maison           --reads '/work2/genphyse/dynagen/jmartin/polledHiC/data/reads_nextflow/trio1.father.Maison/*_R{1,2}.fastq.gz'
          touch nfcorehic.done ' returned non-zero exit status 1.
  File "/work2/genphyse/dynagen/jmartin/polledHiC/workflows/nfcorehic/Snakefile", line 67, in __rule_nfcorehic
  File "/tools/python/3.6.3/lib/python3.6/concurrent/futures/thread.py", line 56, in run
slurmstepd: error: *** JOB 18859283 ON node117 CANCELLED AT 2020-08-16T14:32:23 ***
Will exit after finishing currently running jobs.
